<?xml version="1.0" encoding="UTF-8" ?>
<testsuite tests="1" failures="1" name="TestSuite" time="160.776" errors="0" skipped="0">
  <properties>
    <property name="java.runtime.name" value="Java(TM) SE Runtime Environment"/>
    <property name="sun.boot.library.path" value="C:\Program Files\Java\jdk1.8.0_111\jre\bin"/>
    <property name="java.vm.version" value="25.111-b14"/>
    <property name="java.vm.vendor" value="Oracle Corporation"/>
    <property name="maven.multiModuleProjectDirectory" value="C:\Users\tapas.padhi\WellsAssignment\WellsAssignmentProject"/>
    <property name="java.vendor.url" value="http://java.oracle.com/"/>
    <property name="path.separator" value=";"/>
    <property name="guice.disable.misplaced.annotation.check" value="true"/>
    <property name="java.vm.name" value="Java HotSpot(TM) 64-Bit Server VM"/>
    <property name="file.encoding.pkg" value="sun.io"/>
    <property name="user.script" value=""/>
    <property name="user.country" value="US"/>
    <property name="sun.java.launcher" value="SUN_STANDARD"/>
    <property name="sun.os.patch.level" value=""/>
    <property name="java.vm.specification.name" value="Java Virtual Machine Specification"/>
    <property name="user.dir" value="C:\Users\tapas.padhi\WellsAssignment\WellsAssignmentProject"/>
    <property name="java.runtime.version" value="1.8.0_111-b14"/>
    <property name="java.awt.graphicsenv" value="sun.awt.Win32GraphicsEnvironment"/>
    <property name="java.endorsed.dirs" value="C:\Program Files\Java\jdk1.8.0_111\jre\lib\endorsed"/>
    <property name="os.arch" value="amd64"/>
    <property name="java.io.tmpdir" value="C:\Users\TAPAS~1.PAD\AppData\Local\Temp\"/>
    <property name="line.separator" value="
"/>
    <property name="java.vm.specification.vendor" value="Oracle Corporation"/>
    <property name="user.variant" value=""/>
    <property name="os.name" value="Windows 8.1"/>
    <property name="classworlds.conf" value="C:\Users\tapas.padhi\gmworkspace\.metadata\.plugins\org.eclipse.m2e.launching\launches\m2conf8275186933005560505.tmp"/>
    <property name="sun.jnu.encoding" value="Cp1252"/>
    <property name="java.library.path" value="C:\Program Files\Java\jdk1.8.0_111\bin;C:\Windows\Sun\Java\bin;C:\Windows\system32;C:\Windows;C:/Program Files/Java/jre1.8.0_111/bin/server;C:/Program Files/Java/jre1.8.0_111/bin;C:/Program Files/Java/jre1.8.0_111/lib/amd64;C:\ProgramData\Oracle\Java\javapath;C:\Windows\system32;C:\Windows;C:\Windows\System32\Wbem;C:\Windows\System32\WindowsPowerShell\v1.0\;C:\Program Files\Intel\WiFi\bin\;C:\Program Files\Common Files\Intel\WirelessCommon\;C:\Program Files\Git\cmd;C:\Program Files\TortoiseGit\bin;C:\Program Files\Java\jdk1.8.0_111\bin;C:\Program Files (x86)\Skype\Phone\;C:\Program Files\Perforce\DVCS\;C:\Program Files (x86)\Kaspersky Lab\Kaspersky Endpoint Security 10 for Windows SP2\;C:\Software\eclipse-jee-neon-2-win32-x86_64\eclipse;;."/>
    <property name="java.specification.name" value="Java Platform API Specification"/>
    <property name="java.class.version" value="52.0"/>
    <property name="sun.management.compiler" value="HotSpot 64-Bit Tiered Compilers"/>
    <property name="os.version" value="6.3"/>
    <property name="user.home" value="C:\Users\tapas.padhi"/>
    <property name="user.timezone" value="Asia/Calcutta"/>
    <property name="java.awt.printerjob" value="sun.awt.windows.WPrinterJob"/>
    <property name="java.specification.version" value="1.8"/>
    <property name="file.encoding" value="Cp1252"/>
    <property name="user.name" value="tapas.padhi"/>
    <property name="java.class.path" value="/C:/Software/eclipse-jee-neon-2-win32-x86_64/eclipse/plugins/org.eclipse.m2e.maven.runtime_1.7.0.20160603-1931/jars/plexus-classworlds-2.5.2.jar"/>
    <property name="java.vm.specification.version" value="1.8"/>
    <property name="sun.arch.data.model" value="64"/>
    <property name="java.home" value="C:\Program Files\Java\jdk1.8.0_111\jre"/>
    <property name="sun.java.command" value="org.codehaus.plexus.classworlds.launcher.Launcher -B clean install"/>
    <property name="java.specification.vendor" value="Oracle Corporation"/>
    <property name="user.language" value="en"/>
    <property name="awt.toolkit" value="sun.awt.windows.WToolkit"/>
    <property name="java.vm.info" value="mixed mode"/>
    <property name="java.version" value="1.8.0_111"/>
    <property name="java.ext.dirs" value="C:\Program Files\Java\jdk1.8.0_111\jre\lib\ext;C:\Windows\Sun\Java\lib\ext"/>
    <property name="sun.boot.class.path" value="C:\Program Files\Java\jdk1.8.0_111\jre\lib\resources.jar;C:\Program Files\Java\jdk1.8.0_111\jre\lib\rt.jar;C:\Program Files\Java\jdk1.8.0_111\jre\lib\sunrsasign.jar;C:\Program Files\Java\jdk1.8.0_111\jre\lib\jsse.jar;C:\Program Files\Java\jdk1.8.0_111\jre\lib\jce.jar;C:\Program Files\Java\jdk1.8.0_111\jre\lib\charsets.jar;C:\Program Files\Java\jdk1.8.0_111\jre\lib\jfr.jar;C:\Program Files\Java\jdk1.8.0_111\jre\classes"/>
    <property name="java.vendor" value="Oracle Corporation"/>
    <property name="maven.home" value="C:\Users\tapas.padhi\WellsAssignment\WellsAssignmentProject\EMBEDDED"/>
    <property name="file.separator" value="\"/>
    <property name="java.vendor.url.bug" value="http://bugreport.sun.com/bugreport/"/>
    <property name="sun.cpu.endian" value="little"/>
    <property name="sun.io.unicode.encoding" value="UnicodeLittle"/>
    <property name="sun.desktop" value="windows"/>
    <property name="sun.cpu.isalist" value="amd64"/>
  </properties>
  <testcase classname="com.timesofindia.tests.ToiTest" name="toiPageVerification" time="139.692">
    <failure message="The xpath expression &apos;//div[@class=&apos;top-story&apos;]/ul/li&apos; cannot be evaluated or does notresult in a WebElement (WARNING: The server did not provide any stacktrace information)
Command duration or timeout: 104 milliseconds
For documentation on this error, please visit: http://seleniumhq.org/exceptions/invalid_selector_exception.html
Build info: version: &apos;2.53.0&apos;, revision: &apos;35ae25b1534ae328c771e0856c93e187490ca824&apos;, time: &apos;2016-03-15 10:43:46&apos;
System info: host: &apos;icpl12186&apos;, ip: &apos;10.11.28.37&apos;, os.name: &apos;Windows 8.1&apos;, os.arch: &apos;amd64&apos;, os.version: &apos;6.3&apos;, java.version: &apos;1.8.0_111&apos;
Driver info: com.qmetry.qaf.automation.ui.webdriver.QAFExtendedWebDriver
Capabilities [{browserAttachTimeout=0, enablePersistentHover=true, ie.forceCreateProcessApi=false, pageLoadStrategy=normal, ie.usePerProcessProxy=false, ignoreZoomSetting=false, handlesAlerts=true, version=11, platform=WINDOWS, nativeEvents=true, ie.ensureCleanSession=false, elementScrollBehavior=0, ie.browserCommandLineSwitches=, requireWindowFocus=false, browserName=internet explorer, initialBrowserUrl=http://localhost:5081/, takesScreenshot=true, javascriptEnabled=true, ignoreProtectedModeSettings=false, enableElementCacheCleanup=true, cssSelectorsEnabled=true, unexpectedAlertBehaviour=dismiss}]
Session ID: d7d9f630-7a57-4784-9ab4-28cad2300694
*** Element info: {Using=xpath, value=//div[@class=&apos;top-story&apos;]/ul/li}" type="org.openqa.selenium.InvalidSelectorException">org.openqa.selenium.InvalidSelectorException: The xpath expression &apos;//div[@class=&apos;top-story&apos;]/ul/li&apos; cannot be evaluated or does notresult in a WebElement (WARNING: The server did not provide any stacktrace information)
Command duration or timeout: 104 milliseconds
For documentation on this error, please visit: http://seleniumhq.org/exceptions/invalid_selector_exception.html
Build info: version: &apos;2.53.0&apos;, revision: &apos;35ae25b1534ae328c771e0856c93e187490ca824&apos;, time: &apos;2016-03-15 10:43:46&apos;
System info: host: &apos;icpl12186&apos;, ip: &apos;10.11.28.37&apos;, os.name: &apos;Windows 8.1&apos;, os.arch: &apos;amd64&apos;, os.version: &apos;6.3&apos;, java.version: &apos;1.8.0_111&apos;
Driver info: com.qmetry.qaf.automation.ui.webdriver.QAFExtendedWebDriver
Capabilities [{browserAttachTimeout=0, enablePersistentHover=true, ie.forceCreateProcessApi=false, pageLoadStrategy=normal, ie.usePerProcessProxy=false, ignoreZoomSetting=false, handlesAlerts=true, version=11, platform=WINDOWS, nativeEvents=true, ie.ensureCleanSession=false, elementScrollBehavior=0, ie.browserCommandLineSwitches=, requireWindowFocus=false, browserName=internet explorer, initialBrowserUrl=http://localhost:5081/, takesScreenshot=true, javascriptEnabled=true, ignoreProtectedModeSettings=false, enableElementCacheCleanup=true, cssSelectorsEnabled=true, unexpectedAlertBehaviour=dismiss}]
Session ID: d7d9f630-7a57-4784-9ab4-28cad2300694
*** Element info: {Using=xpath, value=//div[@class=&apos;top-story&apos;]/ul/li}
	at sun.reflect.NativeConstructorAccessorImpl.newInstance0(Native Method)
	at sun.reflect.NativeConstructorAccessorImpl.newInstance(NativeConstructorAccessorImpl.java:62)
	at sun.reflect.DelegatingConstructorAccessorImpl.newInstance(DelegatingConstructorAccessorImpl.java:45)
	at java.lang.reflect.Constructor.newInstance(Constructor.java:423)
	at org.openqa.selenium.remote.ErrorHandler.createThrowable(ErrorHandler.java:206)
	at org.openqa.selenium.remote.ErrorHandler.throwIfResponseFailed(ErrorHandler.java:158)
	at org.openqa.selenium.remote.RemoteWebDriver.execute(RemoteWebDriver.java:678)
	at com.qmetry.qaf.automation.ui.webdriver.QAFExtendedWebDriver.execute(QAFExtendedWebDriver.java:234)
	at org.openqa.selenium.remote.RemoteWebDriver.findElements(RemoteWebDriver.java:388)
	at org.openqa.selenium.remote.RemoteWebDriver.findElementsByXPath(RemoteWebDriver.java:504)
	at org.openqa.selenium.By$ByXPath.findElements(By.java:356)
	at org.openqa.selenium.remote.RemoteWebDriver.findElements(RemoteWebDriver.java:351)
	at com.qmetry.qaf.automation.ui.webdriver.ComponentListHandler.invoke(ComponentListHandler.java:97)
	at com.sun.proxy.$Proxy13.size(Unknown Source)
	at com.timesofindia.defs.DetailsNewsDefs.verifyNewsTitle_aroundBody0(DetailsNewsDefs.java:20)
	at com.timesofindia.defs.DetailsNewsDefs$AjcClosure1.run(DetailsNewsDefs.java:1)
	at org.aspectj.runtime.reflect.JoinPointImpl.proceed(JoinPointImpl.java:149)
	at com.qmetry.qaf.automation.step.JavaStepReporter$MockJavaStep.doExecute(JavaStepReporter.java:138)
	at com.qmetry.qaf.automation.step.BaseTestStep.execute(BaseTestStep.java:149)
	at com.qmetry.qaf.automation.step.JavaStepReporter.javaTestStep(JavaStepReporter.java:88)
	at com.timesofindia.defs.DetailsNewsDefs.verifyNewsTitle(DetailsNewsDefs.java:16)
	at com.timesofindia.tests.ToiTest.toiPageVerification(ToiTest.java:30)
</failure>
    <system-out>[ConfigurationManager] - ISFW build info: {qaf-Type=core, qaf-Revision=10, qaf-Version=2.1, qaf-Build-Time=03-Jan-2017 14:01:00}
[ConfigurationManager] - Resource dir: C:\Users\tapas.padhi\WellsAssignment\WellsAssignmentProject\resources. Found property files to load: 3
[ConfigurationManager] - Resource dir: C:\Users\tapas.padhi\WellsAssignment\WellsAssignmentProject\resources. Found property files to load: 0
[QAFTestBase] - Initializing Driver...browser_str:IExplorerDriver,base_url:http://timesofindia.indiatimes.com/,sel_server:localhost,port:4444
[UiDriverFactory] - Driver: IExplorerDriver
driver init done
[WebDriverCommandLogger] - Executing get parameters: {&quot;url&quot;:&quot;http://timesofindia.indiatimes.com/&quot;}
[WebDriverCommandLogger] - command: get[ param-1: {url=http://timesofindia.indiatimes.com/}] Result: null
[WebDriverCommandLogger] - Executing maximizeWindow parameters: {&quot;windowHandle&quot;:&quot;current&quot;}
[WebDriverCommandLogger] - command: maximizeWindow[ param-1: {windowHandle=current}] Result: null
[WebDriverCommandLogger] - Executing findElements parameters: {&quot;using&quot;:&quot;xpath&quot;,&quot;value&quot;:&quot;//div[@class=&apos;ntfc_content&apos;]&quot;}
[WebDriverCommandLogger] - command: findElements[ param-1: {value=//div[@class=&apos;ntfc_content&apos;], using=xpath}] Result: []
[WebDriverCommandLogger] - Executing findElements parameters: {&quot;using&quot;:&quot;xpath&quot;,&quot;value&quot;:&quot;//div[@class=&apos;ntfc_content&apos;]&quot;}
[WebDriverCommandLogger] - command: findElements[ param-1: {value=//div[@class=&apos;ntfc_content&apos;], using=xpath}] Result: []
[WebDriverCommandLogger] - Executing findElements parameters: {&quot;using&quot;:&quot;xpath&quot;,&quot;value&quot;:&quot;//div[@class=&apos;ntfc_content&apos;]&quot;}
[WebDriverCommandLogger] - command: findElements[ param-1: {value=//div[@class=&apos;ntfc_content&apos;], using=xpath}] Result: []
[WebDriverCommandLogger] - Executing findElements parameters: {&quot;using&quot;:&quot;xpath&quot;,&quot;value&quot;:&quot;//div[@class=&apos;ntfc_content&apos;]&quot;}
[WebDriverCommandLogger] - command: findElements[ param-1: {value=//div[@class=&apos;ntfc_content&apos;], using=xpath}] Result: []
[WebDriverCommandLogger] - Executing findElements parameters: {&quot;using&quot;:&quot;xpath&quot;,&quot;value&quot;:&quot;//div[@class=&apos;ntfc_content&apos;]&quot;}
[WebDriverCommandLogger] - command: findElements[ param-1: {value=//div[@class=&apos;ntfc_content&apos;], using=xpath}] Result: []
[WebDriverCommandLogger] - Executing findElements parameters: {&quot;using&quot;:&quot;xpath&quot;,&quot;value&quot;:&quot;//div[@class=&apos;ntfc_content&apos;]&quot;}
[WebDriverCommandLogger] - command: findElements[ param-1: {value=//div[@class=&apos;ntfc_content&apos;], using=xpath}] Result: []
[WebDriverCommandLogger] - Executing findElements parameters: {&quot;using&quot;:&quot;xpath&quot;,&quot;value&quot;:&quot;//div[@class=&apos;ntfc_content&apos;]&quot;}
[WebDriverCommandLogger] - command: findElements[ param-1: {value=//div[@class=&apos;ntfc_content&apos;], using=xpath}] Result: []
[WebDriverCommandLogger] - Executing findElements parameters: {&quot;using&quot;:&quot;xpath&quot;,&quot;value&quot;:&quot;//div[@class=&apos;ntfc_content&apos;]&quot;}
[WebDriverCommandLogger] - command: findElements[ param-1: {value=//div[@class=&apos;ntfc_content&apos;], using=xpath}] Result: []
[WebDriverCommandLogger] - Executing findElements parameters: {&quot;using&quot;:&quot;xpath&quot;,&quot;value&quot;:&quot;//div[@class=&apos;ntfc_content&apos;]&quot;}
[WebDriverCommandLogger] - command: findElements[ param-1: {value=//div[@class=&apos;ntfc_content&apos;], using=xpath}] Result: []
[WebDriverCommandLogger] - Executing findElements parameters: {&quot;using&quot;:&quot;xpath&quot;,&quot;value&quot;:&quot;//div[@class=&apos;top-story&apos;]/ul/li&quot;}
[WebDriverCommandLogger] - command: findElements[ param-1: {value=//div[@class=&apos;top-story&apos;]/ul/li, using=xpath}] Result: [id: 58527445-92cc-4deb-a255-391ae1755167, id: f74ffb5b-10c7-45f9-8e12-b42025892b64, id: 03b90eb3-2187-4369-878d-73e6907b4759, id: 29f60a48-3a78-4713-9e9b-f274ddfbcad5, id: 42fe31f5-c66d-4746-9181-ce05c4db822e, id: c4a5e965-953c-4d82-a4f9-b552d72616c4, id: 3d57ad3b-292a-4a68-9ee6-04fcd6a6d3af]
TopStory size count is 7
[WebDriverCommandLogger] - Executing findElements parameters: {&quot;using&quot;:&quot;xpath&quot;,&quot;value&quot;:&quot;//div[@class=&apos;top-story&apos;]/ul/li&quot;}
[WebDriverCommandLogger] - command: findElements[ param-1: {value=//div[@class=&apos;top-story&apos;]/ul/li, using=xpath}] Result: [id: 58527445-92cc-4deb-a255-391ae1755167, id: f74ffb5b-10c7-45f9-8e12-b42025892b64, id: 03b90eb3-2187-4369-878d-73e6907b4759, id: 29f60a48-3a78-4713-9e9b-f274ddfbcad5, id: 42fe31f5-c66d-4746-9181-ce05c4db822e, id: c4a5e965-953c-4d82-a4f9-b552d72616c4, id: 3d57ad3b-292a-4a68-9ee6-04fcd6a6d3af]
[WebDriverCommandLogger] - Executing getElementText element: By.xpath: //div[@class=&apos;top-story&apos;]/ul/li parameters: {&quot;id&quot;:&quot;58527445-92cc-4deb-a255-391ae1755167&quot;}
[WebDriverCommandLogger] - command: getElementText[ param-1: By.xpath: //div[@class=&apos;top-story&apos;]/ul/li param-2: {&quot;id&quot;:&quot;58527445-92cc-4deb-a255-391ae1755167&quot;}] Result: getElementText:UK: Labour Party will seek to form minority govt
[WebDriverCommandLogger] - Executing getElementText element: By.xpath: //div[@class=&apos;top-story&apos;]/ul/li parameters: {&quot;id&quot;:&quot;f74ffb5b-10c7-45f9-8e12-b42025892b64&quot;}
[WebDriverCommandLogger] - command: getElementText[ param-1: By.xpath: //div[@class=&apos;top-story&apos;]/ul/li param-2: {&quot;id&quot;:&quot;f74ffb5b-10c7-45f9-8e12-b42025892b64&quot;}] Result: getElementText:Modi meets Xi Jinping on SCO sidelines
[WebDriverCommandLogger] - Executing getElementText element: By.xpath: //div[@class=&apos;top-story&apos;]/ul/li parameters: {&quot;id&quot;:&quot;03b90eb3-2187-4369-878d-73e6907b4759&quot;}
[WebDriverCommandLogger] - command: getElementText[ param-1: By.xpath: //div[@class=&apos;top-story&apos;]/ul/li param-2: {&quot;id&quot;:&quot;03b90eb3-2187-4369-878d-73e6907b4759&quot;}] Result: getElementText:Indian-origin candidates shine in UK polls
[WebDriverCommandLogger] - Executing getElementText element: By.xpath: //div[@class=&apos;top-story&apos;]/ul/li parameters: {&quot;id&quot;:&quot;29f60a48-3a78-4713-9e9b-f274ddfbcad5&quot;}
[WebDriverCommandLogger] - command: getElementText[ param-1: By.xpath: //div[@class=&apos;top-story&apos;]/ul/li param-2: {&quot;id&quot;:&quot;29f60a48-3a78-4713-9e9b-f274ddfbcad5&quot;}] Result: getElementText:ISIS claims it killed two Chinese in Pakistan
[WebDriverCommandLogger] - Executing getElementText element: By.xpath: //div[@class=&apos;top-story&apos;]/ul/li parameters: {&quot;id&quot;:&quot;42fe31f5-c66d-4746-9181-ce05c4db822e&quot;}
[WebDriverCommandLogger] - command: getElementText[ param-1: By.xpath: //div[@class=&apos;top-story&apos;]/ul/li param-2: {&quot;id&quot;:&quot;42fe31f5-c66d-4746-9181-ce05c4db822e&quot;}] Result: getElementText:CAC seeks more time to decide on Kumble&apos;s future
[WebDriverCommandLogger] - Executing getElementText element: By.xpath: //div[@class=&apos;top-story&apos;]/ul/li parameters: {&quot;id&quot;:&quot;c4a5e965-953c-4d82-a4f9-b552d72616c4&quot;}
[WebDriverCommandLogger] - command: getElementText[ param-1: By.xpath: //div[@class=&apos;top-story&apos;]/ul/li param-2: {&quot;id&quot;:&quot;c4a5e965-953c-4d82-a4f9-b552d72616c4&quot;}] Result: getElementText:Kapil Mishra stopped from entering Kejri&apos;s home
[WebDriverCommandLogger] - Executing getElementText element: By.xpath: //div[@class=&apos;top-story&apos;]/ul/li parameters: {&quot;id&quot;:&quot;3d57ad3b-292a-4a68-9ee6-04fcd6a6d3af&quot;}
[WebDriverCommandLogger] - command: getElementText[ param-1: By.xpath: //div[@class=&apos;top-story&apos;]/ul/li param-2: {&quot;id&quot;:&quot;3d57ad3b-292a-4a68-9ee6-04fcd6a6d3af&quot;}] Result: getElementText:Nine iOS 11 features Apple didn’t talk about
[WebDriverCommandLogger] - Executing findElements parameters: {&quot;using&quot;:&quot;xpath&quot;,&quot;value&quot;:&quot;//div[@class=&apos;top-story&apos;]/ul/li&quot;}
[WebDriverCommandLogger] - command: findElements[ param-1: {value=//div[@class=&apos;top-story&apos;]/ul/li, using=xpath}] Result: [id: 58527445-92cc-4deb-a255-391ae1755167, id: f74ffb5b-10c7-45f9-8e12-b42025892b64, id: 03b90eb3-2187-4369-878d-73e6907b4759, id: 29f60a48-3a78-4713-9e9b-f274ddfbcad5, id: 42fe31f5-c66d-4746-9181-ce05c4db822e, id: c4a5e965-953c-4d82-a4f9-b552d72616c4, id: 3d57ad3b-292a-4a68-9ee6-04fcd6a6d3af]
[WebDriverCommandLogger] - Executing findElements parameters: {&quot;using&quot;:&quot;xpath&quot;,&quot;value&quot;:&quot;//div[@class=&apos;top-story&apos;]/ul/li&quot;}
[WebDriverCommandLogger] - command: findElements[ param-1: {value=//div[@class=&apos;top-story&apos;]/ul/li, using=xpath}] Result: [id: 58527445-92cc-4deb-a255-391ae1755167, id: f74ffb5b-10c7-45f9-8e12-b42025892b64, id: 03b90eb3-2187-4369-878d-73e6907b4759, id: 29f60a48-3a78-4713-9e9b-f274ddfbcad5, id: 42fe31f5-c66d-4746-9181-ce05c4db822e, id: c4a5e965-953c-4d82-a4f9-b552d72616c4, id: 3d57ad3b-292a-4a68-9ee6-04fcd6a6d3af]
[WebDriverCommandLogger] - Executing clickElement element: By.xpath: //div[@class=&apos;top-story&apos;]/ul/li parameters: {&quot;id&quot;:&quot;58527445-92cc-4deb-a255-391ae1755167&quot;}
[WebDriverCommandLogger] - command: clickElement[ param-1: By.xpath: //div[@class=&apos;top-story&apos;]/ul/li param-2: {&quot;id&quot;:&quot;58527445-92cc-4deb-a255-391ae1755167&quot;}] Result: clickElement:null
[WebDriverCommandLogger] - Executing getTitle parameters: {}
[WebDriverCommandLogger] - command: getTitle[ param-1: {}] Result: Live: UK Election Results: British PM May loses overall majority in British parliament
[WebDriverCommandLogger] - Executing goBack parameters: {}
[WebDriverCommandLogger] - command: goBack[ param-1: {}] Result: null
[WebDriverCommandLogger] - Executing findElements parameters: {&quot;using&quot;:&quot;xpath&quot;,&quot;value&quot;:&quot;//div[@class=&apos;logo&apos;]&quot;}
[WebDriverCommandLogger] - command: findElements[ param-1: {value=//div[@class=&apos;logo&apos;], using=xpath}] Result: [id: 16b2e044-1478-4446-9dfc-446679503080]
[WebDriverCommandLogger] - Executing screenshot parameters: {}
[QAFTestBase] - Capturing screen shottoiPageVerification_uqqjne4p276n45459.png
[WebDriverCommandLogger] - Executing findElements parameters: {&quot;using&quot;:&quot;xpath&quot;,&quot;value&quot;:&quot;//div[@class=&apos;top-story&apos;]/ul/li&quot;}
[WebDriverCommandLogger] - command: findElements[ param-1: {value=//div[@class=&apos;top-story&apos;]/ul/li, using=xpath}] Result: [id: 351a47cf-4a43-4f24-943b-c88e4d697714, id: 1e9ddab0-9e0c-4a6b-81ca-6b624fea04cf, id: 70cd31d0-2003-4289-b705-cb0c1085d466, id: 6adb60c8-812c-4642-b859-4c9750aa2189, id: 944555e9-ceeb-4c31-aaec-04b627be5757, id: b4168230-0722-449a-9f92-276f567ffec3, id: 2c94e07d-14f3-4d15-965b-f24b4459dc44]
[WebDriverCommandLogger] - Executing findElements parameters: {&quot;using&quot;:&quot;xpath&quot;,&quot;value&quot;:&quot;//div[@class=&apos;top-story&apos;]/ul/li&quot;}
[WebDriverCommandLogger] - command: findElements[ param-1: {value=//div[@class=&apos;top-story&apos;]/ul/li, using=xpath}] Result: [id: 351a47cf-4a43-4f24-943b-c88e4d697714, id: 1e9ddab0-9e0c-4a6b-81ca-6b624fea04cf, id: 70cd31d0-2003-4289-b705-cb0c1085d466, id: 6adb60c8-812c-4642-b859-4c9750aa2189, id: 944555e9-ceeb-4c31-aaec-04b627be5757, id: b4168230-0722-449a-9f92-276f567ffec3, id: 2c94e07d-14f3-4d15-965b-f24b4459dc44]
[WebDriverCommandLogger] - Executing clickElement element: By.xpath: //div[@class=&apos;top-story&apos;]/ul/li parameters: {&quot;id&quot;:&quot;1e9ddab0-9e0c-4a6b-81ca-6b624fea04cf&quot;}
[WebDriverCommandLogger] - command: clickElement[ param-1: By.xpath: //div[@class=&apos;top-story&apos;]/ul/li param-2: {&quot;id&quot;:&quot;1e9ddab0-9e0c-4a6b-81ca-6b624fea04cf&quot;}] Result: clickElement:null
[WebDriverCommandLogger] - Executing getTitle parameters: {}
[WebDriverCommandLogger] - command: getTitle[ param-1: {}] Result: Narendra Modi: PM Modi meets Chinese President Xi Jinping on SCO sidelines | India News - Times of India
[WebDriverCommandLogger] - Executing goBack parameters: {}
[WebDriverCommandLogger] - command: goBack[ param-1: {}] Result: null
[WebDriverCommandLogger] - Executing findElements parameters: {&quot;using&quot;:&quot;xpath&quot;,&quot;value&quot;:&quot;//div[@class=&apos;logo&apos;]&quot;}
[WebDriverCommandLogger] - command: findElements[ param-1: {value=//div[@class=&apos;logo&apos;], using=xpath}] Result: [id: c9230c6a-5d5a-4170-b81c-26c6e4dc0289]
[WebDriverCommandLogger] - Executing screenshot parameters: {}
[QAFTestBase] - Capturing screen shottoiPageVerification_1ac5o78xvo2qp45460.png
[WebDriverCommandLogger] - Executing findElements parameters: {&quot;using&quot;:&quot;xpath&quot;,&quot;value&quot;:&quot;//div[@class=&apos;top-story&apos;]/ul/li&quot;}
[WebDriverCommandLogger] - command: findElements[ param-1: {value=//div[@class=&apos;top-story&apos;]/ul/li, using=xpath}] Result: [id: 6a6aadb8-aa5f-4107-8f2d-8d7d0d15a2d4, id: e5c14f52-41af-4517-9e0c-233fa9f73a5b, id: 27f12d66-0d3c-4611-8179-6d693bd829cd, id: 5bbe2632-96ef-4c0f-92bc-b9963b40042a, id: 2189a8de-9af2-4324-bbe1-eecbf9625b4b, id: c8373b88-d502-42d9-8c33-e73f6e41d06f, id: 83ac48f3-0e5c-4c9b-8bc1-c5edea658c53]
[WebDriverCommandLogger] - Executing findElements parameters: {&quot;using&quot;:&quot;xpath&quot;,&quot;value&quot;:&quot;//div[@class=&apos;top-story&apos;]/ul/li&quot;}
[WebDriverCommandLogger] - command: findElements[ param-1: {value=//div[@class=&apos;top-story&apos;]/ul/li, using=xpath}] Result: [id: 6a6aadb8-aa5f-4107-8f2d-8d7d0d15a2d4, id: e5c14f52-41af-4517-9e0c-233fa9f73a5b, id: 27f12d66-0d3c-4611-8179-6d693bd829cd, id: 5bbe2632-96ef-4c0f-92bc-b9963b40042a, id: 2189a8de-9af2-4324-bbe1-eecbf9625b4b, id: c8373b88-d502-42d9-8c33-e73f6e41d06f, id: 83ac48f3-0e5c-4c9b-8bc1-c5edea658c53]
[WebDriverCommandLogger] - Executing clickElement element: By.xpath: //div[@class=&apos;top-story&apos;]/ul/li parameters: {&quot;id&quot;:&quot;27f12d66-0d3c-4611-8179-6d693bd829cd&quot;}
[WebDriverCommandLogger] - command: clickElement[ param-1: By.xpath: //div[@class=&apos;top-story&apos;]/ul/li param-2: {&quot;id&quot;:&quot;27f12d66-0d3c-4611-8179-6d693bd829cd&quot;}] Result: clickElement:null
[WebDriverCommandLogger] - Executing getTitle parameters: {}
[WebDriverCommandLogger] - command: getTitle[ param-1: {}] Result: Preet Gill: UK gets its first female Sikh MP in general election - Times of India
[WebDriverCommandLogger] - Executing goBack parameters: {}
[WebDriverCommandLogger] - command: goBack[ param-1: {}] Result: null
[WebDriverCommandLogger] - Executing findElements parameters: {&quot;using&quot;:&quot;xpath&quot;,&quot;value&quot;:&quot;//div[@class=&apos;logo&apos;]&quot;}
[WebDriverCommandLogger] - command: findElements[ param-1: {value=//div[@class=&apos;logo&apos;], using=xpath}] Result: [id: acc15c70-4d40-4687-9373-9f25629f3165]
[WebDriverCommandLogger] - Executing screenshot parameters: {}
[QAFTestBase] - Capturing screen shottoiPageVerification_1ac3n2cxxb7qz45461.png
[WebDriverCommandLogger] - Executing findElements parameters: {&quot;using&quot;:&quot;xpath&quot;,&quot;value&quot;:&quot;//div[@class=&apos;top-story&apos;]/ul/li&quot;}
[WebDriverCommandLogger] - command: findElements[ param-1: {value=//div[@class=&apos;top-story&apos;]/ul/li, using=xpath}] Result: [id: a56075c6-7969-4132-ba71-604bc9111a51, id: d18a3f80-7fa0-42fb-8c51-5bc342c6da9d, id: 7d478c56-c047-4857-a10a-5471d7963143, id: 5bad644c-129c-4c86-b060-db1d3554997b, id: 8330c522-4291-49c8-8d4c-3e14e042f2e3, id: 8ed433dc-a6fd-4037-acde-3f12af331b52, id: b4869c0c-16bd-47c4-9961-70df8b7335ff]
[WebDriverCommandLogger] - Executing findElements parameters: {&quot;using&quot;:&quot;xpath&quot;,&quot;value&quot;:&quot;//div[@class=&apos;top-story&apos;]/ul/li&quot;}
[WebDriverCommandLogger] - command: findElements[ param-1: {value=//div[@class=&apos;top-story&apos;]/ul/li, using=xpath}] Result: [id: a56075c6-7969-4132-ba71-604bc9111a51, id: d18a3f80-7fa0-42fb-8c51-5bc342c6da9d, id: 7d478c56-c047-4857-a10a-5471d7963143, id: 5bad644c-129c-4c86-b060-db1d3554997b, id: 8330c522-4291-49c8-8d4c-3e14e042f2e3, id: 8ed433dc-a6fd-4037-acde-3f12af331b52, id: b4869c0c-16bd-47c4-9961-70df8b7335ff]
[WebDriverCommandLogger] - Executing clickElement element: By.xpath: //div[@class=&apos;top-story&apos;]/ul/li parameters: {&quot;id&quot;:&quot;5bad644c-129c-4c86-b060-db1d3554997b&quot;}
[WebDriverCommandLogger] - command: clickElement[ param-1: By.xpath: //div[@class=&apos;top-story&apos;]/ul/li param-2: {&quot;id&quot;:&quot;5bad644c-129c-4c86-b060-db1d3554997b&quot;}] Result: clickElement:null
[WebDriverCommandLogger] - Executing getTitle parameters: {}
[WebDriverCommandLogger] - command: getTitle[ param-1: {}] Result: CPEC: Islamic State claims it killed two Chinese in Pakistan - Times of India
[WebDriverCommandLogger] - Executing goBack parameters: {}
[WebDriverCommandLogger] - command: goBack[ param-1: {}] Result: null
[WebDriverCommandLogger] - Executing findElements parameters: {&quot;using&quot;:&quot;xpath&quot;,&quot;value&quot;:&quot;//div[@class=&apos;logo&apos;]&quot;}
[WebDriverCommandLogger] - command: findElements[ param-1: {value=//div[@class=&apos;logo&apos;], using=xpath}] Result: [id: 5dc49871-de90-4e01-8bbb-f0a078db0b43]
[WebDriverCommandLogger] - Executing screenshot parameters: {}
[QAFTestBase] - Capturing screen shottoiPageVerification_12zz5jeubzzgb45462.png
[WebDriverCommandLogger] - Executing findElements parameters: {&quot;using&quot;:&quot;xpath&quot;,&quot;value&quot;:&quot;//div[@class=&apos;top-story&apos;]/ul/li&quot;}
[WebDriverCommandLogger] - command: findElements[ param-1: {value=//div[@class=&apos;top-story&apos;]/ul/li, using=xpath}] Result: [id: 6768ed84-f8f8-4e87-8e6e-b2bda0cce877, id: a1bc4cb8-c880-4e2e-8621-7eee624786d7, id: 879ce2ce-3872-48a6-9576-b6bbc951b704, id: 786f650e-7466-402c-a08d-d14ef57ccf89, id: 3cccbee8-06da-4bf7-a181-272d33b34cd0, id: bff328cc-f37e-44e7-9a53-7f8656762241, id: fc26932b-79ff-4461-b22c-8406d2f4024c]
[WebDriverCommandLogger] - Executing findElements parameters: {&quot;using&quot;:&quot;xpath&quot;,&quot;value&quot;:&quot;//div[@class=&apos;top-story&apos;]/ul/li&quot;}
[WebDriverCommandLogger] - command: findElements[ param-1: {value=//div[@class=&apos;top-story&apos;]/ul/li, using=xpath}] Result: [id: 6768ed84-f8f8-4e87-8e6e-b2bda0cce877, id: a1bc4cb8-c880-4e2e-8621-7eee624786d7, id: 879ce2ce-3872-48a6-9576-b6bbc951b704, id: 786f650e-7466-402c-a08d-d14ef57ccf89, id: 3cccbee8-06da-4bf7-a181-272d33b34cd0, id: bff328cc-f37e-44e7-9a53-7f8656762241, id: fc26932b-79ff-4461-b22c-8406d2f4024c]
[WebDriverCommandLogger] - Executing clickElement element: By.xpath: //div[@class=&apos;top-story&apos;]/ul/li parameters: {&quot;id&quot;:&quot;3cccbee8-06da-4bf7-a181-272d33b34cd0&quot;}
[WebDriverCommandLogger] - command: clickElement[ param-1: By.xpath: //div[@class=&apos;top-story&apos;]/ul/li param-2: {&quot;id&quot;:&quot;3cccbee8-06da-4bf7-a181-272d33b34cd0&quot;}] Result: clickElement:null
[WebDriverCommandLogger] - Executing getTitle parameters: {}
[WebDriverCommandLogger] - command: getTitle[ param-1: {}] Result: Kumble: CAC seeks more time to decide on Anil Kumble&apos;s future - Times of India
[WebDriverCommandLogger] - Executing goBack parameters: {}
[WebDriverCommandLogger] - command: goBack[ param-1: {}] Result: null
[WebDriverCommandLogger] - Executing findElements parameters: {&quot;using&quot;:&quot;xpath&quot;,&quot;value&quot;:&quot;//div[@class=&apos;logo&apos;]&quot;}
[WebDriverCommandLogger] - command: findElements[ param-1: {value=//div[@class=&apos;logo&apos;], using=xpath}] Result: [id: fd71fba3-45a5-4865-bb9e-15374b09c12e]
[WebDriverCommandLogger] - Executing screenshot parameters: {}
[QAFTestBase] - Capturing screen shottoiPageVerification_1aorgzeh79edd45463.png
[WebDriverCommandLogger] - Executing findElements parameters: {&quot;using&quot;:&quot;xpath&quot;,&quot;value&quot;:&quot;//div[@class=&apos;top-story&apos;]/ul/li&quot;}
[WebDriverCommandLogger] - command: findElements[ param-1: {value=//div[@class=&apos;top-story&apos;]/ul/li, using=xpath}] Result: [id: cf5f8948-c56e-4bb3-838f-858f58046220, id: d8c59dc1-a6dc-4399-be4a-8d2932063f5e, id: 052a1159-d1b5-4436-bd8a-5ac3c53c96bf, id: 21cc5e4d-c5a8-40c4-b00a-b6625b4275f4, id: d400fbba-179d-49f5-8671-a441032bb9e5, id: b7160858-4ddb-4789-af0d-89df32403924, id: 9cd80d25-6449-428b-bee3-e5df9d154dcb]
[WebDriverCommandLogger] - Executing findElements parameters: {&quot;using&quot;:&quot;xpath&quot;,&quot;value&quot;:&quot;//div[@class=&apos;top-story&apos;]/ul/li&quot;}
[WebDriverCommandLogger] - command: findElements[ param-1: {value=//div[@class=&apos;top-story&apos;]/ul/li, using=xpath}] Result: [id: cf5f8948-c56e-4bb3-838f-858f58046220, id: d8c59dc1-a6dc-4399-be4a-8d2932063f5e, id: 052a1159-d1b5-4436-bd8a-5ac3c53c96bf, id: 21cc5e4d-c5a8-40c4-b00a-b6625b4275f4, id: d400fbba-179d-49f5-8671-a441032bb9e5, id: b7160858-4ddb-4789-af0d-89df32403924, id: 9cd80d25-6449-428b-bee3-e5df9d154dcb]
[WebDriverCommandLogger] - Executing clickElement element: By.xpath: //div[@class=&apos;top-story&apos;]/ul/li parameters: {&quot;id&quot;:&quot;b7160858-4ddb-4789-af0d-89df32403924&quot;}
[WebDriverCommandLogger] - command: clickElement[ param-1: By.xpath: //div[@class=&apos;top-story&apos;]/ul/li param-2: {&quot;id&quot;:&quot;b7160858-4ddb-4789-af0d-89df32403924&quot;}] Result: clickElement:null
[WebDriverCommandLogger] - Executing getTitle parameters: {}
[WebDriverCommandLogger] - command: getTitle[ param-1: {}] Result: Kapil Mishra: Kapil Mishra stopped from entering Arvind Kejriwal&apos;s residence | India News - Times of India
[WebDriverCommandLogger] - Executing goBack parameters: {}
[WebDriverCommandLogger] - command: goBack[ param-1: {}] Result: null
[WebDriverCommandLogger] - Executing findElements parameters: {&quot;using&quot;:&quot;xpath&quot;,&quot;value&quot;:&quot;//div[@class=&apos;logo&apos;]&quot;}
[WebDriverCommandLogger] - command: findElements[ param-1: {value=//div[@class=&apos;logo&apos;], using=xpath}] Result: [id: b13ac5e1-aa7d-4014-b194-0efcc427d422]
[WebDriverCommandLogger] - Executing screenshot parameters: {}
[QAFTestBase] - Capturing screen shottoiPageVerification_trik15delhrn45464.png
[WebDriverCommandLogger] - Executing findElements parameters: {&quot;using&quot;:&quot;xpath&quot;,&quot;value&quot;:&quot;//div[@class=&apos;top-story&apos;]/ul/li&quot;}
[WebDriverCommandLogger] - command: findElements[ param-1: {value=//div[@class=&apos;top-story&apos;]/ul/li, using=xpath}] Result: The xpath expression &apos;//div[@class=&apos;top-story&apos;]/ul/li&apos; cannot be evaluated or does notresult in a WebElement (WARNING: The server did not provide any stacktrace information)
Command duration or timeout: 104 milliseconds
For documentation on this error, please visit: http://seleniumhq.org/exceptions/invalid_selector_exception.html
Build info: version: &apos;2.53.0&apos;, revision: &apos;35ae25b1534ae328c771e0856c93e187490ca824&apos;, time: &apos;2016-03-15 10:43:46&apos;
System info: host: &apos;icpl12186&apos;, ip: &apos;10.11.28.37&apos;, os.name: &apos;Windows 8.1&apos;, os.arch: &apos;amd64&apos;, os.version: &apos;6.3&apos;, java.version: &apos;1.8.0_111&apos;
Driver info: com.qmetry.qaf.automation.ui.webdriver.QAFExtendedWebDriver
Capabilities [{browserAttachTimeout=0, enablePersistentHover=true, ie.forceCreateProcessApi=false, pageLoadStrategy=normal, ie.usePerProcessProxy=false, ignoreZoomSetting=false, handlesAlerts=true, version=11, platform=WINDOWS, nativeEvents=true, ie.ensureCleanSession=false, elementScrollBehavior=0, ie.browserCommandLineSwitches=, requireWindowFocus=false, browserName=internet explorer, initialBrowserUrl=http://localhost:5081/, takesScreenshot=true, javascriptEnabled=true, ignoreProtectedModeSettings=false, enableElementCacheCleanup=true, cssSelectorsEnabled=true, unexpectedAlertBehaviour=dismiss}]
Session ID: d7d9f630-7a57-4784-9ab4-28cad2300694
*** Element info: {Using=xpath, value=//div[@class=&apos;top-story&apos;]/ul/li}
[WebDriverCommandLogger] - Executing screenshot parameters: {}
[QAFTestBase] - Capturing screen shottoiPageVerification_1eavwerckydf245465.png
</system-out>
    <system-err>log4j:WARN No such property [follow] in org.apache.log4j.FileAppender.
Started InternetExplorerDriver server (32-bit)
2.47.0.0
Listening on port 5081
</system-err>
  </testcase>
</testsuite>