<?xml version="1.0" encoding="UTF-8"?>
<!-- Generated by org.testng.reporters.JUnitReportReporter -->
<testsuite hostname="icpl12186" name="com.timesofindia.tests.ToiTest" tests="2" failures="0" timestamp="21 Jun 2017 06:19:08 GMT" time="82.856" errors="0">
  <testcase name="toiPageVerification" time="10.570" classname="com.timesofindia.tests.ToiTest"/>
  <testcase name="toiPageVerificationEntertainment" time="72.286" classname="com.timesofindia.tests.ToiTest"/>
</testsuite> <!-- com.timesofindia.tests.ToiTest -->
