<?xml version="1.0" encoding="UTF-8" ?>
<testsuite tests="1" failures="1" name="TestSuite" time="75.372" errors="0" skipped="0">
  <properties>
    <property name="java.runtime.name" value="Java(TM) SE Runtime Environment"/>
    <property name="sun.boot.library.path" value="C:\Program Files\Java\jdk1.8.0_111\jre\bin"/>
    <property name="java.vm.version" value="25.111-b14"/>
    <property name="java.vm.vendor" value="Oracle Corporation"/>
    <property name="maven.multiModuleProjectDirectory" value="C:\Users\tapas.padhi\WellsAssignment\WellsAssignmentProject"/>
    <property name="java.vendor.url" value="http://java.oracle.com/"/>
    <property name="path.separator" value=";"/>
    <property name="guice.disable.misplaced.annotation.check" value="true"/>
    <property name="java.vm.name" value="Java HotSpot(TM) 64-Bit Server VM"/>
    <property name="file.encoding.pkg" value="sun.io"/>
    <property name="user.script" value=""/>
    <property name="user.country" value="US"/>
    <property name="sun.java.launcher" value="SUN_STANDARD"/>
    <property name="sun.os.patch.level" value=""/>
    <property name="java.vm.specification.name" value="Java Virtual Machine Specification"/>
    <property name="user.dir" value="C:\Users\tapas.padhi\WellsAssignment\WellsAssignmentProject"/>
    <property name="java.runtime.version" value="1.8.0_111-b14"/>
    <property name="java.awt.graphicsenv" value="sun.awt.Win32GraphicsEnvironment"/>
    <property name="java.endorsed.dirs" value="C:\Program Files\Java\jdk1.8.0_111\jre\lib\endorsed"/>
    <property name="os.arch" value="amd64"/>
    <property name="java.io.tmpdir" value="C:\Users\TAPAS~1.PAD\AppData\Local\Temp\"/>
    <property name="line.separator" value="
"/>
    <property name="java.vm.specification.vendor" value="Oracle Corporation"/>
    <property name="user.variant" value=""/>
    <property name="os.name" value="Windows 8.1"/>
    <property name="classworlds.conf" value="C:\Users\tapas.padhi\gmworkspace\.metadata\.plugins\org.eclipse.m2e.launching\launches\m2conf3185899065950109797.tmp"/>
    <property name="sun.jnu.encoding" value="Cp1252"/>
    <property name="java.library.path" value="C:\Program Files\Java\jdk1.8.0_111\bin;C:\Windows\Sun\Java\bin;C:\Windows\system32;C:\Windows;C:/Program Files/Java/jre1.8.0_111/bin/server;C:/Program Files/Java/jre1.8.0_111/bin;C:/Program Files/Java/jre1.8.0_111/lib/amd64;C:\ProgramData\Oracle\Java\javapath;C:\Windows\system32;C:\Windows;C:\Windows\System32\Wbem;C:\Windows\System32\WindowsPowerShell\v1.0\;C:\Program Files\Intel\WiFi\bin\;C:\Program Files\Common Files\Intel\WirelessCommon\;C:\Program Files\Git\cmd;C:\Program Files\TortoiseGit\bin;C:\Program Files\Java\jdk1.8.0_111\bin;C:\Program Files (x86)\Skype\Phone\;C:\Program Files\Perforce\DVCS\;C:\Program Files (x86)\Kaspersky Lab\Kaspersky Endpoint Security 10 for Windows SP2\;C:\Software\eclipse-jee-neon-2-win32-x86_64\eclipse;;."/>
    <property name="java.specification.name" value="Java Platform API Specification"/>
    <property name="java.class.version" value="52.0"/>
    <property name="sun.management.compiler" value="HotSpot 64-Bit Tiered Compilers"/>
    <property name="os.version" value="6.3"/>
    <property name="user.home" value="C:\Users\tapas.padhi"/>
    <property name="user.timezone" value="Asia/Calcutta"/>
    <property name="java.awt.printerjob" value="sun.awt.windows.WPrinterJob"/>
    <property name="java.specification.version" value="1.8"/>
    <property name="file.encoding" value="Cp1252"/>
    <property name="user.name" value="tapas.padhi"/>
    <property name="java.class.path" value="/C:/Software/eclipse-jee-neon-2-win32-x86_64/eclipse/plugins/org.eclipse.m2e.maven.runtime_1.7.0.20160603-1931/jars/plexus-classworlds-2.5.2.jar"/>
    <property name="java.vm.specification.version" value="1.8"/>
    <property name="sun.arch.data.model" value="64"/>
    <property name="java.home" value="C:\Program Files\Java\jdk1.8.0_111\jre"/>
    <property name="sun.java.command" value="org.codehaus.plexus.classworlds.launcher.Launcher -B clean install"/>
    <property name="java.specification.vendor" value="Oracle Corporation"/>
    <property name="user.language" value="en"/>
    <property name="awt.toolkit" value="sun.awt.windows.WToolkit"/>
    <property name="java.vm.info" value="mixed mode"/>
    <property name="java.version" value="1.8.0_111"/>
    <property name="java.ext.dirs" value="C:\Program Files\Java\jdk1.8.0_111\jre\lib\ext;C:\Windows\Sun\Java\lib\ext"/>
    <property name="sun.boot.class.path" value="C:\Program Files\Java\jdk1.8.0_111\jre\lib\resources.jar;C:\Program Files\Java\jdk1.8.0_111\jre\lib\rt.jar;C:\Program Files\Java\jdk1.8.0_111\jre\lib\sunrsasign.jar;C:\Program Files\Java\jdk1.8.0_111\jre\lib\jsse.jar;C:\Program Files\Java\jdk1.8.0_111\jre\lib\jce.jar;C:\Program Files\Java\jdk1.8.0_111\jre\lib\charsets.jar;C:\Program Files\Java\jdk1.8.0_111\jre\lib\jfr.jar;C:\Program Files\Java\jdk1.8.0_111\jre\classes"/>
    <property name="java.vendor" value="Oracle Corporation"/>
    <property name="maven.home" value="C:\Users\tapas.padhi\WellsAssignment\WellsAssignmentProject\EMBEDDED"/>
    <property name="file.separator" value="\"/>
    <property name="java.vendor.url.bug" value="http://bugreport.sun.com/bugreport/"/>
    <property name="sun.cpu.endian" value="little"/>
    <property name="sun.io.unicode.encoding" value="UnicodeLittle"/>
    <property name="sun.desktop" value="windows"/>
    <property name="sun.cpu.isalist" value="amd64"/>
  </properties>
  <testcase classname="com.timesofindia.tests.ToiTest" name="toiPageVerification" time="54.676">
    <failure/>
    <system-out>[ConfigurationManager] - ISFW build info: {qaf-Type=core, qaf-Revision=10, qaf-Version=2.1, qaf-Build-Time=03-Jan-2017 14:01:00}
[ConfigurationManager] - C:\Users\tapas.padhi\WellsAssignment\WellsAssignmentProject\resources\mailer.properties not exist!
[ConfigurationManager] - C:\Users\tapas.padhi\WellsAssignment\WellsAssignmentProject\resources\test_data not exist!
[ConfigurationManager] - C:\Users\tapas.padhi\WellsAssignment\WellsAssignmentProject\resources\desktop_web\object_repository not exist!
[ConfigurationManager] - C:\Users\tapas.padhi\WellsAssignment\WellsAssignmentProject\resources\desktop_web\configuration not exist!
[ConfigurationManager] - C:\Users\tapas.padhi\WellsAssignment\WellsAssignmentProject\resources\desktop_web\translations.properties not exist!
[ConfigurationManager] - Resource dir: C:\Users\tapas.padhi\WellsAssignment\WellsAssignmentProject\resources\desktop_web. Found property files to load: 1
[ConfigurationManager] - Resource dir: C:\Users\tapas.padhi\WellsAssignment\WellsAssignmentProject\resources\desktop_web. Found property files to load: 0
[QAFTestBase] - Initializing Driver...browser_str:IExplorerDriver,base_url:http://timesofindia.indiatimes.com/,sel_server:localhost,port:4444
[UiDriverFactory] - Driver: IExplorerDriver
driver init done
[WebDriverCommandLogger] - Executing get parameters: {&quot;url&quot;:&quot;http://timesofindia.indiatimes.com/&quot;}
[WebDriverCommandLogger] - command: get[ param-1: {url=http://timesofindia.indiatimes.com/}] Result: null
[WebDriverCommandLogger] - Executing maximizeWindow parameters: {&quot;windowHandle&quot;:&quot;current&quot;}
[WebDriverCommandLogger] - command: maximizeWindow[ param-1: {windowHandle=current}] Result: null
[WebDriverCommandLogger] - Executing findElements parameters: {&quot;using&quot;:&quot;xpath&quot;,&quot;value&quot;:&quot;//div[@class=&apos;ntfc_content&apos;]&quot;}
[WebDriverCommandLogger] - command: findElements[ param-1: {value=//div[@class=&apos;ntfc_content&apos;], using=xpath}] Result: []
[WebDriverCommandLogger] - Executing findElements parameters: {&quot;using&quot;:&quot;xpath&quot;,&quot;value&quot;:&quot;//div[@class=&apos;ntfc_content&apos;]&quot;}
[WebDriverCommandLogger] - command: findElements[ param-1: {value=//div[@class=&apos;ntfc_content&apos;], using=xpath}] Result: []
[WebDriverCommandLogger] - Executing findElements parameters: {&quot;using&quot;:&quot;xpath&quot;,&quot;value&quot;:&quot;//div[@class=&apos;ntfc_content&apos;]&quot;}
[WebDriverCommandLogger] - command: findElements[ param-1: {value=//div[@class=&apos;ntfc_content&apos;], using=xpath}] Result: []
[WebDriverCommandLogger] - Executing findElements parameters: {&quot;using&quot;:&quot;xpath&quot;,&quot;value&quot;:&quot;//div[@class=&apos;ntfc_content&apos;]&quot;}
[WebDriverCommandLogger] - command: findElements[ param-1: {value=//div[@class=&apos;ntfc_content&apos;], using=xpath}] Result: []
[WebDriverCommandLogger] - Executing findElements parameters: {&quot;using&quot;:&quot;xpath&quot;,&quot;value&quot;:&quot;//div[@class=&apos;ntfc_content&apos;]&quot;}
[WebDriverCommandLogger] - command: findElements[ param-1: {value=//div[@class=&apos;ntfc_content&apos;], using=xpath}] Result: []
[WebDriverCommandLogger] - Executing findElements parameters: {&quot;using&quot;:&quot;xpath&quot;,&quot;value&quot;:&quot;//div[@class=&apos;ntfc_content&apos;]&quot;}
[WebDriverCommandLogger] - command: findElements[ param-1: {value=//div[@class=&apos;ntfc_content&apos;], using=xpath}] Result: []
[WebDriverCommandLogger] - Executing findElements parameters: {&quot;using&quot;:&quot;xpath&quot;,&quot;value&quot;:&quot;//div[@class=&apos;ntfc_content&apos;]&quot;}
[WebDriverCommandLogger] - command: findElements[ param-1: {value=//div[@class=&apos;ntfc_content&apos;], using=xpath}] Result: []
[WebDriverCommandLogger] - Executing findElements parameters: {&quot;using&quot;:&quot;xpath&quot;,&quot;value&quot;:&quot;//div[@class=&apos;ntfc_content&apos;]&quot;}
[WebDriverCommandLogger] - command: findElements[ param-1: {value=//div[@class=&apos;ntfc_content&apos;], using=xpath}] Result: []
[WebDriverCommandLogger] - Executing findElements parameters: {&quot;using&quot;:&quot;xpath&quot;,&quot;value&quot;:&quot;//div[@class=&apos;top-story&apos;]/ul/li&quot;}
[WebDriverCommandLogger] - command: findElements[ param-1: {value=//div[@class=&apos;top-story&apos;]/ul/li, using=xpath}] Result: [id: e0807361-aa1c-419f-836b-f2f8603698ce, id: 57726218-5cb3-400a-885a-a388f6ad46f6, id: 49b8a2ea-9205-47a0-a03f-a9a20a2f667e, id: f011e299-2c03-4872-ba4a-d6983f7fef10, id: d5caceb2-15ca-4abe-9efd-feb8b21f1095, id: b34f6181-a0c0-4222-9f3b-5f50abd18f00, id: 9c8d0b14-499b-40d7-a43f-be54d2f99858]
TopStory size count is 7
[WebDriverCommandLogger] - Executing findElements parameters: {&quot;using&quot;:&quot;xpath&quot;,&quot;value&quot;:&quot;//div[@class=&apos;top-story&apos;]/ul/li&quot;}
[WebDriverCommandLogger] - command: findElements[ param-1: {value=//div[@class=&apos;top-story&apos;]/ul/li, using=xpath}] Result: [id: e0807361-aa1c-419f-836b-f2f8603698ce, id: 57726218-5cb3-400a-885a-a388f6ad46f6, id: 49b8a2ea-9205-47a0-a03f-a9a20a2f667e, id: f011e299-2c03-4872-ba4a-d6983f7fef10, id: d5caceb2-15ca-4abe-9efd-feb8b21f1095, id: b34f6181-a0c0-4222-9f3b-5f50abd18f00, id: 9c8d0b14-499b-40d7-a43f-be54d2f99858]
[WebDriverCommandLogger] - Executing getElementText element: By.xpath: //div[@class=&apos;top-story&apos;]/ul/li parameters: {&quot;id&quot;:&quot;e0807361-aa1c-419f-836b-f2f8603698ce&quot;}
[WebDriverCommandLogger] - command: getElementText[ param-1: By.xpath: //div[@class=&apos;top-story&apos;]/ul/li param-2: {&quot;id&quot;:&quot;e0807361-aa1c-419f-836b-f2f8603698ce&quot;}] Result: getElementText:Partial stay on law making Aadhaar must for ITR
[WebDriverCommandLogger] - Executing getElementText element: By.xpath: //div[@class=&apos;top-story&apos;]/ul/li parameters: {&quot;id&quot;:&quot;57726218-5cb3-400a-885a-a388f6ad46f6&quot;}
[WebDriverCommandLogger] - command: getElementText[ param-1: By.xpath: //div[@class=&apos;top-story&apos;]/ul/li param-2: {&quot;id&quot;:&quot;57726218-5cb3-400a-885a-a388f6ad46f6&quot;}] Result: getElementText:I will form govt, Brexit talks to go ahead: May
[WebDriverCommandLogger] - Executing getElementText element: By.xpath: //div[@class=&apos;top-story&apos;]/ul/li parameters: {&quot;id&quot;:&quot;49b8a2ea-9205-47a0-a03f-a9a20a2f667e&quot;}
[WebDriverCommandLogger] - command: getElementText[ param-1: By.xpath: //div[@class=&apos;top-story&apos;]/ul/li param-2: {&quot;id&quot;:&quot;49b8a2ea-9205-47a0-a03f-a9a20a2f667e&quot;}] Result: getElementText:UK PM May&apos;s election gamble backfires
[WebDriverCommandLogger] - Executing getElementText element: By.xpath: //div[@class=&apos;top-story&apos;]/ul/li parameters: {&quot;id&quot;:&quot;f011e299-2c03-4872-ba4a-d6983f7fef10&quot;}
[WebDriverCommandLogger] - command: getElementText[ param-1: By.xpath: //div[@class=&apos;top-story&apos;]/ul/li param-2: {&quot;id&quot;:&quot;f011e299-2c03-4872-ba4a-d6983f7fef10&quot;}] Result: getElementText:Indian-origin candidates shine in UK polls
[WebDriverCommandLogger] - Executing getElementText element: By.xpath: //div[@class=&apos;top-story&apos;]/ul/li parameters: {&quot;id&quot;:&quot;d5caceb2-15ca-4abe-9efd-feb8b21f1095&quot;}
[WebDriverCommandLogger] - command: getElementText[ param-1: By.xpath: //div[@class=&apos;top-story&apos;]/ul/li param-2: {&quot;id&quot;:&quot;d5caceb2-15ca-4abe-9efd-feb8b21f1095&quot;}] Result: getElementText:SBI makes home loans above Rs 75 lakh cheaper
[WebDriverCommandLogger] - Executing getElementText element: By.xpath: //div[@class=&apos;top-story&apos;]/ul/li parameters: {&quot;id&quot;:&quot;b34f6181-a0c0-4222-9f3b-5f50abd18f00&quot;}
[WebDriverCommandLogger] - command: getElementText[ param-1: By.xpath: //div[@class=&apos;top-story&apos;]/ul/li param-2: {&quot;id&quot;:&quot;b34f6181-a0c0-4222-9f3b-5f50abd18f00&quot;}] Result: getElementText:J&amp;K: Infiltration bid foiled, 2 terrorists killed in Uri
[WebDriverCommandLogger] - Executing getElementText element: By.xpath: //div[@class=&apos;top-story&apos;]/ul/li parameters: {&quot;id&quot;:&quot;9c8d0b14-499b-40d7-a43f-be54d2f99858&quot;}
[WebDriverCommandLogger] - command: getElementText[ param-1: By.xpath: //div[@class=&apos;top-story&apos;]/ul/li param-2: {&quot;id&quot;:&quot;9c8d0b14-499b-40d7-a43f-be54d2f99858&quot;}] Result: getElementText:Here&apos;s why Elon Musk started Tesla
[WebDriverCommandLogger] - Executing findElements parameters: {&quot;using&quot;:&quot;xpath&quot;,&quot;value&quot;:&quot;//div[@class=&apos;top-story&apos;]/ul/li&quot;}
[WebDriverCommandLogger] - command: findElements[ param-1: {value=//div[@class=&apos;top-story&apos;]/ul/li, using=xpath}] Result: [id: e0807361-aa1c-419f-836b-f2f8603698ce, id: 57726218-5cb3-400a-885a-a388f6ad46f6, id: 49b8a2ea-9205-47a0-a03f-a9a20a2f667e, id: f011e299-2c03-4872-ba4a-d6983f7fef10, id: d5caceb2-15ca-4abe-9efd-feb8b21f1095, id: b34f6181-a0c0-4222-9f3b-5f50abd18f00, id: 9c8d0b14-499b-40d7-a43f-be54d2f99858]
[WebDriverCommandLogger] - Executing findElements parameters: {&quot;using&quot;:&quot;xpath&quot;,&quot;value&quot;:&quot;//div[@class=&apos;top-story&apos;]/ul/li&quot;}
[WebDriverCommandLogger] - command: findElements[ param-1: {value=//div[@class=&apos;top-story&apos;]/ul/li, using=xpath}] Result: [id: e0807361-aa1c-419f-836b-f2f8603698ce, id: 57726218-5cb3-400a-885a-a388f6ad46f6, id: 49b8a2ea-9205-47a0-a03f-a9a20a2f667e, id: f011e299-2c03-4872-ba4a-d6983f7fef10, id: d5caceb2-15ca-4abe-9efd-feb8b21f1095, id: b34f6181-a0c0-4222-9f3b-5f50abd18f00, id: 9c8d0b14-499b-40d7-a43f-be54d2f99858]
[WebDriverCommandLogger] - Executing clickElement element: By.xpath: //div[@class=&apos;top-story&apos;]/ul/li parameters: {&quot;id&quot;:&quot;e0807361-aa1c-419f-836b-f2f8603698ce&quot;}
[WebDriverCommandLogger] - command: clickElement[ param-1: By.xpath: //div[@class=&apos;top-story&apos;]/ul/li param-2: {&quot;id&quot;:&quot;e0807361-aa1c-419f-836b-f2f8603698ce&quot;}] Result: clickElement:null
[WebDriverCommandLogger] - Executing getTitle parameters: {}
[WebDriverCommandLogger] - command: getTitle[ param-1: {}] Result: AADHAAR: SC partially stays law making Aadhaar mandatory for PAN, ITR filing | India News - Times of India
[WebDriverCommandLogger] - Executing goBack parameters: {}
[WebDriverCommandLogger] - command: goBack[ param-1: {}] Result: null
[WebDriverCommandLogger] - Executing findElements parameters: {&quot;using&quot;:&quot;xpath&quot;,&quot;value&quot;:&quot;//h1[text()=&apos;TOP NEWS STORIES&apos;]&quot;}
[WebDriverCommandLogger] - command: findElements[ param-1: {value=//h1[text()=&apos;TOP NEWS STORIES&apos;], using=xpath}] Result: [id: beab8aa7-fb2f-4b0a-bb86-cc3b65ad3239]
[WebDriverCommandLogger] - Executing screenshot parameters: {}
[QAFTestBase] - Capturing screen shottoiPageVerification_1xz4xg3j60zhv63959.png
[WebDriverCommandLogger] - Executing findElements parameters: {&quot;using&quot;:&quot;xpath&quot;,&quot;value&quot;:&quot;//div[@class=&apos;top-story&apos;]/ul/li&quot;}
[WebDriverCommandLogger] - command: findElements[ param-1: {value=//div[@class=&apos;top-story&apos;]/ul/li, using=xpath}] Result: [id: 33e6c738-05ce-432f-86b3-2c75d69b13c0, id: 619fd19c-4081-4be6-982c-16736fd3d09f, id: 14693235-bc8a-48c6-946c-c8ae2adeff64, id: 11e8e213-3f69-423b-911b-7a2ef4026973, id: e7b39b65-3c3e-4469-a8db-1212a4b1c2e0, id: ffb8e88a-ce91-4396-b075-43e5b05d4d5f, id: 14d24518-7ca7-4e43-a2e1-efe8fd8c786f]
[WebDriverCommandLogger] - Executing findElements parameters: {&quot;using&quot;:&quot;xpath&quot;,&quot;value&quot;:&quot;//div[@class=&apos;top-story&apos;]/ul/li&quot;}
[WebDriverCommandLogger] - command: findElements[ param-1: {value=//div[@class=&apos;top-story&apos;]/ul/li, using=xpath}] Result: [id: 33e6c738-05ce-432f-86b3-2c75d69b13c0, id: 619fd19c-4081-4be6-982c-16736fd3d09f, id: 14693235-bc8a-48c6-946c-c8ae2adeff64, id: 11e8e213-3f69-423b-911b-7a2ef4026973, id: e7b39b65-3c3e-4469-a8db-1212a4b1c2e0, id: ffb8e88a-ce91-4396-b075-43e5b05d4d5f, id: 14d24518-7ca7-4e43-a2e1-efe8fd8c786f]
[WebDriverCommandLogger] - Executing clickElement element: By.xpath: //div[@class=&apos;top-story&apos;]/ul/li parameters: {&quot;id&quot;:&quot;619fd19c-4081-4be6-982c-16736fd3d09f&quot;}
[WebDriverCommandLogger] - command: clickElement[ param-1: By.xpath: //div[@class=&apos;top-story&apos;]/ul/li param-2: {&quot;id&quot;:&quot;619fd19c-4081-4be6-982c-16736fd3d09f&quot;}] Result: clickElement:null
[WebDriverCommandLogger] - Executing getTitle parameters: {}
[WebDriverCommandLogger] - command: getTitle[ param-1: {}] Result: News: India News, Latest Bollywood News, Sports News, Business &amp; Political News, National &amp; International News | Times of India
[WebDriverCommandLogger] - Executing goBack parameters: {}
[WebDriverCommandLogger] - command: goBack[ param-1: {}] Result: null
[WebDriverCommandLogger] - Executing findElements parameters: {&quot;using&quot;:&quot;xpath&quot;,&quot;value&quot;:&quot;//h1[text()=&apos;TOP NEWS STORIES&apos;]&quot;}
[WebDriverCommandLogger] - command: findElements[ param-1: {value=//h1[text()=&apos;TOP NEWS STORIES&apos;], using=xpath}] Result: []
[WebDriverCommandLogger] - Executing findElements parameters: {&quot;using&quot;:&quot;xpath&quot;,&quot;value&quot;:&quot;//h1[text()=&apos;TOP NEWS STORIES&apos;]&quot;}
[WebDriverCommandLogger] - command: findElements[ param-1: {value=//h1[text()=&apos;TOP NEWS STORIES&apos;], using=xpath}] Result: []
[WebDriverCommandLogger] - Executing findElements parameters: {&quot;using&quot;:&quot;xpath&quot;,&quot;value&quot;:&quot;//h1[text()=&apos;TOP NEWS STORIES&apos;]&quot;}
[WebDriverCommandLogger] - command: findElements[ param-1: {value=//h1[text()=&apos;TOP NEWS STORIES&apos;], using=xpath}] Result: []
[WebDriverCommandLogger] - Executing findElements parameters: {&quot;using&quot;:&quot;xpath&quot;,&quot;value&quot;:&quot;//h1[text()=&apos;TOP NEWS STORIES&apos;]&quot;}
[WebDriverCommandLogger] - command: findElements[ param-1: {value=//h1[text()=&apos;TOP NEWS STORIES&apos;], using=xpath}] Result: []
[WebDriverCommandLogger] - Executing findElements parameters: {&quot;using&quot;:&quot;xpath&quot;,&quot;value&quot;:&quot;//h1[text()=&apos;TOP NEWS STORIES&apos;]&quot;}
[WebDriverCommandLogger] - command: findElements[ param-1: {value=//h1[text()=&apos;TOP NEWS STORIES&apos;], using=xpath}] Result: []
[WebDriverCommandLogger] - Executing findElements parameters: {&quot;using&quot;:&quot;xpath&quot;,&quot;value&quot;:&quot;//h1[text()=&apos;TOP NEWS STORIES&apos;]&quot;}
[WebDriverCommandLogger] - command: findElements[ param-1: {value=//h1[text()=&apos;TOP NEWS STORIES&apos;], using=xpath}] Result: []
[WebDriverCommandLogger] - Executing findElements parameters: {&quot;using&quot;:&quot;xpath&quot;,&quot;value&quot;:&quot;//h1[text()=&apos;TOP NEWS STORIES&apos;]&quot;}
[WebDriverCommandLogger] - command: findElements[ param-1: {value=//h1[text()=&apos;TOP NEWS STORIES&apos;], using=xpath}] Result: []
[WebDriverCommandLogger] - Executing findElements parameters: {&quot;using&quot;:&quot;xpath&quot;,&quot;value&quot;:&quot;//h1[text()=&apos;TOP NEWS STORIES&apos;]&quot;}
[WebDriverCommandLogger] - command: findElements[ param-1: {value=//h1[text()=&apos;TOP NEWS STORIES&apos;], using=xpath}] Result: []
[WebDriverCommandLogger] - Executing findElements parameters: {&quot;using&quot;:&quot;xpath&quot;,&quot;value&quot;:&quot;//h1[text()=&apos;TOP NEWS STORIES&apos;]&quot;}
[WebDriverCommandLogger] - command: findElements[ param-1: {value=//h1[text()=&apos;TOP NEWS STORIES&apos;], using=xpath}] Result: []
[WebDriverCommandLogger] - Executing screenshot parameters: {}
[QAFTestBase] - Capturing screen shottoiPageVerification_1ud48hjk1zqvf63960.png
[WebDriverCommandLogger] - Executing findElements parameters: {&quot;using&quot;:&quot;xpath&quot;,&quot;value&quot;:&quot;//div[@class=&apos;top-story&apos;]/ul/li&quot;}
[WebDriverCommandLogger] - command: findElements[ param-1: {value=//div[@class=&apos;top-story&apos;]/ul/li, using=xpath}] Result: []
</system-out>
    <system-err>log4j:WARN No such property [follow] in org.apache.log4j.FileAppender.
Started InternetExplorerDriver server (32-bit)
2.47.0.0
Listening on port 6975
</system-err>
  </testcase>
</testsuite>