<?xml version="1.0" encoding="UTF-8"?>
<!-- Generated by org.testng.reporters.JUnitReportReporter -->
<testsuite hostname="icpl12186" name="com.timesofindia.tests.ToiTest" tests="1" failures="0" timestamp="9 Jun 2017 09:19:12 GMT" time="10.748" errors="0">
  <testcase name="toiPageVerification" time="10.748" classname="com.timesofindia.tests.ToiTest"/>
</testsuite> <!-- com.timesofindia.tests.ToiTest -->
