<?xml version="1.0" encoding="UTF-8" ?>
<testsuite tests="1" failures="1" name="TestSuite" time="34.689" errors="0" skipped="0">
  <properties>
    <property name="java.runtime.name" value="Java(TM) SE Runtime Environment"/>
    <property name="sun.boot.library.path" value="C:\Program Files\Java\jdk1.8.0_111\jre\bin"/>
    <property name="java.vm.version" value="25.111-b14"/>
    <property name="java.vm.vendor" value="Oracle Corporation"/>
    <property name="maven.multiModuleProjectDirectory" value="C:\Users\tapas.padhi\WellsAssignment\WellsAssignmentProject"/>
    <property name="java.vendor.url" value="http://java.oracle.com/"/>
    <property name="path.separator" value=";"/>
    <property name="guice.disable.misplaced.annotation.check" value="true"/>
    <property name="java.vm.name" value="Java HotSpot(TM) 64-Bit Server VM"/>
    <property name="file.encoding.pkg" value="sun.io"/>
    <property name="user.script" value=""/>
    <property name="user.country" value="US"/>
    <property name="sun.java.launcher" value="SUN_STANDARD"/>
    <property name="sun.os.patch.level" value=""/>
    <property name="java.vm.specification.name" value="Java Virtual Machine Specification"/>
    <property name="user.dir" value="C:\Users\tapas.padhi\WellsAssignment\WellsAssignmentProject"/>
    <property name="java.runtime.version" value="1.8.0_111-b14"/>
    <property name="java.awt.graphicsenv" value="sun.awt.Win32GraphicsEnvironment"/>
    <property name="java.endorsed.dirs" value="C:\Program Files\Java\jdk1.8.0_111\jre\lib\endorsed"/>
    <property name="os.arch" value="amd64"/>
    <property name="java.io.tmpdir" value="C:\Users\TAPAS~1.PAD\AppData\Local\Temp\"/>
    <property name="line.separator" value="
"/>
    <property name="java.vm.specification.vendor" value="Oracle Corporation"/>
    <property name="user.variant" value=""/>
    <property name="os.name" value="Windows 8.1"/>
    <property name="classworlds.conf" value="C:\Users\tapas.padhi\gmworkspace\.metadata\.plugins\org.eclipse.m2e.launching\launches\m2conf6196187408559920399.tmp"/>
    <property name="sun.jnu.encoding" value="Cp1252"/>
    <property name="java.library.path" value="C:\Program Files\Java\jdk1.8.0_111\bin;C:\Windows\Sun\Java\bin;C:\Windows\system32;C:\Windows;C:/Program Files/Java/jre1.8.0_111/bin/server;C:/Program Files/Java/jre1.8.0_111/bin;C:/Program Files/Java/jre1.8.0_111/lib/amd64;C:\ProgramData\Oracle\Java\javapath;C:\Windows\system32;C:\Windows;C:\Windows\System32\Wbem;C:\Windows\System32\WindowsPowerShell\v1.0\;C:\Program Files\Intel\WiFi\bin\;C:\Program Files\Common Files\Intel\WirelessCommon\;C:\Program Files\Git\cmd;C:\Program Files\TortoiseGit\bin;C:\Program Files\Java\jdk1.8.0_111\bin;C:\Program Files (x86)\Skype\Phone\;C:\Program Files\Perforce\DVCS\;C:\Program Files (x86)\Kaspersky Lab\Kaspersky Endpoint Security 10 for Windows SP2\;C:\Software\eclipse-jee-neon-2-win32-x86_64\eclipse;;."/>
    <property name="java.specification.name" value="Java Platform API Specification"/>
    <property name="java.class.version" value="52.0"/>
    <property name="sun.management.compiler" value="HotSpot 64-Bit Tiered Compilers"/>
    <property name="os.version" value="6.3"/>
    <property name="user.home" value="C:\Users\tapas.padhi"/>
    <property name="user.timezone" value="Asia/Calcutta"/>
    <property name="java.awt.printerjob" value="sun.awt.windows.WPrinterJob"/>
    <property name="java.specification.version" value="1.8"/>
    <property name="file.encoding" value="Cp1252"/>
    <property name="user.name" value="tapas.padhi"/>
    <property name="java.class.path" value="/C:/Software/eclipse-jee-neon-2-win32-x86_64/eclipse/plugins/org.eclipse.m2e.maven.runtime_1.7.0.20160603-1931/jars/plexus-classworlds-2.5.2.jar"/>
    <property name="java.vm.specification.version" value="1.8"/>
    <property name="sun.arch.data.model" value="64"/>
    <property name="java.home" value="C:\Program Files\Java\jdk1.8.0_111\jre"/>
    <property name="sun.java.command" value="org.codehaus.plexus.classworlds.launcher.Launcher -B clean install"/>
    <property name="java.specification.vendor" value="Oracle Corporation"/>
    <property name="user.language" value="en"/>
    <property name="awt.toolkit" value="sun.awt.windows.WToolkit"/>
    <property name="java.vm.info" value="mixed mode"/>
    <property name="java.version" value="1.8.0_111"/>
    <property name="java.ext.dirs" value="C:\Program Files\Java\jdk1.8.0_111\jre\lib\ext;C:\Windows\Sun\Java\lib\ext"/>
    <property name="sun.boot.class.path" value="C:\Program Files\Java\jdk1.8.0_111\jre\lib\resources.jar;C:\Program Files\Java\jdk1.8.0_111\jre\lib\rt.jar;C:\Program Files\Java\jdk1.8.0_111\jre\lib\sunrsasign.jar;C:\Program Files\Java\jdk1.8.0_111\jre\lib\jsse.jar;C:\Program Files\Java\jdk1.8.0_111\jre\lib\jce.jar;C:\Program Files\Java\jdk1.8.0_111\jre\lib\charsets.jar;C:\Program Files\Java\jdk1.8.0_111\jre\lib\jfr.jar;C:\Program Files\Java\jdk1.8.0_111\jre\classes"/>
    <property name="java.vendor" value="Oracle Corporation"/>
    <property name="maven.home" value="C:\Users\tapas.padhi\WellsAssignment\WellsAssignmentProject\EMBEDDED"/>
    <property name="file.separator" value="\"/>
    <property name="java.vendor.url.bug" value="http://bugreport.sun.com/bugreport/"/>
    <property name="sun.cpu.endian" value="little"/>
    <property name="sun.io.unicode.encoding" value="UnicodeLittle"/>
    <property name="sun.desktop" value="windows"/>
    <property name="sun.cpu.isalist" value="amd64"/>
  </properties>
  <testcase classname="com.timesofindia.tests.ToiTest" name="toiPageVerificationEntertainment" time="20.171">
    <failure/>
    <system-out>[ConfigurationManager] - ISFW build info: {qaf-Type=core, qaf-Revision=10, qaf-Version=2.1, qaf-Build-Time=03-Jan-2017 14:01:00}
[ConfigurationManager] - C:\Users\tapas.padhi\WellsAssignment\WellsAssignmentProject\resources\mailer.properties not exist!
[ConfigurationManager] - C:\Users\tapas.padhi\WellsAssignment\WellsAssignmentProject\resources\test_data not exist!
[ConfigurationManager] - C:\Users\tapas.padhi\WellsAssignment\WellsAssignmentProject\resources\desktop_web\object_repository not exist!
[ConfigurationManager] - C:\Users\tapas.padhi\WellsAssignment\WellsAssignmentProject\resources\desktop_web\configuration not exist!
[ConfigurationManager] - C:\Users\tapas.padhi\WellsAssignment\WellsAssignmentProject\resources\desktop_web\translations.properties not exist!
[ConfigurationManager] - Resource dir: C:\Users\tapas.padhi\WellsAssignment\WellsAssignmentProject\resources\desktop_web. Found property files to load: 1
[ConfigurationManager] - Resource dir: C:\Users\tapas.padhi\WellsAssignment\WellsAssignmentProject\resources\desktop_web. Found property files to load: 0
[QAFTestBase] - Initializing Driver...browser_str:chromeDriver,base_url:http://timesofindia.indiatimes.com/,sel_server:localhost,port:4444
[UiDriverFactory] - Driver: chromeDriver
driver init done
[WebDriverCommandLogger] - Executing get parameters: {&quot;url&quot;:&quot;http://timesofindia.indiatimes.com/&quot;}
[WebDriverCommandLogger] - command: get[ param-1: {url=http://timesofindia.indiatimes.com/}] Result: null
[WebDriverCommandLogger] - Executing maximizeWindow parameters: {&quot;windowHandle&quot;:&quot;current&quot;}
[WebDriverCommandLogger] - command: maximizeWindow[ param-1: {windowHandle=current}] Result: null
[WebDriverCommandLogger] - Executing findElements parameters: {&quot;using&quot;:&quot;xpath&quot;,&quot;value&quot;:&quot;//div[@class=&apos;ntfc_content&apos;]&quot;}
[WebDriverCommandLogger] - command: findElements[ param-1: {value=//div[@class=&apos;ntfc_content&apos;], using=xpath}] Result: []
[WebDriverCommandLogger] - Executing findElements parameters: {&quot;using&quot;:&quot;xpath&quot;,&quot;value&quot;:&quot;//div[@class=&apos;ntfc_content&apos;]&quot;}
[WebDriverCommandLogger] - command: findElements[ param-1: {value=//div[@class=&apos;ntfc_content&apos;], using=xpath}] Result: []
[WebDriverCommandLogger] - Executing findElements parameters: {&quot;using&quot;:&quot;xpath&quot;,&quot;value&quot;:&quot;//div[@class=&apos;ntfc_content&apos;]&quot;}
[WebDriverCommandLogger] - command: findElements[ param-1: {value=//div[@class=&apos;ntfc_content&apos;], using=xpath}] Result: []
[WebDriverCommandLogger] - Executing findElements parameters: {&quot;using&quot;:&quot;xpath&quot;,&quot;value&quot;:&quot;//div[@class=&apos;ntfc_content&apos;]&quot;}
[WebDriverCommandLogger] - command: findElements[ param-1: {value=//div[@class=&apos;ntfc_content&apos;], using=xpath}] Result: []
[WebDriverCommandLogger] - Executing findElements parameters: {&quot;using&quot;:&quot;xpath&quot;,&quot;value&quot;:&quot;//div[@class=&apos;ntfc_content&apos;]&quot;}
[WebDriverCommandLogger] - command: findElements[ param-1: {value=//div[@class=&apos;ntfc_content&apos;], using=xpath}] Result: []
[WebDriverCommandLogger] - Executing findElements parameters: {&quot;using&quot;:&quot;xpath&quot;,&quot;value&quot;:&quot;//div[@class=&apos;ntfc_content&apos;]&quot;}
[WebDriverCommandLogger] - command: findElements[ param-1: {value=//div[@class=&apos;ntfc_content&apos;], using=xpath}] Result: []
[WebDriverCommandLogger] - Executing findElements parameters: {&quot;using&quot;:&quot;xpath&quot;,&quot;value&quot;:&quot;//div[@class=&apos;ntfc_content&apos;]&quot;}
[WebDriverCommandLogger] - command: findElements[ param-1: {value=//div[@class=&apos;ntfc_content&apos;], using=xpath}] Result: []
[WebDriverCommandLogger] - Executing findElements parameters: {&quot;using&quot;:&quot;xpath&quot;,&quot;value&quot;:&quot;//div[@class=&apos;ntfc_content&apos;]&quot;}
[WebDriverCommandLogger] - command: findElements[ param-1: {value=//div[@class=&apos;ntfc_content&apos;], using=xpath}] Result: [id: 0.6857514750876978-1]
[WebDriverCommandLogger] - Executing findElements parameters: {&quot;using&quot;:&quot;xpath&quot;,&quot;value&quot;:&quot;//div[@class=&apos;ntfc_content&apos;]&quot;}
[WebDriverCommandLogger] - command: findElements[ param-1: {value=//div[@class=&apos;ntfc_content&apos;], using=xpath}] Result: [id: 0.6857514750876978-1]
[WebDriverCommandLogger] - Executing screenshot parameters: {}
[QAFTestBase] - Capturing screen shottoiPageVerificationEntertainment_13ouui6fo0t2n17318.png
[WebDriverCommandLogger] - Executing findElements parameters: {&quot;using&quot;:&quot;xpath&quot;,&quot;value&quot;:&quot;//a[text()=&apos;Enable&apos;]&quot;}
[WebDriverCommandLogger] - command: findElements[ param-1: {value=//a[text()=&apos;Enable&apos;], using=xpath}] Result: [id: 0.6857514750876978-2]
[WebDriverCommandLogger] - Executing screenshot parameters: {}
[QAFTestBase] - Capturing screen shottoiPageVerificationEntertainment_4i68qvtv44xp17319.png
[WebDriverCommandLogger] - Executing findElements parameters: {&quot;using&quot;:&quot;xpath&quot;,&quot;value&quot;:&quot;//a[text()=&apos;Not Now&apos;]&quot;}
[WebDriverCommandLogger] - command: findElements[ param-1: {value=//a[text()=&apos;Not Now&apos;], using=xpath}] Result: [id: 0.6857514750876978-3]
[WebDriverCommandLogger] - Executing findElement parameters: {&quot;using&quot;:&quot;xpath&quot;,&quot;value&quot;:&quot;//a[text()=&apos;Not Now&apos;]&quot;}
[WebDriverCommandLogger] - command: findElement[ param-1: {value=//a[text()=&apos;Not Now&apos;], using=xpath}] Result: id: 0.6857514750876978-3
[WebDriverCommandLogger] - Executing clickElement element: By.xpath: //a[text()=&apos;Not Now&apos;] parameters: {&quot;id&quot;:&quot;0.6857514750876978-3&quot;}
[WebDriverCommandLogger] - command: clickElement[ param-1: By.xpath: //a[text()=&apos;Not Now&apos;] param-2: {&quot;id&quot;:&quot;0.6857514750876978-3&quot;}] Result: clickElement:null
[WebDriverCommandLogger] - Executing findElements parameters: {&quot;using&quot;:&quot;xpath&quot;,&quot;value&quot;:&quot;//h1[text()=&apos;TOP NEWS STORIES&apos;]&quot;}
[WebDriverCommandLogger] - command: findElements[ param-1: {value=//h1[text()=&apos;TOP NEWS STORIES&apos;], using=xpath}] Result: [id: 0.6857514750876978-4]
[WebDriverCommandLogger] - Executing screenshot parameters: {}
[QAFTestBase] - Capturing screen shottoiPageVerificationEntertainment_1ubdkgafcs13u17320.png
[WebDriverCommandLogger] - Executing findElements parameters: {&quot;using&quot;:&quot;xpath&quot;,&quot;value&quot;:&quot;//div[@class=&apos;entrmnt-wdgt-outer&apos;]&quot;}
[WebDriverCommandLogger] - command: findElements[ param-1: {value=//div[@class=&apos;entrmnt-wdgt-outer&apos;], using=xpath}] Result: [id: 0.6857514750876978-5]
[WebDriverCommandLogger] - Executing screenshot parameters: {}
[QAFTestBase] - Capturing screen shottoiPageVerificationEntertainment_a5ecrzds9pxr17321.png
[WebDriverCommandLogger] - Executing findElements parameters: {&quot;using&quot;:&quot;xpath&quot;,&quot;value&quot;:&quot;//div[@class=&apos;entrmnt-wdgt-outer&apos;]//div[@class=&apos;stories&apos;]/ul/li&quot;}
[WebDriverCommandLogger] - command: findElements[ param-1: {value=//div[@class=&apos;entrmnt-wdgt-outer&apos;]//div[@class=&apos;stories&apos;]/ul/li, using=xpath}] Result: [id: 0.6857514750876978-6, id: 0.6857514750876978-7, id: 0.6857514750876978-8, id: 0.6857514750876978-9, id: 0.6857514750876978-10, id: 0.6857514750876978-11, id: 0.6857514750876978-12, id: 0.6857514750876978-13, id: 0.6857514750876978-14, id: 0.6857514750876978-15, id: 0.6857514750876978-16]
[WebDriverCommandLogger] - Executing findElements parameters: {&quot;using&quot;:&quot;xpath&quot;,&quot;value&quot;:&quot;//div[@class=&apos;entrmnt-wdgt-outer&apos;]//div[@class=&apos;stories&apos;]/ul/li&quot;}
[WebDriverCommandLogger] - command: findElements[ param-1: {value=//div[@class=&apos;entrmnt-wdgt-outer&apos;]//div[@class=&apos;stories&apos;]/ul/li, using=xpath}] Result: [id: 0.6857514750876978-6, id: 0.6857514750876978-7, id: 0.6857514750876978-8, id: 0.6857514750876978-9, id: 0.6857514750876978-10, id: 0.6857514750876978-11, id: 0.6857514750876978-12, id: 0.6857514750876978-13, id: 0.6857514750876978-14, id: 0.6857514750876978-15, id: 0.6857514750876978-16]
[WebDriverCommandLogger] - Executing getElementText element: By.xpath: //div[@class=&apos;entrmnt-wdgt-outer&apos;]//div[@class=&apos;stories&apos;]/ul/li parameters: {&quot;id&quot;:&quot;0.6857514750876978-6&quot;}
[WebDriverCommandLogger] - command: getElementText[ param-1: By.xpath: //div[@class=&apos;entrmnt-wdgt-outer&apos;]//div[@class=&apos;stories&apos;]/ul/li param-2: {&quot;id&quot;:&quot;0.6857514750876978-6&quot;}] Result: getElementText:Pic: Love is in the air for Sunny Leone
[WebDriverCommandLogger] - Executing getElementText element: By.xpath: //div[@class=&apos;entrmnt-wdgt-outer&apos;]//div[@class=&apos;stories&apos;]/ul/li parameters: {&quot;id&quot;:&quot;0.6857514750876978-6&quot;}
[WebDriverCommandLogger] - command: getElementText[ param-1: By.xpath: //div[@class=&apos;entrmnt-wdgt-outer&apos;]//div[@class=&apos;stories&apos;]/ul/li param-2: {&quot;id&quot;:&quot;0.6857514750876978-6&quot;}] Result: getElementText:Pic: Love is in the air for Sunny Leone
[WebDriverCommandLogger] - Executing getElementText element: By.xpath: //div[@class=&apos;entrmnt-wdgt-outer&apos;]//div[@class=&apos;stories&apos;]/ul/li parameters: {&quot;id&quot;:&quot;0.6857514750876978-7&quot;}
[WebDriverCommandLogger] - command: getElementText[ param-1: By.xpath: //div[@class=&apos;entrmnt-wdgt-outer&apos;]//div[@class=&apos;stories&apos;]/ul/li param-2: {&quot;id&quot;:&quot;0.6857514750876978-7&quot;}] Result: getElementText:Pic: Milind Soman finds love with air hostess
[WebDriverCommandLogger] - Executing getElementText element: By.xpath: //div[@class=&apos;entrmnt-wdgt-outer&apos;]//div[@class=&apos;stories&apos;]/ul/li parameters: {&quot;id&quot;:&quot;0.6857514750876978-7&quot;}
[WebDriverCommandLogger] - command: getElementText[ param-1: By.xpath: //div[@class=&apos;entrmnt-wdgt-outer&apos;]//div[@class=&apos;stories&apos;]/ul/li param-2: {&quot;id&quot;:&quot;0.6857514750876978-7&quot;}] Result: getElementText:Pic: Milind Soman finds love with air hostess
[WebDriverCommandLogger] - Executing getElementText element: By.xpath: //div[@class=&apos;entrmnt-wdgt-outer&apos;]//div[@class=&apos;stories&apos;]/ul/li parameters: {&quot;id&quot;:&quot;0.6857514750876978-8&quot;}
[WebDriverCommandLogger] - command: getElementText[ param-1: By.xpath: //div[@class=&apos;entrmnt-wdgt-outer&apos;]//div[@class=&apos;stories&apos;]/ul/li param-2: {&quot;id&quot;:&quot;0.6857514750876978-8&quot;}] Result: getElementText:Priyanka becomes world’s most popular actor
[WebDriverCommandLogger] - Executing getElementText element: By.xpath: //div[@class=&apos;entrmnt-wdgt-outer&apos;]//div[@class=&apos;stories&apos;]/ul/li parameters: {&quot;id&quot;:&quot;0.6857514750876978-8&quot;}
[WebDriverCommandLogger] - command: getElementText[ param-1: By.xpath: //div[@class=&apos;entrmnt-wdgt-outer&apos;]//div[@class=&apos;stories&apos;]/ul/li param-2: {&quot;id&quot;:&quot;0.6857514750876978-8&quot;}] Result: getElementText:Priyanka becomes world’s most popular actor
[WebDriverCommandLogger] - Executing getElementText element: By.xpath: //div[@class=&apos;entrmnt-wdgt-outer&apos;]//div[@class=&apos;stories&apos;]/ul/li parameters: {&quot;id&quot;:&quot;0.6857514750876978-9&quot;}
[WebDriverCommandLogger] - command: getElementText[ param-1: By.xpath: //div[@class=&apos;entrmnt-wdgt-outer&apos;]//div[@class=&apos;stories&apos;]/ul/li param-2: {&quot;id&quot;:&quot;0.6857514750876978-9&quot;}] Result: getElementText:Pics: Katrina picks up the guns and swords
[WebDriverCommandLogger] - Executing getElementText element: By.xpath: //div[@class=&apos;entrmnt-wdgt-outer&apos;]//div[@class=&apos;stories&apos;]/ul/li parameters: {&quot;id&quot;:&quot;0.6857514750876978-9&quot;}
[WebDriverCommandLogger] - command: getElementText[ param-1: By.xpath: //div[@class=&apos;entrmnt-wdgt-outer&apos;]//div[@class=&apos;stories&apos;]/ul/li param-2: {&quot;id&quot;:&quot;0.6857514750876978-9&quot;}] Result: getElementText:Pics: Katrina picks up the guns and swords
[WebDriverCommandLogger] - Executing getElementText element: By.xpath: //div[@class=&apos;entrmnt-wdgt-outer&apos;]//div[@class=&apos;stories&apos;]/ul/li parameters: {&quot;id&quot;:&quot;0.6857514750876978-10&quot;}
[WebDriverCommandLogger] - command: getElementText[ param-1: By.xpath: //div[@class=&apos;entrmnt-wdgt-outer&apos;]//div[@class=&apos;stories&apos;]/ul/li param-2: {&quot;id&quot;:&quot;0.6857514750876978-10&quot;}] Result: getElementText:KBC 9: Celebs who should participate
[WebDriverCommandLogger] - Executing getElementText element: By.xpath: //div[@class=&apos;entrmnt-wdgt-outer&apos;]//div[@class=&apos;stories&apos;]/ul/li parameters: {&quot;id&quot;:&quot;0.6857514750876978-10&quot;}
[WebDriverCommandLogger] - command: getElementText[ param-1: By.xpath: //div[@class=&apos;entrmnt-wdgt-outer&apos;]//div[@class=&apos;stories&apos;]/ul/li param-2: {&quot;id&quot;:&quot;0.6857514750876978-10&quot;}] Result: getElementText:KBC 9: Celebs who should participate
[WebDriverCommandLogger] - Executing getElementText element: By.xpath: //div[@class=&apos;entrmnt-wdgt-outer&apos;]//div[@class=&apos;stories&apos;]/ul/li parameters: {&quot;id&quot;:&quot;0.6857514750876978-11&quot;}
[WebDriverCommandLogger] - command: getElementText[ param-1: By.xpath: //div[@class=&apos;entrmnt-wdgt-outer&apos;]//div[@class=&apos;stories&apos;]/ul/li param-2: {&quot;id&quot;:&quot;0.6857514750876978-11&quot;}] Result: getElementText:Rishi: Fighting in films is no heroism
[WebDriverCommandLogger] - Executing getElementText element: By.xpath: //div[@class=&apos;entrmnt-wdgt-outer&apos;]//div[@class=&apos;stories&apos;]/ul/li parameters: {&quot;id&quot;:&quot;0.6857514750876978-11&quot;}
[WebDriverCommandLogger] - command: getElementText[ param-1: By.xpath: //div[@class=&apos;entrmnt-wdgt-outer&apos;]//div[@class=&apos;stories&apos;]/ul/li param-2: {&quot;id&quot;:&quot;0.6857514750876978-11&quot;}] Result: getElementText:Rishi: Fighting in films is no heroism
[WebDriverCommandLogger] - Executing getElementText element: By.xpath: //div[@class=&apos;entrmnt-wdgt-outer&apos;]//div[@class=&apos;stories&apos;]/ul/li parameters: {&quot;id&quot;:&quot;0.6857514750876978-12&quot;}
[WebDriverCommandLogger] - command: getElementText[ param-1: By.xpath: //div[@class=&apos;entrmnt-wdgt-outer&apos;]//div[@class=&apos;stories&apos;]/ul/li param-2: {&quot;id&quot;:&quot;0.6857514750876978-12&quot;}] Result: getElementText:10 Bollywood items that were auctioned
[WebDriverCommandLogger] - Executing getElementText element: By.xpath: //div[@class=&apos;entrmnt-wdgt-outer&apos;]//div[@class=&apos;stories&apos;]/ul/li parameters: {&quot;id&quot;:&quot;0.6857514750876978-12&quot;}
[WebDriverCommandLogger] - command: getElementText[ param-1: By.xpath: //div[@class=&apos;entrmnt-wdgt-outer&apos;]//div[@class=&apos;stories&apos;]/ul/li param-2: {&quot;id&quot;:&quot;0.6857514750876978-12&quot;}] Result: getElementText:10 Bollywood items that were auctioned
[WebDriverCommandLogger] - Executing getElementText element: By.xpath: //div[@class=&apos;entrmnt-wdgt-outer&apos;]//div[@class=&apos;stories&apos;]/ul/li parameters: {&quot;id&quot;:&quot;0.6857514750876978-13&quot;}
[WebDriverCommandLogger] - command: getElementText[ param-1: By.xpath: //div[@class=&apos;entrmnt-wdgt-outer&apos;]//div[@class=&apos;stories&apos;]/ul/li param-2: {&quot;id&quot;:&quot;0.6857514750876978-13&quot;}] Result: getElementText:First look: Ileana is badass in &apos;Baadshaho&apos;
[WebDriverCommandLogger] - Executing getElementText element: By.xpath: //div[@class=&apos;entrmnt-wdgt-outer&apos;]//div[@class=&apos;stories&apos;]/ul/li parameters: {&quot;id&quot;:&quot;0.6857514750876978-13&quot;}
[WebDriverCommandLogger] - command: getElementText[ param-1: By.xpath: //div[@class=&apos;entrmnt-wdgt-outer&apos;]//div[@class=&apos;stories&apos;]/ul/li param-2: {&quot;id&quot;:&quot;0.6857514750876978-13&quot;}] Result: getElementText:First look: Ileana is badass in &apos;Baadshaho&apos;
[WebDriverCommandLogger] - Executing getElementText element: By.xpath: //div[@class=&apos;entrmnt-wdgt-outer&apos;]//div[@class=&apos;stories&apos;]/ul/li parameters: {&quot;id&quot;:&quot;0.6857514750876978-14&quot;}
[WebDriverCommandLogger] - command: getElementText[ param-1: By.xpath: //div[@class=&apos;entrmnt-wdgt-outer&apos;]//div[@class=&apos;stories&apos;]/ul/li param-2: {&quot;id&quot;:&quot;0.6857514750876978-14&quot;}] Result: getElementText:Drug found near Kritika Chaudhary’s body
[WebDriverCommandLogger] - Executing getElementText element: By.xpath: //div[@class=&apos;entrmnt-wdgt-outer&apos;]//div[@class=&apos;stories&apos;]/ul/li parameters: {&quot;id&quot;:&quot;0.6857514750876978-14&quot;}
[WebDriverCommandLogger] - command: getElementText[ param-1: By.xpath: //div[@class=&apos;entrmnt-wdgt-outer&apos;]//div[@class=&apos;stories&apos;]/ul/li param-2: {&quot;id&quot;:&quot;0.6857514750876978-14&quot;}] Result: getElementText:Drug found near Kritika Chaudhary’s body
[WebDriverCommandLogger] - Executing getElementText element: By.xpath: //div[@class=&apos;entrmnt-wdgt-outer&apos;]//div[@class=&apos;stories&apos;]/ul/li parameters: {&quot;id&quot;:&quot;0.6857514750876978-15&quot;}
[WebDriverCommandLogger] - command: getElementText[ param-1: By.xpath: //div[@class=&apos;entrmnt-wdgt-outer&apos;]//div[@class=&apos;stories&apos;]/ul/li param-2: {&quot;id&quot;:&quot;0.6857514750876978-15&quot;}] Result: getElementText:Movie review: Despicable Me 3
[WebDriverCommandLogger] - Executing getElementText element: By.xpath: //div[@class=&apos;entrmnt-wdgt-outer&apos;]//div[@class=&apos;stories&apos;]/ul/li parameters: {&quot;id&quot;:&quot;0.6857514750876978-15&quot;}
[WebDriverCommandLogger] - command: getElementText[ param-1: By.xpath: //div[@class=&apos;entrmnt-wdgt-outer&apos;]//div[@class=&apos;stories&apos;]/ul/li param-2: {&quot;id&quot;:&quot;0.6857514750876978-15&quot;}] Result: getElementText:Movie review: Despicable Me 3
[WebDriverCommandLogger] - Executing getElementText element: By.xpath: //div[@class=&apos;entrmnt-wdgt-outer&apos;]//div[@class=&apos;stories&apos;]/ul/li parameters: {&quot;id&quot;:&quot;0.6857514750876978-16&quot;}
[WebDriverCommandLogger] - command: getElementText[ param-1: By.xpath: //div[@class=&apos;entrmnt-wdgt-outer&apos;]//div[@class=&apos;stories&apos;]/ul/li param-2: {&quot;id&quot;:&quot;0.6857514750876978-16&quot;}] Result: getElementText:&apos;I want to be the most influential woman of India&apos;
[WebDriverCommandLogger] - Executing getElementText element: By.xpath: //div[@class=&apos;entrmnt-wdgt-outer&apos;]//div[@class=&apos;stories&apos;]/ul/li parameters: {&quot;id&quot;:&quot;0.6857514750876978-16&quot;}
[WebDriverCommandLogger] - command: getElementText[ param-1: By.xpath: //div[@class=&apos;entrmnt-wdgt-outer&apos;]//div[@class=&apos;stories&apos;]/ul/li param-2: {&quot;id&quot;:&quot;0.6857514750876978-16&quot;}] Result: getElementText:&apos;I want to be the most influential woman of India&apos;
[WebDriverCommandLogger] - Executing findElements parameters: {&quot;using&quot;:&quot;xpath&quot;,&quot;value&quot;:&quot;//div[@class=&apos;entslides&apos;]/ul/li&quot;}
[WebDriverCommandLogger] - command: findElements[ param-1: {value=//div[@class=&apos;entslides&apos;]/ul/li, using=xpath}] Result: [id: 0.6857514750876978-17, id: 0.6857514750876978-18, id: 0.6857514750876978-19, id: 0.6857514750876978-20, id: 0.6857514750876978-21, id: 0.6857514750876978-22, id: 0.6857514750876978-23, id: 0.6857514750876978-24, id: 0.6857514750876978-25, id: 0.6857514750876978-26, id: 0.6857514750876978-27, id: 0.6857514750876978-28, id: 0.6857514750876978-29, id: 0.6857514750876978-30, id: 0.6857514750876978-31]
[WebDriverCommandLogger] - Executing isElementDisplayed element: By.xpath: //div[@class=&apos;entslides&apos;]/ul/li parameters: {&quot;id&quot;:&quot;0.6857514750876978-17&quot;}
[WebDriverCommandLogger] - command: isElementDisplayed[ param-1: By.xpath: //div[@class=&apos;entslides&apos;]/ul/li param-2: {&quot;id&quot;:&quot;0.6857514750876978-17&quot;}] Result: isElementDisplayed:true
[WebDriverCommandLogger] - Executing isElementDisplayed element: By.xpath: //div[@class=&apos;entslides&apos;]/ul/li parameters: {&quot;id&quot;:&quot;0.6857514750876978-18&quot;}
[WebDriverCommandLogger] - command: isElementDisplayed[ param-1: By.xpath: //div[@class=&apos;entslides&apos;]/ul/li param-2: {&quot;id&quot;:&quot;0.6857514750876978-18&quot;}] Result: isElementDisplayed:true
[WebDriverCommandLogger] - Executing isElementDisplayed element: By.xpath: //div[@class=&apos;entslides&apos;]/ul/li parameters: {&quot;id&quot;:&quot;0.6857514750876978-19&quot;}
[WebDriverCommandLogger] - command: isElementDisplayed[ param-1: By.xpath: //div[@class=&apos;entslides&apos;]/ul/li param-2: {&quot;id&quot;:&quot;0.6857514750876978-19&quot;}] Result: isElementDisplayed:true
[WebDriverCommandLogger] - Executing isElementDisplayed element: By.xpath: //div[@class=&apos;entslides&apos;]/ul/li parameters: {&quot;id&quot;:&quot;0.6857514750876978-20&quot;}
[WebDriverCommandLogger] - command: isElementDisplayed[ param-1: By.xpath: //div[@class=&apos;entslides&apos;]/ul/li param-2: {&quot;id&quot;:&quot;0.6857514750876978-20&quot;}] Result: isElementDisplayed:false
[WebDriverCommandLogger] - Executing isElementDisplayed element: By.xpath: //div[@class=&apos;entslides&apos;]/ul/li parameters: {&quot;id&quot;:&quot;0.6857514750876978-21&quot;}
[WebDriverCommandLogger] - command: isElementDisplayed[ param-1: By.xpath: //div[@class=&apos;entslides&apos;]/ul/li param-2: {&quot;id&quot;:&quot;0.6857514750876978-21&quot;}] Result: isElementDisplayed:false
[WebDriverCommandLogger] - Executing isElementDisplayed element: By.xpath: //div[@class=&apos;entslides&apos;]/ul/li parameters: {&quot;id&quot;:&quot;0.6857514750876978-22&quot;}
[WebDriverCommandLogger] - command: isElementDisplayed[ param-1: By.xpath: //div[@class=&apos;entslides&apos;]/ul/li param-2: {&quot;id&quot;:&quot;0.6857514750876978-22&quot;}] Result: isElementDisplayed:false
[WebDriverCommandLogger] - Executing isElementDisplayed element: By.xpath: //div[@class=&apos;entslides&apos;]/ul/li parameters: {&quot;id&quot;:&quot;0.6857514750876978-23&quot;}
[WebDriverCommandLogger] - command: isElementDisplayed[ param-1: By.xpath: //div[@class=&apos;entslides&apos;]/ul/li param-2: {&quot;id&quot;:&quot;0.6857514750876978-23&quot;}] Result: isElementDisplayed:false
[WebDriverCommandLogger] - Executing isElementDisplayed element: By.xpath: //div[@class=&apos;entslides&apos;]/ul/li parameters: {&quot;id&quot;:&quot;0.6857514750876978-24&quot;}
[WebDriverCommandLogger] - command: isElementDisplayed[ param-1: By.xpath: //div[@class=&apos;entslides&apos;]/ul/li param-2: {&quot;id&quot;:&quot;0.6857514750876978-24&quot;}] Result: isElementDisplayed:false
[WebDriverCommandLogger] - Executing isElementDisplayed element: By.xpath: //div[@class=&apos;entslides&apos;]/ul/li parameters: {&quot;id&quot;:&quot;0.6857514750876978-25&quot;}
[WebDriverCommandLogger] - command: isElementDisplayed[ param-1: By.xpath: //div[@class=&apos;entslides&apos;]/ul/li param-2: {&quot;id&quot;:&quot;0.6857514750876978-25&quot;}] Result: isElementDisplayed:false
[WebDriverCommandLogger] - Executing isElementDisplayed element: By.xpath: //div[@class=&apos;entslides&apos;]/ul/li parameters: {&quot;id&quot;:&quot;0.6857514750876978-26&quot;}
[WebDriverCommandLogger] - command: isElementDisplayed[ param-1: By.xpath: //div[@class=&apos;entslides&apos;]/ul/li param-2: {&quot;id&quot;:&quot;0.6857514750876978-26&quot;}] Result: isElementDisplayed:false
[WebDriverCommandLogger] - Executing isElementDisplayed element: By.xpath: //div[@class=&apos;entslides&apos;]/ul/li parameters: {&quot;id&quot;:&quot;0.6857514750876978-27&quot;}
[WebDriverCommandLogger] - command: isElementDisplayed[ param-1: By.xpath: //div[@class=&apos;entslides&apos;]/ul/li param-2: {&quot;id&quot;:&quot;0.6857514750876978-27&quot;}] Result: isElementDisplayed:false
[WebDriverCommandLogger] - Executing isElementDisplayed element: By.xpath: //div[@class=&apos;entslides&apos;]/ul/li parameters: {&quot;id&quot;:&quot;0.6857514750876978-28&quot;}
[WebDriverCommandLogger] - command: isElementDisplayed[ param-1: By.xpath: //div[@class=&apos;entslides&apos;]/ul/li param-2: {&quot;id&quot;:&quot;0.6857514750876978-28&quot;}] Result: isElementDisplayed:false
[WebDriverCommandLogger] - Executing isElementDisplayed element: By.xpath: //div[@class=&apos;entslides&apos;]/ul/li parameters: {&quot;id&quot;:&quot;0.6857514750876978-29&quot;}
[WebDriverCommandLogger] - command: isElementDisplayed[ param-1: By.xpath: //div[@class=&apos;entslides&apos;]/ul/li param-2: {&quot;id&quot;:&quot;0.6857514750876978-29&quot;}] Result: isElementDisplayed:false
[WebDriverCommandLogger] - Executing isElementDisplayed element: By.xpath: //div[@class=&apos;entslides&apos;]/ul/li parameters: {&quot;id&quot;:&quot;0.6857514750876978-30&quot;}
[WebDriverCommandLogger] - command: isElementDisplayed[ param-1: By.xpath: //div[@class=&apos;entslides&apos;]/ul/li param-2: {&quot;id&quot;:&quot;0.6857514750876978-30&quot;}] Result: isElementDisplayed:false
[WebDriverCommandLogger] - Executing isElementDisplayed element: By.xpath: //div[@class=&apos;entslides&apos;]/ul/li parameters: {&quot;id&quot;:&quot;0.6857514750876978-31&quot;}
[WebDriverCommandLogger] - command: isElementDisplayed[ param-1: By.xpath: //div[@class=&apos;entslides&apos;]/ul/li param-2: {&quot;id&quot;:&quot;0.6857514750876978-31&quot;}] Result: isElementDisplayed:false
Total number of image displayed : 
Expected: &lt;3&gt;
     Actual: was &lt;3&gt;
[WebDriverCommandLogger] - Executing screenshot parameters: {}
[QAFTestBase] - Capturing screen shottoiPageVerificationEntertainment_1b5jisfkw77ek17322.png
[WebDriverCommandLogger] - Executing findElement parameters: {&quot;using&quot;:&quot;xpath&quot;,&quot;value&quot;:&quot;//span[@class=&apos;sprite_bg next&apos;]&quot;}
[WebDriverCommandLogger] - command: findElement[ param-1: {value=//span[@class=&apos;sprite_bg next&apos;], using=xpath}] Result: id: 0.6857514750876978-32
[WebDriverCommandLogger] - Executing clickElement element: By.xpath: //span[@class=&apos;sprite_bg next&apos;] parameters: {&quot;id&quot;:&quot;0.6857514750876978-32&quot;}
[WebDriverCommandLogger] - command: clickElement[ param-1: By.xpath: //span[@class=&apos;sprite_bg next&apos;] param-2: {&quot;id&quot;:&quot;0.6857514750876978-32&quot;}] Result: clickElement:null
[WebDriverCommandLogger] - Executing findElements parameters: {&quot;using&quot;:&quot;xpath&quot;,&quot;value&quot;:&quot;//div[@class=&apos;entslides&apos;]/ul/li&quot;}
[WebDriverCommandLogger] - command: findElements[ param-1: {value=//div[@class=&apos;entslides&apos;]/ul/li, using=xpath}] Result: [id: 0.6857514750876978-17, id: 0.6857514750876978-18, id: 0.6857514750876978-19, id: 0.6857514750876978-20, id: 0.6857514750876978-21, id: 0.6857514750876978-22, id: 0.6857514750876978-23, id: 0.6857514750876978-24, id: 0.6857514750876978-25, id: 0.6857514750876978-26, id: 0.6857514750876978-27, id: 0.6857514750876978-28, id: 0.6857514750876978-29, id: 0.6857514750876978-30, id: 0.6857514750876978-31]
[WebDriverCommandLogger] - Executing isElementDisplayed element: By.xpath: //div[@class=&apos;entslides&apos;]/ul/li parameters: {&quot;id&quot;:&quot;0.6857514750876978-17&quot;}
[WebDriverCommandLogger] - command: isElementDisplayed[ param-1: By.xpath: //div[@class=&apos;entslides&apos;]/ul/li param-2: {&quot;id&quot;:&quot;0.6857514750876978-17&quot;}] Result: isElementDisplayed:false
[WebDriverCommandLogger] - Executing isElementDisplayed element: By.xpath: //div[@class=&apos;entslides&apos;]/ul/li parameters: {&quot;id&quot;:&quot;0.6857514750876978-18&quot;}
[WebDriverCommandLogger] - command: isElementDisplayed[ param-1: By.xpath: //div[@class=&apos;entslides&apos;]/ul/li param-2: {&quot;id&quot;:&quot;0.6857514750876978-18&quot;}] Result: isElementDisplayed:false
[WebDriverCommandLogger] - Executing isElementDisplayed element: By.xpath: //div[@class=&apos;entslides&apos;]/ul/li parameters: {&quot;id&quot;:&quot;0.6857514750876978-19&quot;}
[WebDriverCommandLogger] - command: isElementDisplayed[ param-1: By.xpath: //div[@class=&apos;entslides&apos;]/ul/li param-2: {&quot;id&quot;:&quot;0.6857514750876978-19&quot;}] Result: isElementDisplayed:false
[WebDriverCommandLogger] - Executing isElementDisplayed element: By.xpath: //div[@class=&apos;entslides&apos;]/ul/li parameters: {&quot;id&quot;:&quot;0.6857514750876978-20&quot;}
[WebDriverCommandLogger] - command: isElementDisplayed[ param-1: By.xpath: //div[@class=&apos;entslides&apos;]/ul/li param-2: {&quot;id&quot;:&quot;0.6857514750876978-20&quot;}] Result: isElementDisplayed:true
[WebDriverCommandLogger] - Executing isElementDisplayed element: By.xpath: //div[@class=&apos;entslides&apos;]/ul/li parameters: {&quot;id&quot;:&quot;0.6857514750876978-21&quot;}
[WebDriverCommandLogger] - command: isElementDisplayed[ param-1: By.xpath: //div[@class=&apos;entslides&apos;]/ul/li param-2: {&quot;id&quot;:&quot;0.6857514750876978-21&quot;}] Result: isElementDisplayed:true
[WebDriverCommandLogger] - Executing isElementDisplayed element: By.xpath: //div[@class=&apos;entslides&apos;]/ul/li parameters: {&quot;id&quot;:&quot;0.6857514750876978-22&quot;}
[WebDriverCommandLogger] - command: isElementDisplayed[ param-1: By.xpath: //div[@class=&apos;entslides&apos;]/ul/li param-2: {&quot;id&quot;:&quot;0.6857514750876978-22&quot;}] Result: isElementDisplayed:true
[WebDriverCommandLogger] - Executing isElementDisplayed element: By.xpath: //div[@class=&apos;entslides&apos;]/ul/li parameters: {&quot;id&quot;:&quot;0.6857514750876978-23&quot;}
[WebDriverCommandLogger] - command: isElementDisplayed[ param-1: By.xpath: //div[@class=&apos;entslides&apos;]/ul/li param-2: {&quot;id&quot;:&quot;0.6857514750876978-23&quot;}] Result: isElementDisplayed:false
[WebDriverCommandLogger] - Executing isElementDisplayed element: By.xpath: //div[@class=&apos;entslides&apos;]/ul/li parameters: {&quot;id&quot;:&quot;0.6857514750876978-24&quot;}
[WebDriverCommandLogger] - command: isElementDisplayed[ param-1: By.xpath: //div[@class=&apos;entslides&apos;]/ul/li param-2: {&quot;id&quot;:&quot;0.6857514750876978-24&quot;}] Result: isElementDisplayed:false
[WebDriverCommandLogger] - Executing isElementDisplayed element: By.xpath: //div[@class=&apos;entslides&apos;]/ul/li parameters: {&quot;id&quot;:&quot;0.6857514750876978-25&quot;}
[WebDriverCommandLogger] - command: isElementDisplayed[ param-1: By.xpath: //div[@class=&apos;entslides&apos;]/ul/li param-2: {&quot;id&quot;:&quot;0.6857514750876978-25&quot;}] Result: isElementDisplayed:false
[WebDriverCommandLogger] - Executing isElementDisplayed element: By.xpath: //div[@class=&apos;entslides&apos;]/ul/li parameters: {&quot;id&quot;:&quot;0.6857514750876978-26&quot;}
[WebDriverCommandLogger] - command: isElementDisplayed[ param-1: By.xpath: //div[@class=&apos;entslides&apos;]/ul/li param-2: {&quot;id&quot;:&quot;0.6857514750876978-26&quot;}] Result: isElementDisplayed:false
[WebDriverCommandLogger] - Executing isElementDisplayed element: By.xpath: //div[@class=&apos;entslides&apos;]/ul/li parameters: {&quot;id&quot;:&quot;0.6857514750876978-27&quot;}
[WebDriverCommandLogger] - command: isElementDisplayed[ param-1: By.xpath: //div[@class=&apos;entslides&apos;]/ul/li param-2: {&quot;id&quot;:&quot;0.6857514750876978-27&quot;}] Result: isElementDisplayed:false
[WebDriverCommandLogger] - Executing isElementDisplayed element: By.xpath: //div[@class=&apos;entslides&apos;]/ul/li parameters: {&quot;id&quot;:&quot;0.6857514750876978-28&quot;}
[WebDriverCommandLogger] - command: isElementDisplayed[ param-1: By.xpath: //div[@class=&apos;entslides&apos;]/ul/li param-2: {&quot;id&quot;:&quot;0.6857514750876978-28&quot;}] Result: isElementDisplayed:false
[WebDriverCommandLogger] - Executing isElementDisplayed element: By.xpath: //div[@class=&apos;entslides&apos;]/ul/li parameters: {&quot;id&quot;:&quot;0.6857514750876978-29&quot;}
[WebDriverCommandLogger] - command: isElementDisplayed[ param-1: By.xpath: //div[@class=&apos;entslides&apos;]/ul/li param-2: {&quot;id&quot;:&quot;0.6857514750876978-29&quot;}] Result: isElementDisplayed:false
[WebDriverCommandLogger] - Executing isElementDisplayed element: By.xpath: //div[@class=&apos;entslides&apos;]/ul/li parameters: {&quot;id&quot;:&quot;0.6857514750876978-30&quot;}
[WebDriverCommandLogger] - command: isElementDisplayed[ param-1: By.xpath: //div[@class=&apos;entslides&apos;]/ul/li param-2: {&quot;id&quot;:&quot;0.6857514750876978-30&quot;}] Result: isElementDisplayed:false
[WebDriverCommandLogger] - Executing isElementDisplayed element: By.xpath: //div[@class=&apos;entslides&apos;]/ul/li parameters: {&quot;id&quot;:&quot;0.6857514750876978-31&quot;}
[WebDriverCommandLogger] - command: isElementDisplayed[ param-1: By.xpath: //div[@class=&apos;entslides&apos;]/ul/li param-2: {&quot;id&quot;:&quot;0.6857514750876978-31&quot;}] Result: isElementDisplayed:false
Total number of image displayed : 
Expected: &lt;3&gt;
     Actual: was &lt;3&gt;
[WebDriverCommandLogger] - Executing screenshot parameters: {}
[QAFTestBase] - Capturing screen shottoiPageVerificationEntertainment_ksrxursjk9gb17323.png
[WebDriverCommandLogger] - Executing findElement parameters: {&quot;using&quot;:&quot;xpath&quot;,&quot;value&quot;:&quot;//span[@class=&apos;sprite_bg prev&apos;]&quot;}
[WebDriverCommandLogger] - command: findElement[ param-1: {value=//span[@class=&apos;sprite_bg prev&apos;], using=xpath}] Result: id: 0.6857514750876978-33
[WebDriverCommandLogger] - Executing clickElement element: By.xpath: //span[@class=&apos;sprite_bg prev&apos;] parameters: {&quot;id&quot;:&quot;0.6857514750876978-33&quot;}
[WebDriverCommandLogger] - command: clickElement[ param-1: By.xpath: //span[@class=&apos;sprite_bg prev&apos;] param-2: {&quot;id&quot;:&quot;0.6857514750876978-33&quot;}] Result: clickElement:null
[WebDriverCommandLogger] - Executing findElements parameters: {&quot;using&quot;:&quot;xpath&quot;,&quot;value&quot;:&quot;//div[@class=&apos;entslides&apos;]/ul/li&quot;}
[WebDriverCommandLogger] - command: findElements[ param-1: {value=//div[@class=&apos;entslides&apos;]/ul/li, using=xpath}] Result: [id: 0.6857514750876978-17, id: 0.6857514750876978-18, id: 0.6857514750876978-19, id: 0.6857514750876978-20, id: 0.6857514750876978-21, id: 0.6857514750876978-22, id: 0.6857514750876978-23, id: 0.6857514750876978-24, id: 0.6857514750876978-25, id: 0.6857514750876978-26, id: 0.6857514750876978-27, id: 0.6857514750876978-28, id: 0.6857514750876978-29, id: 0.6857514750876978-30, id: 0.6857514750876978-31]
[WebDriverCommandLogger] - Executing isElementDisplayed element: By.xpath: //div[@class=&apos;entslides&apos;]/ul/li parameters: {&quot;id&quot;:&quot;0.6857514750876978-17&quot;}
[WebDriverCommandLogger] - command: isElementDisplayed[ param-1: By.xpath: //div[@class=&apos;entslides&apos;]/ul/li param-2: {&quot;id&quot;:&quot;0.6857514750876978-17&quot;}] Result: isElementDisplayed:false
[WebDriverCommandLogger] - Executing isElementDisplayed element: By.xpath: //div[@class=&apos;entslides&apos;]/ul/li parameters: {&quot;id&quot;:&quot;0.6857514750876978-18&quot;}
[WebDriverCommandLogger] - command: isElementDisplayed[ param-1: By.xpath: //div[@class=&apos;entslides&apos;]/ul/li param-2: {&quot;id&quot;:&quot;0.6857514750876978-18&quot;}] Result: isElementDisplayed:false
[WebDriverCommandLogger] - Executing isElementDisplayed element: By.xpath: //div[@class=&apos;entslides&apos;]/ul/li parameters: {&quot;id&quot;:&quot;0.6857514750876978-19&quot;}
[WebDriverCommandLogger] - command: isElementDisplayed[ param-1: By.xpath: //div[@class=&apos;entslides&apos;]/ul/li param-2: {&quot;id&quot;:&quot;0.6857514750876978-19&quot;}] Result: isElementDisplayed:true
[WebDriverCommandLogger] - Executing isElementDisplayed element: By.xpath: //div[@class=&apos;entslides&apos;]/ul/li parameters: {&quot;id&quot;:&quot;0.6857514750876978-20&quot;}
[WebDriverCommandLogger] - command: isElementDisplayed[ param-1: By.xpath: //div[@class=&apos;entslides&apos;]/ul/li param-2: {&quot;id&quot;:&quot;0.6857514750876978-20&quot;}] Result: isElementDisplayed:true
[WebDriverCommandLogger] - Executing isElementDisplayed element: By.xpath: //div[@class=&apos;entslides&apos;]/ul/li parameters: {&quot;id&quot;:&quot;0.6857514750876978-21&quot;}
[WebDriverCommandLogger] - command: isElementDisplayed[ param-1: By.xpath: //div[@class=&apos;entslides&apos;]/ul/li param-2: {&quot;id&quot;:&quot;0.6857514750876978-21&quot;}] Result: isElementDisplayed:false
[WebDriverCommandLogger] - Executing isElementDisplayed element: By.xpath: //div[@class=&apos;entslides&apos;]/ul/li parameters: {&quot;id&quot;:&quot;0.6857514750876978-22&quot;}
[WebDriverCommandLogger] - command: isElementDisplayed[ param-1: By.xpath: //div[@class=&apos;entslides&apos;]/ul/li param-2: {&quot;id&quot;:&quot;0.6857514750876978-22&quot;}] Result: isElementDisplayed:false
[WebDriverCommandLogger] - Executing isElementDisplayed element: By.xpath: //div[@class=&apos;entslides&apos;]/ul/li parameters: {&quot;id&quot;:&quot;0.6857514750876978-23&quot;}
[WebDriverCommandLogger] - command: isElementDisplayed[ param-1: By.xpath: //div[@class=&apos;entslides&apos;]/ul/li param-2: {&quot;id&quot;:&quot;0.6857514750876978-23&quot;}] Result: isElementDisplayed:false
[WebDriverCommandLogger] - Executing isElementDisplayed element: By.xpath: //div[@class=&apos;entslides&apos;]/ul/li parameters: {&quot;id&quot;:&quot;0.6857514750876978-24&quot;}
[WebDriverCommandLogger] - command: isElementDisplayed[ param-1: By.xpath: //div[@class=&apos;entslides&apos;]/ul/li param-2: {&quot;id&quot;:&quot;0.6857514750876978-24&quot;}] Result: isElementDisplayed:false
[WebDriverCommandLogger] - Executing isElementDisplayed element: By.xpath: //div[@class=&apos;entslides&apos;]/ul/li parameters: {&quot;id&quot;:&quot;0.6857514750876978-25&quot;}
[WebDriverCommandLogger] - command: isElementDisplayed[ param-1: By.xpath: //div[@class=&apos;entslides&apos;]/ul/li param-2: {&quot;id&quot;:&quot;0.6857514750876978-25&quot;}] Result: isElementDisplayed:false
[WebDriverCommandLogger] - Executing isElementDisplayed element: By.xpath: //div[@class=&apos;entslides&apos;]/ul/li parameters: {&quot;id&quot;:&quot;0.6857514750876978-26&quot;}
[WebDriverCommandLogger] - command: isElementDisplayed[ param-1: By.xpath: //div[@class=&apos;entslides&apos;]/ul/li param-2: {&quot;id&quot;:&quot;0.6857514750876978-26&quot;}] Result: isElementDisplayed:false
[WebDriverCommandLogger] - Executing isElementDisplayed element: By.xpath: //div[@class=&apos;entslides&apos;]/ul/li parameters: {&quot;id&quot;:&quot;0.6857514750876978-27&quot;}
[WebDriverCommandLogger] - command: isElementDisplayed[ param-1: By.xpath: //div[@class=&apos;entslides&apos;]/ul/li param-2: {&quot;id&quot;:&quot;0.6857514750876978-27&quot;}] Result: isElementDisplayed:false
[WebDriverCommandLogger] - Executing isElementDisplayed element: By.xpath: //div[@class=&apos;entslides&apos;]/ul/li parameters: {&quot;id&quot;:&quot;0.6857514750876978-28&quot;}
[WebDriverCommandLogger] - command: isElementDisplayed[ param-1: By.xpath: //div[@class=&apos;entslides&apos;]/ul/li param-2: {&quot;id&quot;:&quot;0.6857514750876978-28&quot;}] Result: isElementDisplayed:false
[WebDriverCommandLogger] - Executing isElementDisplayed element: By.xpath: //div[@class=&apos;entslides&apos;]/ul/li parameters: {&quot;id&quot;:&quot;0.6857514750876978-29&quot;}
[WebDriverCommandLogger] - command: isElementDisplayed[ param-1: By.xpath: //div[@class=&apos;entslides&apos;]/ul/li param-2: {&quot;id&quot;:&quot;0.6857514750876978-29&quot;}] Result: isElementDisplayed:false
[WebDriverCommandLogger] - Executing isElementDisplayed element: By.xpath: //div[@class=&apos;entslides&apos;]/ul/li parameters: {&quot;id&quot;:&quot;0.6857514750876978-30&quot;}
[WebDriverCommandLogger] - command: isElementDisplayed[ param-1: By.xpath: //div[@class=&apos;entslides&apos;]/ul/li param-2: {&quot;id&quot;:&quot;0.6857514750876978-30&quot;}] Result: isElementDisplayed:false
[WebDriverCommandLogger] - Executing isElementDisplayed element: By.xpath: //div[@class=&apos;entslides&apos;]/ul/li parameters: {&quot;id&quot;:&quot;0.6857514750876978-31&quot;}
[WebDriverCommandLogger] - command: isElementDisplayed[ param-1: By.xpath: //div[@class=&apos;entslides&apos;]/ul/li param-2: {&quot;id&quot;:&quot;0.6857514750876978-31&quot;}] Result: isElementDisplayed:false
Total number of image displayed : 
Expected: &lt;2&gt;
     Actual: was &lt;3&gt;
[WebDriverCommandLogger] - Executing screenshot parameters: {}
[QAFTestBase] - Capturing screen shottoiPageVerificationEntertainment_1m6kvgr23qrqo17324.png
</system-out>
    <system-err>log4j:WARN No such property [follow] in org.apache.log4j.FileAppender.
Starting ChromeDriver 2.29.461591 (62ebf098771772160f391d75e589dc567915b233) on port 28793
Only local connections are allowed.
</system-err>
  </testcase>
</testsuite>