<?xml version="1.0" encoding="UTF-8" ?>
<testsuite tests="1" failures="1" name="TestSuite" time="170.264" errors="0" skipped="0">
  <properties>
    <property name="java.runtime.name" value="Java(TM) SE Runtime Environment"/>
    <property name="sun.boot.library.path" value="C:\Program Files\Java\jdk1.8.0_111\jre\bin"/>
    <property name="java.vm.version" value="25.111-b14"/>
    <property name="java.vm.vendor" value="Oracle Corporation"/>
    <property name="maven.multiModuleProjectDirectory" value="C:\Users\tapas.padhi\WellsAssignment\WellsAssignmentProject"/>
    <property name="java.vendor.url" value="http://java.oracle.com/"/>
    <property name="path.separator" value=";"/>
    <property name="guice.disable.misplaced.annotation.check" value="true"/>
    <property name="java.vm.name" value="Java HotSpot(TM) 64-Bit Server VM"/>
    <property name="file.encoding.pkg" value="sun.io"/>
    <property name="user.script" value=""/>
    <property name="user.country" value="US"/>
    <property name="sun.java.launcher" value="SUN_STANDARD"/>
    <property name="sun.os.patch.level" value=""/>
    <property name="java.vm.specification.name" value="Java Virtual Machine Specification"/>
    <property name="user.dir" value="C:\Users\tapas.padhi\WellsAssignment\WellsAssignmentProject"/>
    <property name="java.runtime.version" value="1.8.0_111-b14"/>
    <property name="java.awt.graphicsenv" value="sun.awt.Win32GraphicsEnvironment"/>
    <property name="java.endorsed.dirs" value="C:\Program Files\Java\jdk1.8.0_111\jre\lib\endorsed"/>
    <property name="os.arch" value="amd64"/>
    <property name="java.io.tmpdir" value="C:\Users\TAPAS~1.PAD\AppData\Local\Temp\"/>
    <property name="line.separator" value="
"/>
    <property name="java.vm.specification.vendor" value="Oracle Corporation"/>
    <property name="user.variant" value=""/>
    <property name="os.name" value="Windows 8.1"/>
    <property name="classworlds.conf" value="C:\Users\tapas.padhi\gmworkspace\.metadata\.plugins\org.eclipse.m2e.launching\launches\m2conf577222170993011321.tmp"/>
    <property name="sun.jnu.encoding" value="Cp1252"/>
    <property name="java.library.path" value="C:\Program Files\Java\jdk1.8.0_111\bin;C:\Windows\Sun\Java\bin;C:\Windows\system32;C:\Windows;C:/Program Files/Java/jre1.8.0_111/bin/server;C:/Program Files/Java/jre1.8.0_111/bin;C:/Program Files/Java/jre1.8.0_111/lib/amd64;C:\ProgramData\Oracle\Java\javapath;C:\Windows\system32;C:\Windows;C:\Windows\System32\Wbem;C:\Windows\System32\WindowsPowerShell\v1.0\;C:\Program Files\Intel\WiFi\bin\;C:\Program Files\Common Files\Intel\WirelessCommon\;C:\Program Files\Git\cmd;C:\Program Files\TortoiseGit\bin;C:\Program Files\Java\jdk1.8.0_111\bin;C:\Program Files (x86)\Skype\Phone\;C:\Program Files\Perforce\DVCS\;C:\Program Files (x86)\Kaspersky Lab\Kaspersky Endpoint Security 10 for Windows SP2\;C:\Software\eclipse-jee-neon-2-win32-x86_64\eclipse;;."/>
    <property name="java.specification.name" value="Java Platform API Specification"/>
    <property name="java.class.version" value="52.0"/>
    <property name="sun.management.compiler" value="HotSpot 64-Bit Tiered Compilers"/>
    <property name="os.version" value="6.3"/>
    <property name="user.home" value="C:\Users\tapas.padhi"/>
    <property name="user.timezone" value="Asia/Calcutta"/>
    <property name="java.awt.printerjob" value="sun.awt.windows.WPrinterJob"/>
    <property name="java.specification.version" value="1.8"/>
    <property name="file.encoding" value="Cp1252"/>
    <property name="user.name" value="tapas.padhi"/>
    <property name="java.class.path" value="/C:/Software/eclipse-jee-neon-2-win32-x86_64/eclipse/plugins/org.eclipse.m2e.maven.runtime_1.7.0.20160603-1931/jars/plexus-classworlds-2.5.2.jar"/>
    <property name="java.vm.specification.version" value="1.8"/>
    <property name="sun.arch.data.model" value="64"/>
    <property name="java.home" value="C:\Program Files\Java\jdk1.8.0_111\jre"/>
    <property name="sun.java.command" value="org.codehaus.plexus.classworlds.launcher.Launcher -B clean install"/>
    <property name="java.specification.vendor" value="Oracle Corporation"/>
    <property name="user.language" value="en"/>
    <property name="awt.toolkit" value="sun.awt.windows.WToolkit"/>
    <property name="java.vm.info" value="mixed mode"/>
    <property name="java.version" value="1.8.0_111"/>
    <property name="java.ext.dirs" value="C:\Program Files\Java\jdk1.8.0_111\jre\lib\ext;C:\Windows\Sun\Java\lib\ext"/>
    <property name="sun.boot.class.path" value="C:\Program Files\Java\jdk1.8.0_111\jre\lib\resources.jar;C:\Program Files\Java\jdk1.8.0_111\jre\lib\rt.jar;C:\Program Files\Java\jdk1.8.0_111\jre\lib\sunrsasign.jar;C:\Program Files\Java\jdk1.8.0_111\jre\lib\jsse.jar;C:\Program Files\Java\jdk1.8.0_111\jre\lib\jce.jar;C:\Program Files\Java\jdk1.8.0_111\jre\lib\charsets.jar;C:\Program Files\Java\jdk1.8.0_111\jre\lib\jfr.jar;C:\Program Files\Java\jdk1.8.0_111\jre\classes"/>
    <property name="java.vendor" value="Oracle Corporation"/>
    <property name="maven.home" value="C:\Users\tapas.padhi\WellsAssignment\WellsAssignmentProject\EMBEDDED"/>
    <property name="file.separator" value="\"/>
    <property name="java.vendor.url.bug" value="http://bugreport.sun.com/bugreport/"/>
    <property name="sun.cpu.endian" value="little"/>
    <property name="sun.io.unicode.encoding" value="UnicodeLittle"/>
    <property name="sun.desktop" value="windows"/>
    <property name="sun.cpu.isalist" value="amd64"/>
  </properties>
  <testcase classname="com.timesofindia.tests.ToiTest" name="toiPageVerification" time="123.504">
    <failure/>
    <system-out>[ConfigurationManager] - ISFW build info: {qaf-Type=core, qaf-Revision=10, qaf-Version=2.1, qaf-Build-Time=03-Jan-2017 14:01:00}
[ConfigurationManager] - Resource dir: C:\Users\tapas.padhi\WellsAssignment\WellsAssignmentProject\resources. Found property files to load: 3
[ConfigurationManager] - Resource dir: C:\Users\tapas.padhi\WellsAssignment\WellsAssignmentProject\resources. Found property files to load: 0
[QAFTestBase] - Initializing Driver...browser_str:IExplorerDriver,base_url:http://timesofindia.indiatimes.com/,sel_server:localhost,port:4444
[UiDriverFactory] - Driver: IExplorerDriver
driver init done
[WebDriverCommandLogger] - Executing get parameters: {&quot;url&quot;:&quot;http://timesofindia.indiatimes.com/&quot;}
[WebDriverCommandLogger] - command: get[ param-1: {url=http://timesofindia.indiatimes.com/}] Result: null
[WebDriverCommandLogger] - Executing maximizeWindow parameters: {&quot;windowHandle&quot;:&quot;current&quot;}
[WebDriverCommandLogger] - command: maximizeWindow[ param-1: {windowHandle=current}] Result: null
[WebDriverCommandLogger] - Executing findElements parameters: {&quot;using&quot;:&quot;xpath&quot;,&quot;value&quot;:&quot;//div[@class=&apos;ntfc_content&apos;]&quot;}
[WebDriverCommandLogger] - command: findElements[ param-1: {value=//div[@class=&apos;ntfc_content&apos;], using=xpath}] Result: []
[WebDriverCommandLogger] - Executing findElements parameters: {&quot;using&quot;:&quot;xpath&quot;,&quot;value&quot;:&quot;//div[@class=&apos;ntfc_content&apos;]&quot;}
[WebDriverCommandLogger] - command: findElements[ param-1: {value=//div[@class=&apos;ntfc_content&apos;], using=xpath}] Result: []
[WebDriverCommandLogger] - Executing findElements parameters: {&quot;using&quot;:&quot;xpath&quot;,&quot;value&quot;:&quot;//div[@class=&apos;ntfc_content&apos;]&quot;}
[WebDriverCommandLogger] - command: findElements[ param-1: {value=//div[@class=&apos;ntfc_content&apos;], using=xpath}] Result: []
[WebDriverCommandLogger] - Executing findElements parameters: {&quot;using&quot;:&quot;xpath&quot;,&quot;value&quot;:&quot;//div[@class=&apos;ntfc_content&apos;]&quot;}
[WebDriverCommandLogger] - command: findElements[ param-1: {value=//div[@class=&apos;ntfc_content&apos;], using=xpath}] Result: []
[WebDriverCommandLogger] - Executing findElements parameters: {&quot;using&quot;:&quot;xpath&quot;,&quot;value&quot;:&quot;//div[@class=&apos;ntfc_content&apos;]&quot;}
[WebDriverCommandLogger] - command: findElements[ param-1: {value=//div[@class=&apos;ntfc_content&apos;], using=xpath}] Result: []
[WebDriverCommandLogger] - Executing findElements parameters: {&quot;using&quot;:&quot;xpath&quot;,&quot;value&quot;:&quot;//div[@class=&apos;ntfc_content&apos;]&quot;}
[WebDriverCommandLogger] - command: findElements[ param-1: {value=//div[@class=&apos;ntfc_content&apos;], using=xpath}] Result: []
[WebDriverCommandLogger] - Executing findElements parameters: {&quot;using&quot;:&quot;xpath&quot;,&quot;value&quot;:&quot;//div[@class=&apos;ntfc_content&apos;]&quot;}
[WebDriverCommandLogger] - command: findElements[ param-1: {value=//div[@class=&apos;ntfc_content&apos;], using=xpath}] Result: []
[WebDriverCommandLogger] - Executing findElements parameters: {&quot;using&quot;:&quot;xpath&quot;,&quot;value&quot;:&quot;//div[@class=&apos;ntfc_content&apos;]&quot;}
[WebDriverCommandLogger] - command: findElements[ param-1: {value=//div[@class=&apos;ntfc_content&apos;], using=xpath}] Result: []
[WebDriverCommandLogger] - Executing findElements parameters: {&quot;using&quot;:&quot;xpath&quot;,&quot;value&quot;:&quot;//div[@class=&apos;top-story&apos;]/ul/li&quot;}
[WebDriverCommandLogger] - command: findElements[ param-1: {value=//div[@class=&apos;top-story&apos;]/ul/li, using=xpath}] Result: [id: cb89e748-f740-48cc-ba4d-884453497b87, id: 21d32f8b-8f05-46ed-9164-8f1043dddf24, id: 858938d6-1f24-4423-81e6-1e2e758f8aeb, id: 50b2ba51-6b71-4088-a6e2-670d7bf84e45, id: 86b41238-b252-430e-8987-d9423aec9602, id: aff1785c-051e-48f7-a2e1-ac367a4019f6, id: 861557c0-c1ff-49a0-bf2b-acc41b0c48b7]
TopStory size count is 7
[WebDriverCommandLogger] - Executing findElements parameters: {&quot;using&quot;:&quot;xpath&quot;,&quot;value&quot;:&quot;//div[@class=&apos;top-story&apos;]/ul/li&quot;}
[WebDriverCommandLogger] - command: findElements[ param-1: {value=//div[@class=&apos;top-story&apos;]/ul/li, using=xpath}] Result: [id: cb89e748-f740-48cc-ba4d-884453497b87, id: 21d32f8b-8f05-46ed-9164-8f1043dddf24, id: 858938d6-1f24-4423-81e6-1e2e758f8aeb, id: 50b2ba51-6b71-4088-a6e2-670d7bf84e45, id: 86b41238-b252-430e-8987-d9423aec9602, id: aff1785c-051e-48f7-a2e1-ac367a4019f6, id: 861557c0-c1ff-49a0-bf2b-acc41b0c48b7]
[WebDriverCommandLogger] - Executing getElementText element: By.xpath: //div[@class=&apos;top-story&apos;]/ul/li parameters: {&quot;id&quot;:&quot;cb89e748-f740-48cc-ba4d-884453497b87&quot;}
[WebDriverCommandLogger] - command: getElementText[ param-1: By.xpath: //div[@class=&apos;top-story&apos;]/ul/li param-2: {&quot;id&quot;:&quot;cb89e748-f740-48cc-ba4d-884453497b87&quot;}] Result: getElementText:Infosys founders looking to sell stake in company
[WebDriverCommandLogger] - Executing getElementText element: By.xpath: //div[@class=&apos;top-story&apos;]/ul/li parameters: {&quot;id&quot;:&quot;21d32f8b-8f05-46ed-9164-8f1043dddf24&quot;}
[WebDriverCommandLogger] - command: getElementText[ param-1: By.xpath: //div[@class=&apos;top-story&apos;]/ul/li param-2: {&quot;id&quot;:&quot;21d32f8b-8f05-46ed-9164-8f1043dddf24&quot;}] Result: getElementText:UK PM loses majority, faces pressure to resign
[WebDriverCommandLogger] - Executing getElementText element: By.xpath: //div[@class=&apos;top-story&apos;]/ul/li parameters: {&quot;id&quot;:&quot;858938d6-1f24-4423-81e6-1e2e758f8aeb&quot;}
[WebDriverCommandLogger] - command: getElementText[ param-1: By.xpath: //div[@class=&apos;top-story&apos;]/ul/li param-2: {&quot;id&quot;:&quot;858938d6-1f24-4423-81e6-1e2e758f8aeb&quot;}] Result: getElementText:Live: It&apos;s official. Hung parliament in UK
[WebDriverCommandLogger] - Executing getElementText element: By.xpath: //div[@class=&apos;top-story&apos;]/ul/li parameters: {&quot;id&quot;:&quot;50b2ba51-6b71-4088-a6e2-670d7bf84e45&quot;}
[WebDriverCommandLogger] - command: getElementText[ param-1: By.xpath: //div[@class=&apos;top-story&apos;]/ul/li param-2: {&quot;id&quot;:&quot;50b2ba51-6b71-4088-a6e2-670d7bf84e45&quot;}] Result: getElementText:Indian-origin candidates shine in UK polls
[WebDriverCommandLogger] - Executing getElementText element: By.xpath: //div[@class=&apos;top-story&apos;]/ul/li parameters: {&quot;id&quot;:&quot;86b41238-b252-430e-8987-d9423aec9602&quot;}
[WebDriverCommandLogger] - command: getElementText[ param-1: By.xpath: //div[@class=&apos;top-story&apos;]/ul/li param-2: {&quot;id&quot;:&quot;86b41238-b252-430e-8987-d9423aec9602&quot;}] Result: getElementText:ISIS claims it killed two Chinese in Pakistan
[WebDriverCommandLogger] - Executing getElementText element: By.xpath: //div[@class=&apos;top-story&apos;]/ul/li parameters: {&quot;id&quot;:&quot;aff1785c-051e-48f7-a2e1-ac367a4019f6&quot;}
[WebDriverCommandLogger] - command: getElementText[ param-1: By.xpath: //div[@class=&apos;top-story&apos;]/ul/li param-2: {&quot;id&quot;:&quot;aff1785c-051e-48f7-a2e1-ac367a4019f6&quot;}] Result: getElementText:Trump asked me to lay off Russia probe: Comey
[WebDriverCommandLogger] - Executing getElementText element: By.xpath: //div[@class=&apos;top-story&apos;]/ul/li parameters: {&quot;id&quot;:&quot;861557c0-c1ff-49a0-bf2b-acc41b0c48b7&quot;}
[WebDriverCommandLogger] - command: getElementText[ param-1: By.xpath: //div[@class=&apos;top-story&apos;]/ul/li param-2: {&quot;id&quot;:&quot;861557c0-c1ff-49a0-bf2b-acc41b0c48b7&quot;}] Result: getElementText:Day-long curfew relaxation in Mandsaur
[WebDriverCommandLogger] - Executing findElements parameters: {&quot;using&quot;:&quot;xpath&quot;,&quot;value&quot;:&quot;//div[@class=&apos;top-story&apos;]/ul/li&quot;}
[WebDriverCommandLogger] - command: findElements[ param-1: {value=//div[@class=&apos;top-story&apos;]/ul/li, using=xpath}] Result: [id: cb89e748-f740-48cc-ba4d-884453497b87, id: 21d32f8b-8f05-46ed-9164-8f1043dddf24, id: 858938d6-1f24-4423-81e6-1e2e758f8aeb, id: 50b2ba51-6b71-4088-a6e2-670d7bf84e45, id: 86b41238-b252-430e-8987-d9423aec9602, id: aff1785c-051e-48f7-a2e1-ac367a4019f6, id: 861557c0-c1ff-49a0-bf2b-acc41b0c48b7]
[WebDriverCommandLogger] - Executing findElements parameters: {&quot;using&quot;:&quot;xpath&quot;,&quot;value&quot;:&quot;//div[@class=&apos;top-story&apos;]/ul/li&quot;}
[WebDriverCommandLogger] - command: findElements[ param-1: {value=//div[@class=&apos;top-story&apos;]/ul/li, using=xpath}] Result: [id: cb89e748-f740-48cc-ba4d-884453497b87, id: 21d32f8b-8f05-46ed-9164-8f1043dddf24, id: 858938d6-1f24-4423-81e6-1e2e758f8aeb, id: 50b2ba51-6b71-4088-a6e2-670d7bf84e45, id: 86b41238-b252-430e-8987-d9423aec9602, id: aff1785c-051e-48f7-a2e1-ac367a4019f6, id: 861557c0-c1ff-49a0-bf2b-acc41b0c48b7]
[WebDriverCommandLogger] - Executing clickElement element: By.xpath: //div[@class=&apos;top-story&apos;]/ul/li parameters: {&quot;id&quot;:&quot;cb89e748-f740-48cc-ba4d-884453497b87&quot;}
[WebDriverCommandLogger] - command: clickElement[ param-1: By.xpath: //div[@class=&apos;top-story&apos;]/ul/li param-2: {&quot;id&quot;:&quot;cb89e748-f740-48cc-ba4d-884453497b87&quot;}] Result: clickElement:null
[WebDriverCommandLogger] - Executing getTitle parameters: {}
[WebDriverCommandLogger] - command: getTitle[ param-1: {}] Result: Infosys news: Infosys founders looking to sell their stake in company - Times of India
[WebDriverCommandLogger] - Executing goBack parameters: {}
[WebDriverCommandLogger] - command: goBack[ param-1: {}] Result: null
[WebDriverCommandLogger] - Executing findElements parameters: {&quot;using&quot;:&quot;xpath&quot;,&quot;value&quot;:&quot;//span[text()=&apos;Sign In&apos;]&quot;}
[WebDriverCommandLogger] - command: findElements[ param-1: {value=//span[text()=&apos;Sign In&apos;], using=xpath}] Result: [id: 58e3c86f-0087-42c6-a168-c0f0d9a8686f]
[WebDriverCommandLogger] - Executing screenshot parameters: {}
[QAFTestBase] - Capturing screen shottoiPageVerification_1kn80otlzxad755013.png
[WebDriverCommandLogger] - Executing findElements parameters: {&quot;using&quot;:&quot;xpath&quot;,&quot;value&quot;:&quot;//div[@class=&apos;top-story&apos;]/ul/li&quot;}
[WebDriverCommandLogger] - command: findElements[ param-1: {value=//div[@class=&apos;top-story&apos;]/ul/li, using=xpath}] Result: [id: 1bff2588-e0b3-4913-bc9a-4f94e4d0056f, id: 605364d4-977b-4caa-9b31-91c9d32a0ddf, id: c3bd3de9-cf14-4c88-a894-835a1ab12f41, id: 14674922-690f-4efc-b539-50f792b30d22, id: cfc61c48-4885-4afe-a9d2-f96afa00d767, id: ebadfb1e-6946-4238-8326-9b8ab5a651f8, id: ec2f8116-c1a6-4bd6-9b35-2396ad3a9226]
[WebDriverCommandLogger] - Executing findElements parameters: {&quot;using&quot;:&quot;xpath&quot;,&quot;value&quot;:&quot;//div[@class=&apos;top-story&apos;]/ul/li&quot;}
[WebDriverCommandLogger] - command: findElements[ param-1: {value=//div[@class=&apos;top-story&apos;]/ul/li, using=xpath}] Result: [id: 1bff2588-e0b3-4913-bc9a-4f94e4d0056f, id: 605364d4-977b-4caa-9b31-91c9d32a0ddf, id: c3bd3de9-cf14-4c88-a894-835a1ab12f41, id: 14674922-690f-4efc-b539-50f792b30d22, id: cfc61c48-4885-4afe-a9d2-f96afa00d767, id: ebadfb1e-6946-4238-8326-9b8ab5a651f8, id: ec2f8116-c1a6-4bd6-9b35-2396ad3a9226]
[WebDriverCommandLogger] - Executing clickElement element: By.xpath: //div[@class=&apos;top-story&apos;]/ul/li parameters: {&quot;id&quot;:&quot;605364d4-977b-4caa-9b31-91c9d32a0ddf&quot;}
[WebDriverCommandLogger] - command: clickElement[ param-1: By.xpath: //div[@class=&apos;top-story&apos;]/ul/li param-2: {&quot;id&quot;:&quot;605364d4-977b-4caa-9b31-91c9d32a0ddf&quot;}] Result: clickElement:null
[WebDriverCommandLogger] - Executing getTitle parameters: {}
[WebDriverCommandLogger] - command: getTitle[ param-1: {}] Result: UK Parliament: British PM Theresa May loses majority, faces pressure to resign - Times of India
[WebDriverCommandLogger] - Executing goBack parameters: {}
[WebDriverCommandLogger] - command: goBack[ param-1: {}] Result: null
[WebDriverCommandLogger] - Executing findElements parameters: {&quot;using&quot;:&quot;xpath&quot;,&quot;value&quot;:&quot;//span[text()=&apos;Sign In&apos;]&quot;}
[WebDriverCommandLogger] - command: findElements[ param-1: {value=//span[text()=&apos;Sign In&apos;], using=xpath}] Result: [id: 2d0970e2-8dc6-450b-ac32-2193de30bec4]
[WebDriverCommandLogger] - Executing screenshot parameters: {}
[QAFTestBase] - Capturing screen shottoiPageVerification_68kbq6fkk8eq55014.png
[WebDriverCommandLogger] - Executing findElements parameters: {&quot;using&quot;:&quot;xpath&quot;,&quot;value&quot;:&quot;//div[@class=&apos;top-story&apos;]/ul/li&quot;}
[WebDriverCommandLogger] - command: findElements[ param-1: {value=//div[@class=&apos;top-story&apos;]/ul/li, using=xpath}] Result: [id: 568d3de9-96a3-462a-965d-06695fe92930, id: 35ef1004-f876-42ab-ad35-3cda1fc66b8b, id: 90d254ee-6a8d-4f2f-b5ff-26ca06f92510, id: f21a4ddb-20e6-4f4c-a257-52f170fa786a, id: f3d9cfd6-6a95-498d-a48d-fa4b400483ad, id: 85e24426-c2b7-4e61-baee-1bf0293409c5, id: 8d01ffc6-903b-4fa2-ac6e-3624405ac5af]
[WebDriverCommandLogger] - Executing findElements parameters: {&quot;using&quot;:&quot;xpath&quot;,&quot;value&quot;:&quot;//div[@class=&apos;top-story&apos;]/ul/li&quot;}
[WebDriverCommandLogger] - command: findElements[ param-1: {value=//div[@class=&apos;top-story&apos;]/ul/li, using=xpath}] Result: [id: 568d3de9-96a3-462a-965d-06695fe92930, id: 35ef1004-f876-42ab-ad35-3cda1fc66b8b, id: 90d254ee-6a8d-4f2f-b5ff-26ca06f92510, id: f21a4ddb-20e6-4f4c-a257-52f170fa786a, id: f3d9cfd6-6a95-498d-a48d-fa4b400483ad, id: 85e24426-c2b7-4e61-baee-1bf0293409c5, id: 8d01ffc6-903b-4fa2-ac6e-3624405ac5af]
[WebDriverCommandLogger] - Executing clickElement element: By.xpath: //div[@class=&apos;top-story&apos;]/ul/li parameters: {&quot;id&quot;:&quot;90d254ee-6a8d-4f2f-b5ff-26ca06f92510&quot;}
[WebDriverCommandLogger] - command: clickElement[ param-1: By.xpath: //div[@class=&apos;top-story&apos;]/ul/li param-2: {&quot;id&quot;:&quot;90d254ee-6a8d-4f2f-b5ff-26ca06f92510&quot;}] Result: clickElement:null
[WebDriverCommandLogger] - Executing getTitle parameters: {}
[WebDriverCommandLogger] - command: getTitle[ param-1: {}] Result: Live: UK Election Results: British PM May loses overall majority in British parliament
[WebDriverCommandLogger] - Executing goBack parameters: {}
[WebDriverCommandLogger] - command: goBack[ param-1: {}] Result: null
[WebDriverCommandLogger] - Executing findElements parameters: {&quot;using&quot;:&quot;xpath&quot;,&quot;value&quot;:&quot;//span[text()=&apos;Sign In&apos;]&quot;}
[WebDriverCommandLogger] - command: findElements[ param-1: {value=//span[text()=&apos;Sign In&apos;], using=xpath}] Result: [id: b6348ec1-8fbb-4acd-b923-18be68af8281]
[WebDriverCommandLogger] - Executing screenshot parameters: {}
[QAFTestBase] - Capturing screen shottoiPageVerification_41n5pfftzu1h55015.png
[WebDriverCommandLogger] - Executing findElements parameters: {&quot;using&quot;:&quot;xpath&quot;,&quot;value&quot;:&quot;//div[@class=&apos;top-story&apos;]/ul/li&quot;}
[WebDriverCommandLogger] - command: findElements[ param-1: {value=//div[@class=&apos;top-story&apos;]/ul/li, using=xpath}] Result: [id: faaa8419-0ab1-42e1-9e30-17160d76f0a0, id: e81b3161-1251-470a-a7b0-3341a6bc2acf, id: 46d38de9-b96f-42c3-83a1-038926f9a3cb, id: 2c9edfae-7636-47da-823f-b61f033ef41e, id: b6420d04-13d0-43fc-b014-b57aebce376f, id: 2ac6709e-14d8-4801-9338-8a3bda03fc6d, id: 913c0690-4c53-459b-9cdc-dd2f1b983c58]
[WebDriverCommandLogger] - Executing findElements parameters: {&quot;using&quot;:&quot;xpath&quot;,&quot;value&quot;:&quot;//div[@class=&apos;top-story&apos;]/ul/li&quot;}
[WebDriverCommandLogger] - command: findElements[ param-1: {value=//div[@class=&apos;top-story&apos;]/ul/li, using=xpath}] Result: [id: faaa8419-0ab1-42e1-9e30-17160d76f0a0, id: e81b3161-1251-470a-a7b0-3341a6bc2acf, id: 46d38de9-b96f-42c3-83a1-038926f9a3cb, id: 2c9edfae-7636-47da-823f-b61f033ef41e, id: b6420d04-13d0-43fc-b014-b57aebce376f, id: 2ac6709e-14d8-4801-9338-8a3bda03fc6d, id: 913c0690-4c53-459b-9cdc-dd2f1b983c58]
[WebDriverCommandLogger] - Executing clickElement element: By.xpath: //div[@class=&apos;top-story&apos;]/ul/li parameters: {&quot;id&quot;:&quot;2c9edfae-7636-47da-823f-b61f033ef41e&quot;}
[WebDriverCommandLogger] - command: clickElement[ param-1: By.xpath: //div[@class=&apos;top-story&apos;]/ul/li param-2: {&quot;id&quot;:&quot;2c9edfae-7636-47da-823f-b61f033ef41e&quot;}] Result: clickElement:null
[WebDriverCommandLogger] - Executing getTitle parameters: {}
[WebDriverCommandLogger] - command: getTitle[ param-1: {}] Result: News: India News, Latest Bollywood News, Sports News, Business &amp; Political News, National &amp; International News | Times of India
[WebDriverCommandLogger] - Executing goBack parameters: {}
[WebDriverCommandLogger] - command: goBack[ param-1: {}] Result: null
[WebDriverCommandLogger] - Executing findElements parameters: {&quot;using&quot;:&quot;xpath&quot;,&quot;value&quot;:&quot;//span[text()=&apos;Sign In&apos;]&quot;}
[WebDriverCommandLogger] - command: findElements[ param-1: {value=//span[text()=&apos;Sign In&apos;], using=xpath}] Result: []
[WebDriverCommandLogger] - Executing findElements parameters: {&quot;using&quot;:&quot;xpath&quot;,&quot;value&quot;:&quot;//span[text()=&apos;Sign In&apos;]&quot;}
[WebDriverCommandLogger] - command: findElements[ param-1: {value=//span[text()=&apos;Sign In&apos;], using=xpath}] Result: []
[WebDriverCommandLogger] - Executing findElements parameters: {&quot;using&quot;:&quot;xpath&quot;,&quot;value&quot;:&quot;//span[text()=&apos;Sign In&apos;]&quot;}
[WebDriverCommandLogger] - command: findElements[ param-1: {value=//span[text()=&apos;Sign In&apos;], using=xpath}] Result: []
[WebDriverCommandLogger] - Executing findElements parameters: {&quot;using&quot;:&quot;xpath&quot;,&quot;value&quot;:&quot;//span[text()=&apos;Sign In&apos;]&quot;}
[WebDriverCommandLogger] - command: findElements[ param-1: {value=//span[text()=&apos;Sign In&apos;], using=xpath}] Result: []
[WebDriverCommandLogger] - Executing findElements parameters: {&quot;using&quot;:&quot;xpath&quot;,&quot;value&quot;:&quot;//span[text()=&apos;Sign In&apos;]&quot;}
[WebDriverCommandLogger] - command: findElements[ param-1: {value=//span[text()=&apos;Sign In&apos;], using=xpath}] Result: []
[WebDriverCommandLogger] - Executing findElements parameters: {&quot;using&quot;:&quot;xpath&quot;,&quot;value&quot;:&quot;//span[text()=&apos;Sign In&apos;]&quot;}
[WebDriverCommandLogger] - command: findElements[ param-1: {value=//span[text()=&apos;Sign In&apos;], using=xpath}] Result: []
[WebDriverCommandLogger] - Executing findElements parameters: {&quot;using&quot;:&quot;xpath&quot;,&quot;value&quot;:&quot;//span[text()=&apos;Sign In&apos;]&quot;}
[WebDriverCommandLogger] - command: findElements[ param-1: {value=//span[text()=&apos;Sign In&apos;], using=xpath}] Result: []
[WebDriverCommandLogger] - Executing findElements parameters: {&quot;using&quot;:&quot;xpath&quot;,&quot;value&quot;:&quot;//span[text()=&apos;Sign In&apos;]&quot;}
[WebDriverCommandLogger] - command: findElements[ param-1: {value=//span[text()=&apos;Sign In&apos;], using=xpath}] Result: []
[WebDriverCommandLogger] - Executing screenshot parameters: {}
[QAFTestBase] - Capturing screen shottoiPageVerification_1kvckzq18uzm455016.png
[WebDriverCommandLogger] - Executing findElements parameters: {&quot;using&quot;:&quot;xpath&quot;,&quot;value&quot;:&quot;//div[@class=&apos;top-story&apos;]/ul/li&quot;}
[WebDriverCommandLogger] - command: findElements[ param-1: {value=//div[@class=&apos;top-story&apos;]/ul/li, using=xpath}] Result: []
</system-out>
    <system-err>log4j:WARN No such property [follow] in org.apache.log4j.FileAppender.
Started InternetExplorerDriver server (32-bit)
2.47.0.0
Listening on port 9930
</system-err>
  </testcase>
</testsuite>