<?xml version="1.0" encoding="UTF-8"?>
<!-- Generated by org.testng.reporters.JUnitReportReporter -->
<testsuite hostname="icpl12186" name="com.timesofindia.tests.ToiTest" tests="2" failures="0" timestamp="21 Jun 2017 06:12:35 GMT" time="65.122" errors="0">
  <testcase name="toiPageVerificationEntertainment" time="54.622" classname="com.timesofindia.tests.ToiTest"/>
  <testcase name="toiPageVerification" time="10.500" classname="com.timesofindia.tests.ToiTest"/>
</testsuite> <!-- com.timesofindia.tests.ToiTest -->
