<?xml version="1.0" encoding="UTF-8" ?>
<testsuite tests="1" failures="1" name="TestSuite" time="50.428" errors="0" skipped="0">
  <properties>
    <property name="java.runtime.name" value="Java(TM) SE Runtime Environment"/>
    <property name="sun.boot.library.path" value="C:\Program Files\Java\jdk1.8.0_111\jre\bin"/>
    <property name="java.vm.version" value="25.111-b14"/>
    <property name="java.vm.vendor" value="Oracle Corporation"/>
    <property name="maven.multiModuleProjectDirectory" value="C:\Users\tapas.padhi\WellsAssignment\WellsAssignmentProject"/>
    <property name="java.vendor.url" value="http://java.oracle.com/"/>
    <property name="path.separator" value=";"/>
    <property name="guice.disable.misplaced.annotation.check" value="true"/>
    <property name="java.vm.name" value="Java HotSpot(TM) 64-Bit Server VM"/>
    <property name="file.encoding.pkg" value="sun.io"/>
    <property name="user.script" value=""/>
    <property name="user.country" value="US"/>
    <property name="sun.java.launcher" value="SUN_STANDARD"/>
    <property name="sun.os.patch.level" value=""/>
    <property name="java.vm.specification.name" value="Java Virtual Machine Specification"/>
    <property name="user.dir" value="C:\Users\tapas.padhi\WellsAssignment\WellsAssignmentProject"/>
    <property name="java.runtime.version" value="1.8.0_111-b14"/>
    <property name="java.awt.graphicsenv" value="sun.awt.Win32GraphicsEnvironment"/>
    <property name="java.endorsed.dirs" value="C:\Program Files\Java\jdk1.8.0_111\jre\lib\endorsed"/>
    <property name="os.arch" value="amd64"/>
    <property name="java.io.tmpdir" value="C:\Users\TAPAS~1.PAD\AppData\Local\Temp\"/>
    <property name="line.separator" value="
"/>
    <property name="java.vm.specification.vendor" value="Oracle Corporation"/>
    <property name="user.variant" value=""/>
    <property name="os.name" value="Windows 8.1"/>
    <property name="classworlds.conf" value="C:\Users\tapas.padhi\gmworkspace\.metadata\.plugins\org.eclipse.m2e.launching\launches\m2conf3246194663618555897.tmp"/>
    <property name="sun.jnu.encoding" value="Cp1252"/>
    <property name="java.library.path" value="C:\Program Files\Java\jdk1.8.0_111\bin;C:\Windows\Sun\Java\bin;C:\Windows\system32;C:\Windows;C:/Program Files/Java/jre1.8.0_111/bin/server;C:/Program Files/Java/jre1.8.0_111/bin;C:/Program Files/Java/jre1.8.0_111/lib/amd64;C:\ProgramData\Oracle\Java\javapath;C:\Windows\system32;C:\Windows;C:\Windows\System32\Wbem;C:\Windows\System32\WindowsPowerShell\v1.0\;C:\Program Files\Intel\WiFi\bin\;C:\Program Files\Common Files\Intel\WirelessCommon\;C:\Program Files\Git\cmd;C:\Program Files\TortoiseGit\bin;C:\Program Files\Java\jdk1.8.0_111\bin;C:\Program Files (x86)\Skype\Phone\;C:\Program Files\Perforce\DVCS\;C:\Program Files (x86)\Kaspersky Lab\Kaspersky Endpoint Security 10 for Windows SP2\;C:\Software\eclipse-jee-neon-2-win32-x86_64\eclipse;;."/>
    <property name="java.specification.name" value="Java Platform API Specification"/>
    <property name="java.class.version" value="52.0"/>
    <property name="sun.management.compiler" value="HotSpot 64-Bit Tiered Compilers"/>
    <property name="os.version" value="6.3"/>
    <property name="user.home" value="C:\Users\tapas.padhi"/>
    <property name="user.timezone" value="Asia/Calcutta"/>
    <property name="java.awt.printerjob" value="sun.awt.windows.WPrinterJob"/>
    <property name="java.specification.version" value="1.8"/>
    <property name="file.encoding" value="Cp1252"/>
    <property name="user.name" value="tapas.padhi"/>
    <property name="java.class.path" value="/C:/Software/eclipse-jee-neon-2-win32-x86_64/eclipse/plugins/org.eclipse.m2e.maven.runtime_1.7.0.20160603-1931/jars/plexus-classworlds-2.5.2.jar"/>
    <property name="java.vm.specification.version" value="1.8"/>
    <property name="sun.arch.data.model" value="64"/>
    <property name="java.home" value="C:\Program Files\Java\jdk1.8.0_111\jre"/>
    <property name="sun.java.command" value="org.codehaus.plexus.classworlds.launcher.Launcher -B clean install"/>
    <property name="java.specification.vendor" value="Oracle Corporation"/>
    <property name="user.language" value="en"/>
    <property name="awt.toolkit" value="sun.awt.windows.WToolkit"/>
    <property name="java.vm.info" value="mixed mode"/>
    <property name="java.version" value="1.8.0_111"/>
    <property name="java.ext.dirs" value="C:\Program Files\Java\jdk1.8.0_111\jre\lib\ext;C:\Windows\Sun\Java\lib\ext"/>
    <property name="sun.boot.class.path" value="C:\Program Files\Java\jdk1.8.0_111\jre\lib\resources.jar;C:\Program Files\Java\jdk1.8.0_111\jre\lib\rt.jar;C:\Program Files\Java\jdk1.8.0_111\jre\lib\sunrsasign.jar;C:\Program Files\Java\jdk1.8.0_111\jre\lib\jsse.jar;C:\Program Files\Java\jdk1.8.0_111\jre\lib\jce.jar;C:\Program Files\Java\jdk1.8.0_111\jre\lib\charsets.jar;C:\Program Files\Java\jdk1.8.0_111\jre\lib\jfr.jar;C:\Program Files\Java\jdk1.8.0_111\jre\classes"/>
    <property name="java.vendor" value="Oracle Corporation"/>
    <property name="maven.home" value="C:\Users\tapas.padhi\WellsAssignment\WellsAssignmentProject\EMBEDDED"/>
    <property name="file.separator" value="\"/>
    <property name="java.vendor.url.bug" value="http://bugreport.sun.com/bugreport/"/>
    <property name="sun.cpu.endian" value="little"/>
    <property name="sun.io.unicode.encoding" value="UnicodeLittle"/>
    <property name="sun.desktop" value="windows"/>
    <property name="sun.cpu.isalist" value="amd64"/>
  </properties>
  <testcase classname="com.timesofindia.tests.ToiTest" name="toiPageVerification" time="23.765">
    <failure message="unknown error: Element &lt;li&gt;...&lt;/li&gt; is not clickable at point (187, 624). Other element would receive the click: &lt;iframe id=&quot;google_ads_iframe_/7176/TOI_MWeb/TOI_MWeb_Home/TOI_MWeb_HP_PT_FBN_0&quot; title=&quot;3rd party ad content&quot; name=&quot;google_ads_iframe_/7176/TOI_MWeb/TOI_MWeb_Home/TOI_MWeb_HP_PT_FBN_0&quot; width=&quot;320&quot; height=&quot;50&quot; scrolling=&quot;no&quot; marginwidth=&quot;0&quot; marginheight=&quot;0&quot; frameborder=&quot;0&quot; style=&quot;border: 0px; vertical-align: bottom;&quot;&gt;&lt;/iframe&gt;
  (Session info: chrome=58.0.3029.110)
  (Driver info: chromedriver=2.29.461591 (62ebf098771772160f391d75e589dc567915b233),platform=Windows NT 6.3.9600 x86_64) (WARNING: The server did not provide any stacktrace information)
Command duration or timeout: 100 milliseconds
Build info: version: &apos;2.53.0&apos;, revision: &apos;35ae25b1534ae328c771e0856c93e187490ca824&apos;, time: &apos;2016-03-15 10:43:46&apos;
System info: host: &apos;icpl12186&apos;, ip: &apos;10.11.28.37&apos;, os.name: &apos;Windows 8.1&apos;, os.arch: &apos;amd64&apos;, os.version: &apos;6.3&apos;, java.version: &apos;1.8.0_111&apos;
Driver info: com.qmetry.qaf.automation.ui.webdriver.QAFExtendedWebDriver
Capabilities [{applicationCacheEnabled=false, rotatable=false, mobileEmulationEnabled=true, networkConnectionEnabled=false, chrome={chromedriverVersion=2.29.461591 (62ebf098771772160f391d75e589dc567915b233), userDataDir=C:\Users\TAPAS~1.PAD\AppData\Local\Temp\scoped_dir9304_7648}, takesHeapSnapshot=true, pageLoadStrategy=normal, databaseEnabled=false, handlesAlerts=true, hasTouchScreen=true, version=58.0.3029.110, platform=WIN8_1, browserConnectionEnabled=false, nativeEvents=true, acceptSslCerts=true, locationContextEnabled=true, webStorageEnabled=true, browserName=chrome, takesScreenshot=true, javascriptEnabled=true, cssSelectorsEnabled=true, unexpectedAlertBehaviour=}]
Session ID: e6eeea16ae7a8dcd7fe2145787690fa6" type="org.openqa.selenium.WebDriverException">org.openqa.selenium.WebDriverException: unknown error: Element &lt;li&gt;...&lt;/li&gt; is not clickable at point (187, 624). Other element would receive the click: &lt;iframe id=&quot;google_ads_iframe_/7176/TOI_MWeb/TOI_MWeb_Home/TOI_MWeb_HP_PT_FBN_0&quot; title=&quot;3rd party ad content&quot; name=&quot;google_ads_iframe_/7176/TOI_MWeb/TOI_MWeb_Home/TOI_MWeb_HP_PT_FBN_0&quot; width=&quot;320&quot; height=&quot;50&quot; scrolling=&quot;no&quot; marginwidth=&quot;0&quot; marginheight=&quot;0&quot; frameborder=&quot;0&quot; style=&quot;border: 0px; vertical-align: bottom;&quot;&gt;&lt;/iframe&gt;
  (Session info: chrome=58.0.3029.110)
  (Driver info: chromedriver=2.29.461591 (62ebf098771772160f391d75e589dc567915b233),platform=Windows NT 6.3.9600 x86_64) (WARNING: The server did not provide any stacktrace information)
Command duration or timeout: 100 milliseconds
Build info: version: &apos;2.53.0&apos;, revision: &apos;35ae25b1534ae328c771e0856c93e187490ca824&apos;, time: &apos;2016-03-15 10:43:46&apos;
System info: host: &apos;icpl12186&apos;, ip: &apos;10.11.28.37&apos;, os.name: &apos;Windows 8.1&apos;, os.arch: &apos;amd64&apos;, os.version: &apos;6.3&apos;, java.version: &apos;1.8.0_111&apos;
Driver info: com.qmetry.qaf.automation.ui.webdriver.QAFExtendedWebDriver
Capabilities [{applicationCacheEnabled=false, rotatable=false, mobileEmulationEnabled=true, networkConnectionEnabled=false, chrome={chromedriverVersion=2.29.461591 (62ebf098771772160f391d75e589dc567915b233), userDataDir=C:\Users\TAPAS~1.PAD\AppData\Local\Temp\scoped_dir9304_7648}, takesHeapSnapshot=true, pageLoadStrategy=normal, databaseEnabled=false, handlesAlerts=true, hasTouchScreen=true, version=58.0.3029.110, platform=WIN8_1, browserConnectionEnabled=false, nativeEvents=true, acceptSslCerts=true, locationContextEnabled=true, webStorageEnabled=true, browserName=chrome, takesScreenshot=true, javascriptEnabled=true, cssSelectorsEnabled=true, unexpectedAlertBehaviour=}]
Session ID: e6eeea16ae7a8dcd7fe2145787690fa6
	at sun.reflect.NativeConstructorAccessorImpl.newInstance0(Native Method)
	at sun.reflect.NativeConstructorAccessorImpl.newInstance(NativeConstructorAccessorImpl.java:62)
	at sun.reflect.DelegatingConstructorAccessorImpl.newInstance(DelegatingConstructorAccessorImpl.java:45)
	at java.lang.reflect.Constructor.newInstance(Constructor.java:423)
	at org.openqa.selenium.remote.ErrorHandler.createThrowable(ErrorHandler.java:206)
	at org.openqa.selenium.remote.ErrorHandler.throwIfResponseFailed(ErrorHandler.java:158)
	at org.openqa.selenium.remote.RemoteWebDriver.execute(RemoteWebDriver.java:678)
	at com.qmetry.qaf.automation.ui.webdriver.QAFExtendedWebDriver.executeWitoutLog(QAFExtendedWebDriver.java:256)
	at com.qmetry.qaf.automation.ui.webdriver.QAFExtendedWebElement.execute(QAFExtendedWebElement.java:252)
	at org.openqa.selenium.remote.RemoteWebElement.click(RemoteWebElement.java:85)
	at com.timesofindia.defs.DetailsNewsDefs.verifyNewsTitle_aroundBody0(DetailsNewsDefs.java:21)
	at com.timesofindia.defs.DetailsNewsDefs$AjcClosure1.run(DetailsNewsDefs.java:1)
	at org.aspectj.runtime.reflect.JoinPointImpl.proceed(JoinPointImpl.java:149)
	at com.qmetry.qaf.automation.step.JavaStepReporter$MockJavaStep.doExecute(JavaStepReporter.java:138)
	at com.qmetry.qaf.automation.step.BaseTestStep.execute(BaseTestStep.java:149)
	at com.qmetry.qaf.automation.step.JavaStepReporter.javaTestStep(JavaStepReporter.java:88)
	at com.timesofindia.defs.DetailsNewsDefs.verifyNewsTitle(DetailsNewsDefs.java:16)
	at com.timesofindia.tests.ToiTest.toiPageVerification(ToiTest.java:30)
</failure>
    <system-out>[ConfigurationManager] - ISFW build info: {qaf-Type=core, qaf-Revision=10, qaf-Version=2.1, qaf-Build-Time=03-Jan-2017 14:01:00}
[ConfigurationManager] - C:\Users\tapas.padhi\WellsAssignment\WellsAssignmentProject\resources\mailer.properties not exist!
[ConfigurationManager] - C:\Users\tapas.padhi\WellsAssignment\WellsAssignmentProject\resources\test_data not exist!
[ConfigurationManager] - C:\Users\tapas.padhi\WellsAssignment\WellsAssignmentProject\resources\mobile_web\object_repository not exist!
[ConfigurationManager] - C:\Users\tapas.padhi\WellsAssignment\WellsAssignmentProject\resources\mobile_web\configuration not exist!
[ConfigurationManager] - C:\Users\tapas.padhi\WellsAssignment\WellsAssignmentProject\resources\mobile_web\translations.properties not exist!
[ConfigurationManager] - Resource dir: C:\Users\tapas.padhi\WellsAssignment\WellsAssignmentProject\resources\mobile_web. Found property files to load: 1
[ConfigurationManager] - Resource dir: C:\Users\tapas.padhi\WellsAssignment\WellsAssignmentProject\resources\mobile_web. Found property files to load: 0
[QAFTestBase] - Initializing Driver...browser_str:chromeDriver,base_url:http://m.timesofindia.com,sel_server:localhost,port:4444
[UiDriverFactory] - Driver: chromeDriver
driver init done
[WebDriverCommandLogger] - Executing get parameters: {&quot;url&quot;:&quot;http://m.timesofindia.com&quot;}
[WebDriverCommandLogger] - command: get[ param-1: {url=http://m.timesofindia.com}] Result: null
[WebDriverCommandLogger] - Executing maximizeWindow parameters: {&quot;windowHandle&quot;:&quot;current&quot;}
[WebDriverCommandLogger] - command: maximizeWindow[ param-1: {windowHandle=current}] Result: null
[WebDriverCommandLogger] - Executing findElements parameters: {&quot;using&quot;:&quot;xpath&quot;,&quot;value&quot;:&quot;//div[@class=&apos;ntfc_content&apos;]&quot;}
[WebDriverCommandLogger] - command: findElements[ param-1: {value=//div[@class=&apos;ntfc_content&apos;], using=xpath}] Result: []
[WebDriverCommandLogger] - Executing findElements parameters: {&quot;using&quot;:&quot;xpath&quot;,&quot;value&quot;:&quot;//div[@class=&apos;ntfc_content&apos;]&quot;}
[WebDriverCommandLogger] - command: findElements[ param-1: {value=//div[@class=&apos;ntfc_content&apos;], using=xpath}] Result: []
[WebDriverCommandLogger] - Executing findElements parameters: {&quot;using&quot;:&quot;xpath&quot;,&quot;value&quot;:&quot;//div[@class=&apos;ntfc_content&apos;]&quot;}
[WebDriverCommandLogger] - command: findElements[ param-1: {value=//div[@class=&apos;ntfc_content&apos;], using=xpath}] Result: []
[WebDriverCommandLogger] - Executing findElements parameters: {&quot;using&quot;:&quot;xpath&quot;,&quot;value&quot;:&quot;//div[@class=&apos;ntfc_content&apos;]&quot;}
[WebDriverCommandLogger] - command: findElements[ param-1: {value=//div[@class=&apos;ntfc_content&apos;], using=xpath}] Result: []
[WebDriverCommandLogger] - Executing findElements parameters: {&quot;using&quot;:&quot;xpath&quot;,&quot;value&quot;:&quot;//div[@class=&apos;ntfc_content&apos;]&quot;}
[WebDriverCommandLogger] - command: findElements[ param-1: {value=//div[@class=&apos;ntfc_content&apos;], using=xpath}] Result: []
[WebDriverCommandLogger] - Executing findElements parameters: {&quot;using&quot;:&quot;xpath&quot;,&quot;value&quot;:&quot;//div[@class=&apos;ntfc_content&apos;]&quot;}
[WebDriverCommandLogger] - command: findElements[ param-1: {value=//div[@class=&apos;ntfc_content&apos;], using=xpath}] Result: []
[WebDriverCommandLogger] - Executing findElements parameters: {&quot;using&quot;:&quot;xpath&quot;,&quot;value&quot;:&quot;//div[@class=&apos;ntfc_content&apos;]&quot;}
[WebDriverCommandLogger] - command: findElements[ param-1: {value=//div[@class=&apos;ntfc_content&apos;], using=xpath}] Result: []
[WebDriverCommandLogger] - Executing findElements parameters: {&quot;using&quot;:&quot;xpath&quot;,&quot;value&quot;:&quot;//div[@class=&apos;ntfc_content&apos;]&quot;}
[WebDriverCommandLogger] - command: findElements[ param-1: {value=//div[@class=&apos;ntfc_content&apos;], using=xpath}] Result: []
[WebDriverCommandLogger] - Executing findElements parameters: {&quot;using&quot;:&quot;xpath&quot;,&quot;value&quot;:&quot;//div[@class=&apos;ntfc_content&apos;]&quot;}
[WebDriverCommandLogger] - command: findElements[ param-1: {value=//div[@class=&apos;ntfc_content&apos;], using=xpath}] Result: []
[WebDriverCommandLogger] - Executing findElements parameters: {&quot;using&quot;:&quot;xpath&quot;,&quot;value&quot;:&quot;//div[@class=&apos;ntfc_content&apos;]&quot;}
[WebDriverCommandLogger] - command: findElements[ param-1: {value=//div[@class=&apos;ntfc_content&apos;], using=xpath}] Result: []
[WebDriverCommandLogger] - Executing findElements parameters: {&quot;using&quot;:&quot;xpath&quot;,&quot;value&quot;:&quot;//div[@class=&apos;ntfc_content&apos;]&quot;}
[WebDriverCommandLogger] - command: findElements[ param-1: {value=//div[@class=&apos;ntfc_content&apos;], using=xpath}] Result: []
[WebDriverCommandLogger] - Executing findElements parameters: {&quot;using&quot;:&quot;xpath&quot;,&quot;value&quot;:&quot;//div[@class=&apos;remaning_news clearfix&apos;]/ul/li&quot;}
[WebDriverCommandLogger] - command: findElements[ param-1: {value=//div[@class=&apos;remaning_news clearfix&apos;]/ul/li, using=xpath}] Result: [id: 0.3508764776976765-1, id: 0.3508764776976765-2, id: 0.3508764776976765-3, id: 0.3508764776976765-4, id: 0.3508764776976765-5, id: 0.3508764776976765-6, id: 0.3508764776976765-7, id: 0.3508764776976765-8, id: 0.3508764776976765-9, id: 0.3508764776976765-10, id: 0.3508764776976765-11, id: 0.3508764776976765-12, id: 0.3508764776976765-13, id: 0.3508764776976765-14, id: 0.3508764776976765-15, id: 0.3508764776976765-16, id: 0.3508764776976765-17, id: 0.3508764776976765-18, id: 0.3508764776976765-19, id: 0.3508764776976765-20, id: 0.3508764776976765-21]
TopStory size count is 21
[WebDriverCommandLogger] - Executing findElements parameters: {&quot;using&quot;:&quot;xpath&quot;,&quot;value&quot;:&quot;//div[@class=&apos;remaning_news clearfix&apos;]/ul/li&quot;}
[WebDriverCommandLogger] - command: findElements[ param-1: {value=//div[@class=&apos;remaning_news clearfix&apos;]/ul/li, using=xpath}] Result: [id: 0.3508764776976765-1, id: 0.3508764776976765-2, id: 0.3508764776976765-3, id: 0.3508764776976765-4, id: 0.3508764776976765-5, id: 0.3508764776976765-6, id: 0.3508764776976765-7, id: 0.3508764776976765-8, id: 0.3508764776976765-9, id: 0.3508764776976765-10, id: 0.3508764776976765-11, id: 0.3508764776976765-12, id: 0.3508764776976765-13, id: 0.3508764776976765-14, id: 0.3508764776976765-15, id: 0.3508764776976765-16, id: 0.3508764776976765-17, id: 0.3508764776976765-18, id: 0.3508764776976765-19, id: 0.3508764776976765-20, id: 0.3508764776976765-21]
[WebDriverCommandLogger] - Executing getElementText element: By.xpath: //div[@class=&apos;remaning_news clearfix&apos;]/ul/li parameters: {&quot;id&quot;:&quot;0.3508764776976765-1&quot;}
[WebDriverCommandLogger] - command: getElementText[ param-1: By.xpath: //div[@class=&apos;remaning_news clearfix&apos;]/ul/li param-2: {&quot;id&quot;:&quot;0.3508764776976765-1&quot;}] Result: getElementText:We are not invincible, says Virat Kohli ahead of &apos;virtual quarters&apos;
39 mins ago
[WebDriverCommandLogger] - Executing getElementText element: By.xpath: //div[@class=&apos;remaning_news clearfix&apos;]/ul/li parameters: {&quot;id&quot;:&quot;0.3508764776976765-2&quot;}
[WebDriverCommandLogger] - command: getElementText[ param-1: By.xpath: //div[@class=&apos;remaning_news clearfix&apos;]/ul/li param-2: {&quot;id&quot;:&quot;0.3508764776976765-2&quot;}] Result: getElementText:Britain, Brexit in disarray as PM May&apos;s election gamble backfires
48 mins ago
[WebDriverCommandLogger] - Executing getElementText element: By.xpath: //div[@class=&apos;remaning_news clearfix&apos;]/ul/li parameters: {&quot;id&quot;:&quot;0.3508764776976765-3&quot;}
[WebDriverCommandLogger] - command: getElementText[ param-1: By.xpath: //div[@class=&apos;remaning_news clearfix&apos;]/ul/li param-2: {&quot;id&quot;:&quot;0.3508764776976765-3&quot;}] Result: getElementText:PM Modi meets Chinese President Xi Jinping on SCO sidelines
2 hrs ago
[WebDriverCommandLogger] - Executing getElementText element: By.xpath: //div[@class=&apos;remaning_news clearfix&apos;]/ul/li parameters: {&quot;id&quot;:&quot;0.3508764776976765-4&quot;}
[WebDriverCommandLogger] - command: getElementText[ param-1: By.xpath: //div[@class=&apos;remaning_news clearfix&apos;]/ul/li param-2: {&quot;id&quot;:&quot;0.3508764776976765-4&quot;}] Result: getElementText:Live: Labour Party will seek to form minority govt in UK
12 hrs ago
[WebDriverCommandLogger] - Executing getElementText element: By.xpath: //div[@class=&apos;remaning_news clearfix&apos;]/ul/li parameters: {&quot;id&quot;:&quot;0.3508764776976765-5&quot;}
[WebDriverCommandLogger] - command: getElementText[ param-1: By.xpath: //div[@class=&apos;remaning_news clearfix&apos;]/ul/li param-2: {&quot;id&quot;:&quot;0.3508764776976765-5&quot;}] Result: getElementText:Labour&apos;s Indian-origin candidates shine in UK polls
2 hrs ago
[WebDriverCommandLogger] - Executing getElementText element: By.xpath: //div[@class=&apos;remaning_news clearfix&apos;]/ul/li parameters: {&quot;id&quot;:&quot;0.3508764776976765-6&quot;}
[WebDriverCommandLogger] - command: getElementText[ param-1: By.xpath: //div[@class=&apos;remaning_news clearfix&apos;]/ul/li param-2: {&quot;id&quot;:&quot;0.3508764776976765-6&quot;}] Result: getElementText:Islamic State claims it killed two Chinese in Pakistan
42 mins ago
[WebDriverCommandLogger] - Executing getElementText element: By.xpath: //div[@class=&apos;remaning_news clearfix&apos;]/ul/li parameters: {&quot;id&quot;:&quot;0.3508764776976765-7&quot;}
[WebDriverCommandLogger] - command: getElementText[ param-1: By.xpath: //div[@class=&apos;remaning_news clearfix&apos;]/ul/li param-2: {&quot;id&quot;:&quot;0.3508764776976765-7&quot;}] Result: getElementText:Infosys founders looking to sell their stake in company
2 hrs ago
[WebDriverCommandLogger] - Executing getElementText element: By.xpath: //div[@class=&apos;remaning_news clearfix&apos;]/ul/li parameters: {&quot;id&quot;:&quot;0.3508764776976765-8&quot;}
[WebDriverCommandLogger] - command: getElementText[ param-1: By.xpath: //div[@class=&apos;remaning_news clearfix&apos;]/ul/li param-2: {&quot;id&quot;:&quot;0.3508764776976765-8&quot;}] Result: getElementText:iPhone 6 available at a discount of over Rs 14,000
1 hr ago
[WebDriverCommandLogger] - Executing getElementText element: By.xpath: //div[@class=&apos;remaning_news clearfix&apos;]/ul/li parameters: {&quot;id&quot;:&quot;0.3508764776976765-9&quot;}
[WebDriverCommandLogger] - command: getElementText[ param-1: By.xpath: //div[@class=&apos;remaning_news clearfix&apos;]/ul/li param-2: {&quot;id&quot;:&quot;0.3508764776976765-9&quot;}] Result: getElementText:UP Board Class 12th Result 2017 declared
10 mins ago
[WebDriverCommandLogger] - Executing getElementText element: By.xpath: //div[@class=&apos;remaning_news clearfix&apos;]/ul/li parameters: {&quot;id&quot;:&quot;0.3508764776976765-10&quot;}
[WebDriverCommandLogger] - command: getElementText[ param-1: By.xpath: //div[@class=&apos;remaning_news clearfix&apos;]/ul/li param-2: {&quot;id&quot;:&quot;0.3508764776976765-10&quot;}] Result: getElementText:UP Board Class 10th Result 2017 declared
8 mins ago
[WebDriverCommandLogger] - Executing getElementText element: By.xpath: //div[@class=&apos;remaning_news clearfix&apos;]/ul/li parameters: {&quot;id&quot;:&quot;0.3508764776976765-11&quot;}
[WebDriverCommandLogger] - command: getElementText[ param-1: By.xpath: //div[@class=&apos;remaning_news clearfix&apos;]/ul/li param-2: {&quot;id&quot;:&quot;0.3508764776976765-11&quot;}] Result: getElementText:Day-long curfew relaxation in Mandsaur city, Pipliamandi
2 hrs ago
[WebDriverCommandLogger] - Executing getElementText element: By.xpath: //div[@class=&apos;remaning_news clearfix&apos;]/ul/li parameters: {&quot;id&quot;:&quot;0.3508764776976765-12&quot;}
[WebDriverCommandLogger] - command: getElementText[ param-1: By.xpath: //div[@class=&apos;remaning_news clearfix&apos;]/ul/li param-2: {&quot;id&quot;:&quot;0.3508764776976765-12&quot;}] Result: getElementText:CAC seeks more time to decide on Anil Kumble&apos;s future
3 hrs ago
[WebDriverCommandLogger] - Executing getElementText element: By.xpath: //div[@class=&apos;remaning_news clearfix&apos;]/ul/li parameters: {&quot;id&quot;:&quot;0.3508764776976765-13&quot;}
[WebDriverCommandLogger] - command: getElementText[ param-1: By.xpath: //div[@class=&apos;remaning_news clearfix&apos;]/ul/li param-2: {&quot;id&quot;:&quot;0.3508764776976765-13&quot;}] Result: getElementText:Air India plane overshoots runway in Jammu while landing, airport closed
1 hr ago
[WebDriverCommandLogger] - Executing getElementText element: By.xpath: //div[@class=&apos;remaning_news clearfix&apos;]/ul/li parameters: {&quot;id&quot;:&quot;0.3508764776976765-14&quot;}
[WebDriverCommandLogger] - command: getElementText[ param-1: By.xpath: //div[@class=&apos;remaning_news clearfix&apos;]/ul/li param-2: {&quot;id&quot;:&quot;0.3508764776976765-14&quot;}] Result: getElementText:Partnership is best way to describe Indo-US relationship: Navtej Sarna
5 hrs ago
[WebDriverCommandLogger] - Executing getElementText element: By.xpath: //div[@class=&apos;remaning_news clearfix&apos;]/ul/li parameters: {&quot;id&quot;:&quot;0.3508764776976765-15&quot;}
[WebDriverCommandLogger] - command: getElementText[ param-1: By.xpath: //div[@class=&apos;remaning_news clearfix&apos;]/ul/li param-2: {&quot;id&quot;:&quot;0.3508764776976765-15&quot;}] Result: getElementText:Delhi: Pharmacist helps deliver baby, leaves needle inside patient&apos;s body
5 hrs ago
[WebDriverCommandLogger] - Executing getElementText element: By.xpath: //div[@class=&apos;remaning_news clearfix&apos;]/ul/li parameters: {&quot;id&quot;:&quot;0.3508764776976765-16&quot;}
[WebDriverCommandLogger] - command: getElementText[ param-1: By.xpath: //div[@class=&apos;remaning_news clearfix&apos;]/ul/li param-2: {&quot;id&quot;:&quot;0.3508764776976765-16&quot;}] Result: getElementText:Do not panic, embassy tells Indians in Qatar
11 hrs ago
[WebDriverCommandLogger] - Executing getElementText element: By.xpath: //div[@class=&apos;remaning_news clearfix&apos;]/ul/li parameters: {&quot;id&quot;:&quot;0.3508764776976765-17&quot;}
[WebDriverCommandLogger] - command: getElementText[ param-1: By.xpath: //div[@class=&apos;remaning_news clearfix&apos;]/ul/li param-2: {&quot;id&quot;:&quot;0.3508764776976765-17&quot;}] Result: getElementText:Chhota Shakeel&apos;s aide arrested, was planning to target Tarek Fateh
1 hr ago
[WebDriverCommandLogger] - Executing getElementText element: By.xpath: //div[@class=&apos;remaning_news clearfix&apos;]/ul/li parameters: {&quot;id&quot;:&quot;0.3508764776976765-18&quot;}
[WebDriverCommandLogger] - command: getElementText[ param-1: By.xpath: //div[@class=&apos;remaning_news clearfix&apos;]/ul/li param-2: {&quot;id&quot;:&quot;0.3508764776976765-18&quot;}] Result: getElementText:Raabta movie review
2 hrs ago
[WebDriverCommandLogger] - Executing getElementText element: By.xpath: //div[@class=&apos;remaning_news clearfix&apos;]/ul/li parameters: {&quot;id&quot;:&quot;0.3508764776976765-19&quot;}
[WebDriverCommandLogger] - command: getElementText[ param-1: By.xpath: //div[@class=&apos;remaning_news clearfix&apos;]/ul/li param-2: {&quot;id&quot;:&quot;0.3508764776976765-19&quot;}] Result: getElementText:Pakistani model bares it all in these pictures
5 hrs ago
[WebDriverCommandLogger] - Executing getElementText element: By.xpath: //div[@class=&apos;remaning_news clearfix&apos;]/ul/li parameters: {&quot;id&quot;:&quot;0.3508764776976765-20&quot;}
[WebDriverCommandLogger] - command: getElementText[ param-1: By.xpath: //div[@class=&apos;remaning_news clearfix&apos;]/ul/li param-2: {&quot;id&quot;:&quot;0.3508764776976765-20&quot;}] Result: getElementText:Telangana snaps power to Andhra Pradesh over Rs 1,600 crore dues
5 hrs ago
[WebDriverCommandLogger] - Executing getElementText element: By.xpath: //div[@class=&apos;remaning_news clearfix&apos;]/ul/li parameters: {&quot;id&quot;:&quot;0.3508764776976765-21&quot;}
[WebDriverCommandLogger] - command: getElementText[ param-1: By.xpath: //div[@class=&apos;remaning_news clearfix&apos;]/ul/li param-2: {&quot;id&quot;:&quot;0.3508764776976765-21&quot;}] Result: getElementText:This Chennai bus conductor plants 38,000 trees
38 mins ago
[WebDriverCommandLogger] - Executing findElements parameters: {&quot;using&quot;:&quot;xpath&quot;,&quot;value&quot;:&quot;//div[@class=&apos;remaning_news clearfix&apos;]/ul/li&quot;}
[WebDriverCommandLogger] - command: findElements[ param-1: {value=//div[@class=&apos;remaning_news clearfix&apos;]/ul/li, using=xpath}] Result: [id: 0.3508764776976765-1, id: 0.3508764776976765-2, id: 0.3508764776976765-3, id: 0.3508764776976765-4, id: 0.3508764776976765-5, id: 0.3508764776976765-6, id: 0.3508764776976765-7, id: 0.3508764776976765-8, id: 0.3508764776976765-9, id: 0.3508764776976765-10, id: 0.3508764776976765-11, id: 0.3508764776976765-12, id: 0.3508764776976765-13, id: 0.3508764776976765-14, id: 0.3508764776976765-15, id: 0.3508764776976765-16, id: 0.3508764776976765-17, id: 0.3508764776976765-18, id: 0.3508764776976765-19, id: 0.3508764776976765-20, id: 0.3508764776976765-21]
[WebDriverCommandLogger] - Executing findElements parameters: {&quot;using&quot;:&quot;xpath&quot;,&quot;value&quot;:&quot;//div[@class=&apos;remaning_news clearfix&apos;]/ul/li&quot;}
[WebDriverCommandLogger] - command: findElements[ param-1: {value=//div[@class=&apos;remaning_news clearfix&apos;]/ul/li, using=xpath}] Result: [id: 0.3508764776976765-1, id: 0.3508764776976765-2, id: 0.3508764776976765-3, id: 0.3508764776976765-4, id: 0.3508764776976765-5, id: 0.3508764776976765-6, id: 0.3508764776976765-7, id: 0.3508764776976765-8, id: 0.3508764776976765-9, id: 0.3508764776976765-10, id: 0.3508764776976765-11, id: 0.3508764776976765-12, id: 0.3508764776976765-13, id: 0.3508764776976765-14, id: 0.3508764776976765-15, id: 0.3508764776976765-16, id: 0.3508764776976765-17, id: 0.3508764776976765-18, id: 0.3508764776976765-19, id: 0.3508764776976765-20, id: 0.3508764776976765-21]
[WebDriverCommandLogger] - Executing clickElement element: By.xpath: //div[@class=&apos;remaning_news clearfix&apos;]/ul/li parameters: {&quot;id&quot;:&quot;0.3508764776976765-1&quot;}
[WebDriverCommandLogger] - command: clickElement[ param-1: By.xpath: //div[@class=&apos;remaning_news clearfix&apos;]/ul/li param-2: {&quot;id&quot;:&quot;0.3508764776976765-1&quot;}] Result: clickElement:null
[WebDriverCommandLogger] - Executing getTitle parameters: {}
[WebDriverCommandLogger] - command: getTitle[ param-1: {}] Result: Champions Trophy: Great scenario to have two quarter-finals: Virat Kohli - The Times of India on Mobile
[WebDriverCommandLogger] - Executing goBack parameters: {}
[WebDriverCommandLogger] - command: goBack[ param-1: {}] Result: null
[WebDriverCommandLogger] - Executing findElements parameters: {&quot;using&quot;:&quot;xpath&quot;,&quot;value&quot;:&quot;//a[@id=&apos;logo&apos;]&quot;}
[WebDriverCommandLogger] - command: findElements[ param-1: {value=//a[@id=&apos;logo&apos;], using=xpath}] Result: [id: 0.5315706303571195-1]
[WebDriverCommandLogger] - Executing screenshot parameters: {}
[QAFTestBase] - Capturing screen shottoiPageVerification_518wihmi91m623347.png
[WebDriverCommandLogger] - Executing findElements parameters: {&quot;using&quot;:&quot;xpath&quot;,&quot;value&quot;:&quot;//div[@class=&apos;remaning_news clearfix&apos;]/ul/li&quot;}
[WebDriverCommandLogger] - command: findElements[ param-1: {value=//div[@class=&apos;remaning_news clearfix&apos;]/ul/li, using=xpath}] Result: [id: 0.5315706303571195-2, id: 0.5315706303571195-3, id: 0.5315706303571195-4, id: 0.5315706303571195-5, id: 0.5315706303571195-6, id: 0.5315706303571195-7, id: 0.5315706303571195-8, id: 0.5315706303571195-9, id: 0.5315706303571195-10, id: 0.5315706303571195-11, id: 0.5315706303571195-12, id: 0.5315706303571195-13, id: 0.5315706303571195-14, id: 0.5315706303571195-15, id: 0.5315706303571195-16, id: 0.5315706303571195-17, id: 0.5315706303571195-18, id: 0.5315706303571195-19, id: 0.5315706303571195-20, id: 0.5315706303571195-21, id: 0.5315706303571195-22]
[WebDriverCommandLogger] - Executing findElements parameters: {&quot;using&quot;:&quot;xpath&quot;,&quot;value&quot;:&quot;//div[@class=&apos;remaning_news clearfix&apos;]/ul/li&quot;}
[WebDriverCommandLogger] - command: findElements[ param-1: {value=//div[@class=&apos;remaning_news clearfix&apos;]/ul/li, using=xpath}] Result: [id: 0.5315706303571195-2, id: 0.5315706303571195-3, id: 0.5315706303571195-4, id: 0.5315706303571195-5, id: 0.5315706303571195-6, id: 0.5315706303571195-7, id: 0.5315706303571195-8, id: 0.5315706303571195-9, id: 0.5315706303571195-10, id: 0.5315706303571195-11, id: 0.5315706303571195-12, id: 0.5315706303571195-13, id: 0.5315706303571195-14, id: 0.5315706303571195-15, id: 0.5315706303571195-16, id: 0.5315706303571195-17, id: 0.5315706303571195-18, id: 0.5315706303571195-19, id: 0.5315706303571195-20, id: 0.5315706303571195-21, id: 0.5315706303571195-22]
[WebDriverCommandLogger] - Executing clickElement element: By.xpath: //div[@class=&apos;remaning_news clearfix&apos;]/ul/li parameters: {&quot;id&quot;:&quot;0.5315706303571195-3&quot;}
[WebDriverCommandLogger] - command: clickElement[ param-1: By.xpath: //div[@class=&apos;remaning_news clearfix&apos;]/ul/li param-2: {&quot;id&quot;:&quot;0.5315706303571195-3&quot;}] Result: clickElement:null
[WebDriverCommandLogger] - Executing getTitle parameters: {}
[WebDriverCommandLogger] - command: getTitle[ param-1: {}] Result: Theresa May: UK election deals May a crushing blow, blurring Brexit talks - The Times of India on Mobile
[WebDriverCommandLogger] - Executing goBack parameters: {}
[WebDriverCommandLogger] - command: goBack[ param-1: {}] Result: null
[WebDriverCommandLogger] - Executing findElements parameters: {&quot;using&quot;:&quot;xpath&quot;,&quot;value&quot;:&quot;//a[@id=&apos;logo&apos;]&quot;}
[WebDriverCommandLogger] - command: findElements[ param-1: {value=//a[@id=&apos;logo&apos;], using=xpath}] Result: [id: 0.9239470425567755-1]
[WebDriverCommandLogger] - Executing screenshot parameters: {}
[QAFTestBase] - Capturing screen shottoiPageVerification_1s47tsflu99hx23348.png
[WebDriverCommandLogger] - Executing findElements parameters: {&quot;using&quot;:&quot;xpath&quot;,&quot;value&quot;:&quot;//div[@class=&apos;remaning_news clearfix&apos;]/ul/li&quot;}
[WebDriverCommandLogger] - command: findElements[ param-1: {value=//div[@class=&apos;remaning_news clearfix&apos;]/ul/li, using=xpath}] Result: [id: 0.9239470425567755-2, id: 0.9239470425567755-3, id: 0.9239470425567755-4, id: 0.9239470425567755-5, id: 0.9239470425567755-6, id: 0.9239470425567755-7, id: 0.9239470425567755-8, id: 0.9239470425567755-9, id: 0.9239470425567755-10, id: 0.9239470425567755-11, id: 0.9239470425567755-12, id: 0.9239470425567755-13, id: 0.9239470425567755-14, id: 0.9239470425567755-15, id: 0.9239470425567755-16, id: 0.9239470425567755-17, id: 0.9239470425567755-18, id: 0.9239470425567755-19, id: 0.9239470425567755-20, id: 0.9239470425567755-21, id: 0.9239470425567755-22]
[WebDriverCommandLogger] - Executing findElements parameters: {&quot;using&quot;:&quot;xpath&quot;,&quot;value&quot;:&quot;//div[@class=&apos;remaning_news clearfix&apos;]/ul/li&quot;}
[WebDriverCommandLogger] - command: findElements[ param-1: {value=//div[@class=&apos;remaning_news clearfix&apos;]/ul/li, using=xpath}] Result: [id: 0.9239470425567755-2, id: 0.9239470425567755-3, id: 0.9239470425567755-4, id: 0.9239470425567755-5, id: 0.9239470425567755-6, id: 0.9239470425567755-7, id: 0.9239470425567755-8, id: 0.9239470425567755-9, id: 0.9239470425567755-10, id: 0.9239470425567755-11, id: 0.9239470425567755-12, id: 0.9239470425567755-13, id: 0.9239470425567755-14, id: 0.9239470425567755-15, id: 0.9239470425567755-16, id: 0.9239470425567755-17, id: 0.9239470425567755-18, id: 0.9239470425567755-19, id: 0.9239470425567755-20, id: 0.9239470425567755-21, id: 0.9239470425567755-22]
[WebDriverCommandLogger] - Executing clickElement element: By.xpath: //div[@class=&apos;remaning_news clearfix&apos;]/ul/li parameters: {&quot;id&quot;:&quot;0.9239470425567755-4&quot;}
[WebDriverCommandLogger] - command: clickElement[ param-1: By.xpath: //div[@class=&apos;remaning_news clearfix&apos;]/ul/li param-2: {&quot;id&quot;:&quot;0.9239470425567755-4&quot;}] Result: unknown error: Element &lt;li&gt;...&lt;/li&gt; is not clickable at point (187, 624). Other element would receive the click: &lt;iframe id=&quot;google_ads_iframe_/7176/TOI_MWeb/TOI_MWeb_Home/TOI_MWeb_HP_PT_FBN_0&quot; title=&quot;3rd party ad content&quot; name=&quot;google_ads_iframe_/7176/TOI_MWeb/TOI_MWeb_Home/TOI_MWeb_HP_PT_FBN_0&quot; width=&quot;320&quot; height=&quot;50&quot; scrolling=&quot;no&quot; marginwidth=&quot;0&quot; marginheight=&quot;0&quot; frameborder=&quot;0&quot; style=&quot;border: 0px; vertical-align: bottom;&quot;&gt;&lt;/iframe&gt;
  (Session info: chrome=58.0.3029.110)
  (Driver info: chromedriver=2.29.461591 (62ebf098771772160f391d75e589dc567915b233),platform=Windows NT 6.3.9600 x86_64) (WARNING: The server did not provide any stacktrace information)
Command duration or timeout: 100 milliseconds
Build info: version: &apos;2.53.0&apos;, revision: &apos;35ae25b1534ae328c771e0856c93e187490ca824&apos;, time: &apos;2016-03-15 10:43:46&apos;
System info: host: &apos;icpl12186&apos;, ip: &apos;10.11.28.37&apos;, os.name: &apos;Windows 8.1&apos;, os.arch: &apos;amd64&apos;, os.version: &apos;6.3&apos;, java.version: &apos;1.8.0_111&apos;
Driver info: com.qmetry.qaf.automation.ui.webdriver.QAFExtendedWebDriver
Capabilities [{applicationCacheEnabled=false, rotatable=false, mobileEmulationEnabled=true, networkConnectionEnabled=false, chrome={chromedriverVersion=2.29.461591 (62ebf098771772160f391d75e589dc567915b233), userDataDir=C:\Users\TAPAS~1.PAD\AppData\Local\Temp\scoped_dir9304_7648}, takesHeapSnapshot=true, pageLoadStrategy=normal, databaseEnabled=false, handlesAlerts=true, hasTouchScreen=true, version=58.0.3029.110, platform=WIN8_1, browserConnectionEnabled=false, nativeEvents=true, acceptSslCerts=true, locationContextEnabled=true, webStorageEnabled=true, browserName=chrome, takesScreenshot=true, javascriptEnabled=true, cssSelectorsEnabled=true, unexpectedAlertBehaviour=}]
Session ID: e6eeea16ae7a8dcd7fe2145787690fa6
[WebDriverCommandLogger] - Executing screenshot parameters: {}
[QAFTestBase] - Capturing screen shottoiPageVerification_64i4jxlnj4xa23349.png
</system-out>
    <system-err>log4j:WARN No such property [follow] in org.apache.log4j.FileAppender.
Starting ChromeDriver 2.29.461591 (62ebf098771772160f391d75e589dc567915b233) on port 45556
Only local connections are allowed.
</system-err>
  </testcase>
</testsuite>