<?xml version="1.0" encoding="UTF-8" ?>
<testsuite tests="1" failures="1" name="TestSuite" time="70.942" errors="0" skipped="0">
  <properties>
    <property name="java.runtime.name" value="Java(TM) SE Runtime Environment"/>
    <property name="sun.boot.library.path" value="C:\Program Files\Java\jdk1.8.0_111\jre\bin"/>
    <property name="java.vm.version" value="25.111-b14"/>
    <property name="java.vm.vendor" value="Oracle Corporation"/>
    <property name="maven.multiModuleProjectDirectory" value="C:\Users\tapas.padhi\WellsAssignment\WellsAssignmentProject"/>
    <property name="java.vendor.url" value="http://java.oracle.com/"/>
    <property name="path.separator" value=";"/>
    <property name="guice.disable.misplaced.annotation.check" value="true"/>
    <property name="java.vm.name" value="Java HotSpot(TM) 64-Bit Server VM"/>
    <property name="file.encoding.pkg" value="sun.io"/>
    <property name="user.script" value=""/>
    <property name="user.country" value="US"/>
    <property name="sun.java.launcher" value="SUN_STANDARD"/>
    <property name="sun.os.patch.level" value=""/>
    <property name="java.vm.specification.name" value="Java Virtual Machine Specification"/>
    <property name="user.dir" value="C:\Users\tapas.padhi\WellsAssignment\WellsAssignmentProject"/>
    <property name="java.runtime.version" value="1.8.0_111-b14"/>
    <property name="java.awt.graphicsenv" value="sun.awt.Win32GraphicsEnvironment"/>
    <property name="java.endorsed.dirs" value="C:\Program Files\Java\jdk1.8.0_111\jre\lib\endorsed"/>
    <property name="os.arch" value="amd64"/>
    <property name="java.io.tmpdir" value="C:\Users\TAPAS~1.PAD\AppData\Local\Temp\"/>
    <property name="line.separator" value="
"/>
    <property name="java.vm.specification.vendor" value="Oracle Corporation"/>
    <property name="user.variant" value=""/>
    <property name="os.name" value="Windows 8.1"/>
    <property name="classworlds.conf" value="C:\Users\tapas.padhi\gmworkspace\.metadata\.plugins\org.eclipse.m2e.launching\launches\m2conf6560022097009055260.tmp"/>
    <property name="sun.jnu.encoding" value="Cp1252"/>
    <property name="java.library.path" value="C:\Program Files\Java\jdk1.8.0_111\bin;C:\Windows\Sun\Java\bin;C:\Windows\system32;C:\Windows;C:/Program Files/Java/jre1.8.0_111/bin/server;C:/Program Files/Java/jre1.8.0_111/bin;C:/Program Files/Java/jre1.8.0_111/lib/amd64;C:\ProgramData\Oracle\Java\javapath;C:\Windows\system32;C:\Windows;C:\Windows\System32\Wbem;C:\Windows\System32\WindowsPowerShell\v1.0\;C:\Program Files\Intel\WiFi\bin\;C:\Program Files\Common Files\Intel\WirelessCommon\;C:\Program Files\Git\cmd;C:\Program Files\TortoiseGit\bin;C:\Program Files\Java\jdk1.8.0_111\bin;C:\Program Files (x86)\Skype\Phone\;C:\Program Files\Perforce\DVCS\;C:\Program Files (x86)\Kaspersky Lab\Kaspersky Endpoint Security 10 for Windows SP2\;C:\Software\eclipse-jee-neon-2-win32-x86_64\eclipse;;."/>
    <property name="java.specification.name" value="Java Platform API Specification"/>
    <property name="java.class.version" value="52.0"/>
    <property name="sun.management.compiler" value="HotSpot 64-Bit Tiered Compilers"/>
    <property name="os.version" value="6.3"/>
    <property name="user.home" value="C:\Users\tapas.padhi"/>
    <property name="user.timezone" value="Asia/Calcutta"/>
    <property name="java.awt.printerjob" value="sun.awt.windows.WPrinterJob"/>
    <property name="java.specification.version" value="1.8"/>
    <property name="file.encoding" value="Cp1252"/>
    <property name="user.name" value="tapas.padhi"/>
    <property name="java.class.path" value="/C:/Software/eclipse-jee-neon-2-win32-x86_64/eclipse/plugins/org.eclipse.m2e.maven.runtime_1.7.0.20160603-1931/jars/plexus-classworlds-2.5.2.jar"/>
    <property name="java.vm.specification.version" value="1.8"/>
    <property name="sun.arch.data.model" value="64"/>
    <property name="java.home" value="C:\Program Files\Java\jdk1.8.0_111\jre"/>
    <property name="sun.java.command" value="org.codehaus.plexus.classworlds.launcher.Launcher -B clean install"/>
    <property name="java.specification.vendor" value="Oracle Corporation"/>
    <property name="user.language" value="en"/>
    <property name="awt.toolkit" value="sun.awt.windows.WToolkit"/>
    <property name="java.vm.info" value="mixed mode"/>
    <property name="java.version" value="1.8.0_111"/>
    <property name="java.ext.dirs" value="C:\Program Files\Java\jdk1.8.0_111\jre\lib\ext;C:\Windows\Sun\Java\lib\ext"/>
    <property name="sun.boot.class.path" value="C:\Program Files\Java\jdk1.8.0_111\jre\lib\resources.jar;C:\Program Files\Java\jdk1.8.0_111\jre\lib\rt.jar;C:\Program Files\Java\jdk1.8.0_111\jre\lib\sunrsasign.jar;C:\Program Files\Java\jdk1.8.0_111\jre\lib\jsse.jar;C:\Program Files\Java\jdk1.8.0_111\jre\lib\jce.jar;C:\Program Files\Java\jdk1.8.0_111\jre\lib\charsets.jar;C:\Program Files\Java\jdk1.8.0_111\jre\lib\jfr.jar;C:\Program Files\Java\jdk1.8.0_111\jre\classes"/>
    <property name="java.vendor" value="Oracle Corporation"/>
    <property name="maven.home" value="C:\Users\tapas.padhi\WellsAssignment\WellsAssignmentProject\EMBEDDED"/>
    <property name="file.separator" value="\"/>
    <property name="java.vendor.url.bug" value="http://bugreport.sun.com/bugreport/"/>
    <property name="sun.cpu.endian" value="little"/>
    <property name="sun.io.unicode.encoding" value="UnicodeLittle"/>
    <property name="sun.desktop" value="windows"/>
    <property name="sun.cpu.isalist" value="amd64"/>
  </properties>
  <testcase classname="com.timesofindia.tests.ToiTest" name="toiPageVerificationEntertainment" time="31.709">
    <failure message="Unable to find elements on closed window (WARNING: The server did not provide any stacktrace information)
Command duration or timeout: 31 milliseconds
Build info: version: &apos;2.53.0&apos;, revision: &apos;35ae25b1534ae328c771e0856c93e187490ca824&apos;, time: &apos;2016-03-15 10:43:46&apos;
System info: host: &apos;icpl12186&apos;, ip: &apos;192.168.56.1&apos;, os.name: &apos;Windows 8.1&apos;, os.arch: &apos;amd64&apos;, os.version: &apos;6.3&apos;, java.version: &apos;1.8.0_111&apos;
Driver info: com.qmetry.qaf.automation.ui.webdriver.QAFExtendedWebDriver
Capabilities [{browserAttachTimeout=0, enablePersistentHover=true, ie.forceCreateProcessApi=false, pageLoadStrategy=normal, ie.usePerProcessProxy=false, ignoreZoomSetting=false, handlesAlerts=true, version=11, platform=WINDOWS, nativeEvents=true, ie.ensureCleanSession=false, elementScrollBehavior=0, ie.browserCommandLineSwitches=, requireWindowFocus=false, browserName=internet explorer, initialBrowserUrl=http://localhost:33764/, takesScreenshot=true, javascriptEnabled=true, ignoreProtectedModeSettings=false, enableElementCacheCleanup=true, cssSelectorsEnabled=true, unexpectedAlertBehaviour=dismiss}]
Session ID: d9711cf3-bbdf-4052-97a5-bbfaa5639286
*** Element info: {Using=xpath, value=//div[@class=&apos;entrmnt-wdgt-outer&apos;]//div[@class=&apos;stories&apos;]/ul/li}" type="org.openqa.selenium.NoSuchWindowException">org.openqa.selenium.NoSuchWindowException: Unable to find elements on closed window (WARNING: The server did not provide any stacktrace information)
Command duration or timeout: 31 milliseconds
Build info: version: &apos;2.53.0&apos;, revision: &apos;35ae25b1534ae328c771e0856c93e187490ca824&apos;, time: &apos;2016-03-15 10:43:46&apos;
System info: host: &apos;icpl12186&apos;, ip: &apos;192.168.56.1&apos;, os.name: &apos;Windows 8.1&apos;, os.arch: &apos;amd64&apos;, os.version: &apos;6.3&apos;, java.version: &apos;1.8.0_111&apos;
Driver info: com.qmetry.qaf.automation.ui.webdriver.QAFExtendedWebDriver
Capabilities [{browserAttachTimeout=0, enablePersistentHover=true, ie.forceCreateProcessApi=false, pageLoadStrategy=normal, ie.usePerProcessProxy=false, ignoreZoomSetting=false, handlesAlerts=true, version=11, platform=WINDOWS, nativeEvents=true, ie.ensureCleanSession=false, elementScrollBehavior=0, ie.browserCommandLineSwitches=, requireWindowFocus=false, browserName=internet explorer, initialBrowserUrl=http://localhost:33764/, takesScreenshot=true, javascriptEnabled=true, ignoreProtectedModeSettings=false, enableElementCacheCleanup=true, cssSelectorsEnabled=true, unexpectedAlertBehaviour=dismiss}]
Session ID: d9711cf3-bbdf-4052-97a5-bbfaa5639286
*** Element info: {Using=xpath, value=//div[@class=&apos;entrmnt-wdgt-outer&apos;]//div[@class=&apos;stories&apos;]/ul/li}
	at sun.reflect.GeneratedConstructorAccessor9.newInstance(Unknown Source)
	at sun.reflect.DelegatingConstructorAccessorImpl.newInstance(DelegatingConstructorAccessorImpl.java:45)
	at java.lang.reflect.Constructor.newInstance(Constructor.java:423)
	at org.openqa.selenium.remote.ErrorHandler.createThrowable(ErrorHandler.java:206)
	at org.openqa.selenium.remote.ErrorHandler.throwIfResponseFailed(ErrorHandler.java:158)
	at org.openqa.selenium.remote.RemoteWebDriver.execute(RemoteWebDriver.java:678)
	at com.qmetry.qaf.automation.ui.webdriver.QAFExtendedWebDriver.execute(QAFExtendedWebDriver.java:234)
	at org.openqa.selenium.remote.RemoteWebDriver.findElements(RemoteWebDriver.java:388)
	at org.openqa.selenium.remote.RemoteWebDriver.findElementsByXPath(RemoteWebDriver.java:504)
	at org.openqa.selenium.By$ByXPath.findElements(By.java:356)
	at org.openqa.selenium.remote.RemoteWebDriver.findElements(RemoteWebDriver.java:351)
	at com.qmetry.qaf.automation.ui.webdriver.ComponentListHandler.invoke(ComponentListHandler.java:97)
	at com.sun.proxy.$Proxy13.size(Unknown Source)
	at com.timesofindia.pages.HomePage.getListOfEntertainmentNews(HomePage.java:120)
	at com.timesofindia.defs.HomePageDefs.getEntertainmentNewsList_aroundBody6(HomePageDefs.java:35)
	at com.timesofindia.defs.HomePageDefs$AjcClosure7.run(HomePageDefs.java:1)
	at org.aspectj.runtime.reflect.JoinPointImpl.proceed(JoinPointImpl.java:149)
	at com.qmetry.qaf.automation.step.JavaStepReporter$MockJavaStep.doExecute(JavaStepReporter.java:138)
	at com.qmetry.qaf.automation.step.BaseTestStep.execute(BaseTestStep.java:149)
	at com.qmetry.qaf.automation.step.JavaStepReporter.javaTestStep(JavaStepReporter.java:88)
	at com.timesofindia.defs.HomePageDefs.getEntertainmentNewsList(HomePageDefs.java:33)
	at com.timesofindia.tests.ToiTest.toiPageVerificationEntertainment(ToiTest.java:39)
</failure>
    <system-out>[ConfigurationManager] - ISFW build info: {qaf-Type=core, qaf-Revision=10, qaf-Version=2.1, qaf-Build-Time=03-Jan-2017 14:01:00}
[ConfigurationManager] - C:\Users\tapas.padhi\WellsAssignment\WellsAssignmentProject\resources\mailer.properties not exist!
[ConfigurationManager] - C:\Users\tapas.padhi\WellsAssignment\WellsAssignmentProject\resources\test_data not exist!
[ConfigurationManager] - C:\Users\tapas.padhi\WellsAssignment\WellsAssignmentProject\resources\desktop_web\object_repository not exist!
[ConfigurationManager] - C:\Users\tapas.padhi\WellsAssignment\WellsAssignmentProject\resources\desktop_web\configuration not exist!
[ConfigurationManager] - C:\Users\tapas.padhi\WellsAssignment\WellsAssignmentProject\resources\desktop_web\translations.properties not exist!
[ConfigurationManager] - Resource dir: C:\Users\tapas.padhi\WellsAssignment\WellsAssignmentProject\resources\desktop_web. Found property files to load: 1
[ConfigurationManager] - Resource dir: C:\Users\tapas.padhi\WellsAssignment\WellsAssignmentProject\resources\desktop_web. Found property files to load: 0
[QAFTestBase] - Initializing Driver...browser_str:IExplorerDriver,base_url:http://timesofindia.indiatimes.com/,sel_server:localhost,port:4444
[UiDriverFactory] - Driver: IExplorerDriver
driver init done
[WebDriverCommandLogger] - Executing get parameters: {&quot;url&quot;:&quot;http://timesofindia.indiatimes.com/&quot;}
[WebDriverCommandLogger] - command: get[ param-1: {url=http://timesofindia.indiatimes.com/}] Result: null
[WebDriverCommandLogger] - Executing maximizeWindow parameters: {&quot;windowHandle&quot;:&quot;current&quot;}
[WebDriverCommandLogger] - command: maximizeWindow[ param-1: {windowHandle=current}] Result: null
[WebDriverCommandLogger] - Executing findElements parameters: {&quot;using&quot;:&quot;xpath&quot;,&quot;value&quot;:&quot;//div[@class=&apos;ntfc_content&apos;]&quot;}
[WebDriverCommandLogger] - command: findElements[ param-1: {value=//div[@class=&apos;ntfc_content&apos;], using=xpath}] Result: []
[WebDriverCommandLogger] - Executing findElements parameters: {&quot;using&quot;:&quot;xpath&quot;,&quot;value&quot;:&quot;//div[@class=&apos;ntfc_content&apos;]&quot;}
[WebDriverCommandLogger] - command: findElements[ param-1: {value=//div[@class=&apos;ntfc_content&apos;], using=xpath}] Result: []
[WebDriverCommandLogger] - Executing findElements parameters: {&quot;using&quot;:&quot;xpath&quot;,&quot;value&quot;:&quot;//div[@class=&apos;ntfc_content&apos;]&quot;}
[WebDriverCommandLogger] - command: findElements[ param-1: {value=//div[@class=&apos;ntfc_content&apos;], using=xpath}] Result: []
[WebDriverCommandLogger] - Executing findElements parameters: {&quot;using&quot;:&quot;xpath&quot;,&quot;value&quot;:&quot;//div[@class=&apos;ntfc_content&apos;]&quot;}
[WebDriverCommandLogger] - command: findElements[ param-1: {value=//div[@class=&apos;ntfc_content&apos;], using=xpath}] Result: Unable to find elements on closed window (WARNING: The server did not provide any stacktrace information)
Command duration or timeout: 17 milliseconds
Build info: version: &apos;2.53.0&apos;, revision: &apos;35ae25b1534ae328c771e0856c93e187490ca824&apos;, time: &apos;2016-03-15 10:43:46&apos;
System info: host: &apos;icpl12186&apos;, ip: &apos;192.168.56.1&apos;, os.name: &apos;Windows 8.1&apos;, os.arch: &apos;amd64&apos;, os.version: &apos;6.3&apos;, java.version: &apos;1.8.0_111&apos;
Driver info: com.qmetry.qaf.automation.ui.webdriver.QAFExtendedWebDriver
Capabilities [{browserAttachTimeout=0, enablePersistentHover=true, ie.forceCreateProcessApi=false, pageLoadStrategy=normal, ie.usePerProcessProxy=false, ignoreZoomSetting=false, handlesAlerts=true, version=11, platform=WINDOWS, nativeEvents=true, ie.ensureCleanSession=false, elementScrollBehavior=0, ie.browserCommandLineSwitches=, requireWindowFocus=false, browserName=internet explorer, initialBrowserUrl=http://localhost:33764/, takesScreenshot=true, javascriptEnabled=true, ignoreProtectedModeSettings=false, enableElementCacheCleanup=true, cssSelectorsEnabled=true, unexpectedAlertBehaviour=dismiss}]
Session ID: d9711cf3-bbdf-4052-97a5-bbfaa5639286
*** Element info: {Using=xpath, value=//div[@class=&apos;ntfc_content&apos;]}
[WebDriverCommandLogger] - Executing findElements parameters: {&quot;using&quot;:&quot;xpath&quot;,&quot;value&quot;:&quot;//div[@class=&apos;ntfc_content&apos;]&quot;}
[WebDriverCommandLogger] - command: findElements[ param-1: {value=//div[@class=&apos;ntfc_content&apos;], using=xpath}] Result: Unable to find elements on closed window (WARNING: The server did not provide any stacktrace information)
Command duration or timeout: 14 milliseconds
Build info: version: &apos;2.53.0&apos;, revision: &apos;35ae25b1534ae328c771e0856c93e187490ca824&apos;, time: &apos;2016-03-15 10:43:46&apos;
System info: host: &apos;icpl12186&apos;, ip: &apos;192.168.56.1&apos;, os.name: &apos;Windows 8.1&apos;, os.arch: &apos;amd64&apos;, os.version: &apos;6.3&apos;, java.version: &apos;1.8.0_111&apos;
Driver info: com.qmetry.qaf.automation.ui.webdriver.QAFExtendedWebDriver
Capabilities [{browserAttachTimeout=0, enablePersistentHover=true, ie.forceCreateProcessApi=false, pageLoadStrategy=normal, ie.usePerProcessProxy=false, ignoreZoomSetting=false, handlesAlerts=true, version=11, platform=WINDOWS, nativeEvents=true, ie.ensureCleanSession=false, elementScrollBehavior=0, ie.browserCommandLineSwitches=, requireWindowFocus=false, browserName=internet explorer, initialBrowserUrl=http://localhost:33764/, takesScreenshot=true, javascriptEnabled=true, ignoreProtectedModeSettings=false, enableElementCacheCleanup=true, cssSelectorsEnabled=true, unexpectedAlertBehaviour=dismiss}]
Session ID: d9711cf3-bbdf-4052-97a5-bbfaa5639286
*** Element info: {Using=xpath, value=//div[@class=&apos;ntfc_content&apos;]}
[WebDriverCommandLogger] - Executing findElements parameters: {&quot;using&quot;:&quot;xpath&quot;,&quot;value&quot;:&quot;//div[@class=&apos;ntfc_content&apos;]&quot;}
[WebDriverCommandLogger] - command: findElements[ param-1: {value=//div[@class=&apos;ntfc_content&apos;], using=xpath}] Result: Unable to find elements on closed window (WARNING: The server did not provide any stacktrace information)
Command duration or timeout: 13 milliseconds
Build info: version: &apos;2.53.0&apos;, revision: &apos;35ae25b1534ae328c771e0856c93e187490ca824&apos;, time: &apos;2016-03-15 10:43:46&apos;
System info: host: &apos;icpl12186&apos;, ip: &apos;192.168.56.1&apos;, os.name: &apos;Windows 8.1&apos;, os.arch: &apos;amd64&apos;, os.version: &apos;6.3&apos;, java.version: &apos;1.8.0_111&apos;
Driver info: com.qmetry.qaf.automation.ui.webdriver.QAFExtendedWebDriver
Capabilities [{browserAttachTimeout=0, enablePersistentHover=true, ie.forceCreateProcessApi=false, pageLoadStrategy=normal, ie.usePerProcessProxy=false, ignoreZoomSetting=false, handlesAlerts=true, version=11, platform=WINDOWS, nativeEvents=true, ie.ensureCleanSession=false, elementScrollBehavior=0, ie.browserCommandLineSwitches=, requireWindowFocus=false, browserName=internet explorer, initialBrowserUrl=http://localhost:33764/, takesScreenshot=true, javascriptEnabled=true, ignoreProtectedModeSettings=false, enableElementCacheCleanup=true, cssSelectorsEnabled=true, unexpectedAlertBehaviour=dismiss}]
Session ID: d9711cf3-bbdf-4052-97a5-bbfaa5639286
*** Element info: {Using=xpath, value=//div[@class=&apos;ntfc_content&apos;]}
[WebDriverCommandLogger] - Executing findElements parameters: {&quot;using&quot;:&quot;xpath&quot;,&quot;value&quot;:&quot;//div[@class=&apos;ntfc_content&apos;]&quot;}
[WebDriverCommandLogger] - command: findElements[ param-1: {value=//div[@class=&apos;ntfc_content&apos;], using=xpath}] Result: Unable to find elements on closed window (WARNING: The server did not provide any stacktrace information)
Command duration or timeout: 17 milliseconds
Build info: version: &apos;2.53.0&apos;, revision: &apos;35ae25b1534ae328c771e0856c93e187490ca824&apos;, time: &apos;2016-03-15 10:43:46&apos;
System info: host: &apos;icpl12186&apos;, ip: &apos;192.168.56.1&apos;, os.name: &apos;Windows 8.1&apos;, os.arch: &apos;amd64&apos;, os.version: &apos;6.3&apos;, java.version: &apos;1.8.0_111&apos;
Driver info: com.qmetry.qaf.automation.ui.webdriver.QAFExtendedWebDriver
Capabilities [{browserAttachTimeout=0, enablePersistentHover=true, ie.forceCreateProcessApi=false, pageLoadStrategy=normal, ie.usePerProcessProxy=false, ignoreZoomSetting=false, handlesAlerts=true, version=11, platform=WINDOWS, nativeEvents=true, ie.ensureCleanSession=false, elementScrollBehavior=0, ie.browserCommandLineSwitches=, requireWindowFocus=false, browserName=internet explorer, initialBrowserUrl=http://localhost:33764/, takesScreenshot=true, javascriptEnabled=true, ignoreProtectedModeSettings=false, enableElementCacheCleanup=true, cssSelectorsEnabled=true, unexpectedAlertBehaviour=dismiss}]
Session ID: d9711cf3-bbdf-4052-97a5-bbfaa5639286
*** Element info: {Using=xpath, value=//div[@class=&apos;ntfc_content&apos;]}
[WebDriverCommandLogger] - Executing findElements parameters: {&quot;using&quot;:&quot;xpath&quot;,&quot;value&quot;:&quot;//div[@class=&apos;ntfc_content&apos;]&quot;}
[WebDriverCommandLogger] - command: findElements[ param-1: {value=//div[@class=&apos;ntfc_content&apos;], using=xpath}] Result: Unable to find elements on closed window (WARNING: The server did not provide any stacktrace information)
Command duration or timeout: 17 milliseconds
Build info: version: &apos;2.53.0&apos;, revision: &apos;35ae25b1534ae328c771e0856c93e187490ca824&apos;, time: &apos;2016-03-15 10:43:46&apos;
System info: host: &apos;icpl12186&apos;, ip: &apos;192.168.56.1&apos;, os.name: &apos;Windows 8.1&apos;, os.arch: &apos;amd64&apos;, os.version: &apos;6.3&apos;, java.version: &apos;1.8.0_111&apos;
Driver info: com.qmetry.qaf.automation.ui.webdriver.QAFExtendedWebDriver
Capabilities [{browserAttachTimeout=0, enablePersistentHover=true, ie.forceCreateProcessApi=false, pageLoadStrategy=normal, ie.usePerProcessProxy=false, ignoreZoomSetting=false, handlesAlerts=true, version=11, platform=WINDOWS, nativeEvents=true, ie.ensureCleanSession=false, elementScrollBehavior=0, ie.browserCommandLineSwitches=, requireWindowFocus=false, browserName=internet explorer, initialBrowserUrl=http://localhost:33764/, takesScreenshot=true, javascriptEnabled=true, ignoreProtectedModeSettings=false, enableElementCacheCleanup=true, cssSelectorsEnabled=true, unexpectedAlertBehaviour=dismiss}]
Session ID: d9711cf3-bbdf-4052-97a5-bbfaa5639286
*** Element info: {Using=xpath, value=//div[@class=&apos;ntfc_content&apos;]}
[WebDriverCommandLogger] - Executing findElements parameters: {&quot;using&quot;:&quot;xpath&quot;,&quot;value&quot;:&quot;//div[@class=&apos;ntfc_content&apos;]&quot;}
[WebDriverCommandLogger] - command: findElements[ param-1: {value=//div[@class=&apos;ntfc_content&apos;], using=xpath}] Result: Unable to find elements on closed window (WARNING: The server did not provide any stacktrace information)
Command duration or timeout: 16 milliseconds
Build info: version: &apos;2.53.0&apos;, revision: &apos;35ae25b1534ae328c771e0856c93e187490ca824&apos;, time: &apos;2016-03-15 10:43:46&apos;
System info: host: &apos;icpl12186&apos;, ip: &apos;192.168.56.1&apos;, os.name: &apos;Windows 8.1&apos;, os.arch: &apos;amd64&apos;, os.version: &apos;6.3&apos;, java.version: &apos;1.8.0_111&apos;
Driver info: com.qmetry.qaf.automation.ui.webdriver.QAFExtendedWebDriver
Capabilities [{browserAttachTimeout=0, enablePersistentHover=true, ie.forceCreateProcessApi=false, pageLoadStrategy=normal, ie.usePerProcessProxy=false, ignoreZoomSetting=false, handlesAlerts=true, version=11, platform=WINDOWS, nativeEvents=true, ie.ensureCleanSession=false, elementScrollBehavior=0, ie.browserCommandLineSwitches=, requireWindowFocus=false, browserName=internet explorer, initialBrowserUrl=http://localhost:33764/, takesScreenshot=true, javascriptEnabled=true, ignoreProtectedModeSettings=false, enableElementCacheCleanup=true, cssSelectorsEnabled=true, unexpectedAlertBehaviour=dismiss}]
Session ID: d9711cf3-bbdf-4052-97a5-bbfaa5639286
*** Element info: {Using=xpath, value=//div[@class=&apos;ntfc_content&apos;]}
[WebDriverCommandLogger] - Executing findElements parameters: {&quot;using&quot;:&quot;xpath&quot;,&quot;value&quot;:&quot;//div[@class=&apos;ntfc_content&apos;]&quot;}
[WebDriverCommandLogger] - command: findElements[ param-1: {value=//div[@class=&apos;ntfc_content&apos;], using=xpath}] Result: Unable to find elements on closed window (WARNING: The server did not provide any stacktrace information)
Command duration or timeout: 18 milliseconds
Build info: version: &apos;2.53.0&apos;, revision: &apos;35ae25b1534ae328c771e0856c93e187490ca824&apos;, time: &apos;2016-03-15 10:43:46&apos;
System info: host: &apos;icpl12186&apos;, ip: &apos;192.168.56.1&apos;, os.name: &apos;Windows 8.1&apos;, os.arch: &apos;amd64&apos;, os.version: &apos;6.3&apos;, java.version: &apos;1.8.0_111&apos;
Driver info: com.qmetry.qaf.automation.ui.webdriver.QAFExtendedWebDriver
Capabilities [{browserAttachTimeout=0, enablePersistentHover=true, ie.forceCreateProcessApi=false, pageLoadStrategy=normal, ie.usePerProcessProxy=false, ignoreZoomSetting=false, handlesAlerts=true, version=11, platform=WINDOWS, nativeEvents=true, ie.ensureCleanSession=false, elementScrollBehavior=0, ie.browserCommandLineSwitches=, requireWindowFocus=false, browserName=internet explorer, initialBrowserUrl=http://localhost:33764/, takesScreenshot=true, javascriptEnabled=true, ignoreProtectedModeSettings=false, enableElementCacheCleanup=true, cssSelectorsEnabled=true, unexpectedAlertBehaviour=dismiss}]
Session ID: d9711cf3-bbdf-4052-97a5-bbfaa5639286
*** Element info: {Using=xpath, value=//div[@class=&apos;ntfc_content&apos;]}
[WebDriverCommandLogger] - Executing findElements parameters: {&quot;using&quot;:&quot;xpath&quot;,&quot;value&quot;:&quot;//h1[text()=&apos;TOP NEWS STORIES&apos;]&quot;}
[WebDriverCommandLogger] - command: findElements[ param-1: {value=//h1[text()=&apos;TOP NEWS STORIES&apos;], using=xpath}] Result: Unable to find elements on closed window (WARNING: The server did not provide any stacktrace information)
Command duration or timeout: 31 milliseconds
Build info: version: &apos;2.53.0&apos;, revision: &apos;35ae25b1534ae328c771e0856c93e187490ca824&apos;, time: &apos;2016-03-15 10:43:46&apos;
System info: host: &apos;icpl12186&apos;, ip: &apos;192.168.56.1&apos;, os.name: &apos;Windows 8.1&apos;, os.arch: &apos;amd64&apos;, os.version: &apos;6.3&apos;, java.version: &apos;1.8.0_111&apos;
Driver info: com.qmetry.qaf.automation.ui.webdriver.QAFExtendedWebDriver
Capabilities [{browserAttachTimeout=0, enablePersistentHover=true, ie.forceCreateProcessApi=false, pageLoadStrategy=normal, ie.usePerProcessProxy=false, ignoreZoomSetting=false, handlesAlerts=true, version=11, platform=WINDOWS, nativeEvents=true, ie.ensureCleanSession=false, elementScrollBehavior=0, ie.browserCommandLineSwitches=, requireWindowFocus=false, browserName=internet explorer, initialBrowserUrl=http://localhost:33764/, takesScreenshot=true, javascriptEnabled=true, ignoreProtectedModeSettings=false, enableElementCacheCleanup=true, cssSelectorsEnabled=true, unexpectedAlertBehaviour=dismiss}]
Session ID: d9711cf3-bbdf-4052-97a5-bbfaa5639286
*** Element info: {Using=xpath, value=//h1[text()=&apos;TOP NEWS STORIES&apos;]}
[WebDriverCommandLogger] - Executing findElements parameters: {&quot;using&quot;:&quot;xpath&quot;,&quot;value&quot;:&quot;//h1[text()=&apos;TOP NEWS STORIES&apos;]&quot;}
[WebDriverCommandLogger] - command: findElements[ param-1: {value=//h1[text()=&apos;TOP NEWS STORIES&apos;], using=xpath}] Result: Unable to find elements on closed window (WARNING: The server did not provide any stacktrace information)
Command duration or timeout: 32 milliseconds
Build info: version: &apos;2.53.0&apos;, revision: &apos;35ae25b1534ae328c771e0856c93e187490ca824&apos;, time: &apos;2016-03-15 10:43:46&apos;
System info: host: &apos;icpl12186&apos;, ip: &apos;192.168.56.1&apos;, os.name: &apos;Windows 8.1&apos;, os.arch: &apos;amd64&apos;, os.version: &apos;6.3&apos;, java.version: &apos;1.8.0_111&apos;
Driver info: com.qmetry.qaf.automation.ui.webdriver.QAFExtendedWebDriver
Capabilities [{browserAttachTimeout=0, enablePersistentHover=true, ie.forceCreateProcessApi=false, pageLoadStrategy=normal, ie.usePerProcessProxy=false, ignoreZoomSetting=false, handlesAlerts=true, version=11, platform=WINDOWS, nativeEvents=true, ie.ensureCleanSession=false, elementScrollBehavior=0, ie.browserCommandLineSwitches=, requireWindowFocus=false, browserName=internet explorer, initialBrowserUrl=http://localhost:33764/, takesScreenshot=true, javascriptEnabled=true, ignoreProtectedModeSettings=false, enableElementCacheCleanup=true, cssSelectorsEnabled=true, unexpectedAlertBehaviour=dismiss}]
Session ID: d9711cf3-bbdf-4052-97a5-bbfaa5639286
*** Element info: {Using=xpath, value=//h1[text()=&apos;TOP NEWS STORIES&apos;]}
[WebDriverCommandLogger] - Executing findElements parameters: {&quot;using&quot;:&quot;xpath&quot;,&quot;value&quot;:&quot;//h1[text()=&apos;TOP NEWS STORIES&apos;]&quot;}
[WebDriverCommandLogger] - command: findElements[ param-1: {value=//h1[text()=&apos;TOP NEWS STORIES&apos;], using=xpath}] Result: Unable to find elements on closed window (WARNING: The server did not provide any stacktrace information)
Command duration or timeout: 2 milliseconds
Build info: version: &apos;2.53.0&apos;, revision: &apos;35ae25b1534ae328c771e0856c93e187490ca824&apos;, time: &apos;2016-03-15 10:43:46&apos;
System info: host: &apos;icpl12186&apos;, ip: &apos;192.168.56.1&apos;, os.name: &apos;Windows 8.1&apos;, os.arch: &apos;amd64&apos;, os.version: &apos;6.3&apos;, java.version: &apos;1.8.0_111&apos;
Driver info: com.qmetry.qaf.automation.ui.webdriver.QAFExtendedWebDriver
Capabilities [{browserAttachTimeout=0, enablePersistentHover=true, ie.forceCreateProcessApi=false, pageLoadStrategy=normal, ie.usePerProcessProxy=false, ignoreZoomSetting=false, handlesAlerts=true, version=11, platform=WINDOWS, nativeEvents=true, ie.ensureCleanSession=false, elementScrollBehavior=0, ie.browserCommandLineSwitches=, requireWindowFocus=false, browserName=internet explorer, initialBrowserUrl=http://localhost:33764/, takesScreenshot=true, javascriptEnabled=true, ignoreProtectedModeSettings=false, enableElementCacheCleanup=true, cssSelectorsEnabled=true, unexpectedAlertBehaviour=dismiss}]
Session ID: d9711cf3-bbdf-4052-97a5-bbfaa5639286
*** Element info: {Using=xpath, value=//h1[text()=&apos;TOP NEWS STORIES&apos;]}
[WebDriverCommandLogger] - Executing findElements parameters: {&quot;using&quot;:&quot;xpath&quot;,&quot;value&quot;:&quot;//h1[text()=&apos;TOP NEWS STORIES&apos;]&quot;}
[WebDriverCommandLogger] - command: findElements[ param-1: {value=//h1[text()=&apos;TOP NEWS STORIES&apos;], using=xpath}] Result: Unable to find elements on closed window (WARNING: The server did not provide any stacktrace information)
Command duration or timeout: 17 milliseconds
Build info: version: &apos;2.53.0&apos;, revision: &apos;35ae25b1534ae328c771e0856c93e187490ca824&apos;, time: &apos;2016-03-15 10:43:46&apos;
System info: host: &apos;icpl12186&apos;, ip: &apos;192.168.56.1&apos;, os.name: &apos;Windows 8.1&apos;, os.arch: &apos;amd64&apos;, os.version: &apos;6.3&apos;, java.version: &apos;1.8.0_111&apos;
Driver info: com.qmetry.qaf.automation.ui.webdriver.QAFExtendedWebDriver
Capabilities [{browserAttachTimeout=0, enablePersistentHover=true, ie.forceCreateProcessApi=false, pageLoadStrategy=normal, ie.usePerProcessProxy=false, ignoreZoomSetting=false, handlesAlerts=true, version=11, platform=WINDOWS, nativeEvents=true, ie.ensureCleanSession=false, elementScrollBehavior=0, ie.browserCommandLineSwitches=, requireWindowFocus=false, browserName=internet explorer, initialBrowserUrl=http://localhost:33764/, takesScreenshot=true, javascriptEnabled=true, ignoreProtectedModeSettings=false, enableElementCacheCleanup=true, cssSelectorsEnabled=true, unexpectedAlertBehaviour=dismiss}]
Session ID: d9711cf3-bbdf-4052-97a5-bbfaa5639286
*** Element info: {Using=xpath, value=//h1[text()=&apos;TOP NEWS STORIES&apos;]}
[WebDriverCommandLogger] - Executing findElements parameters: {&quot;using&quot;:&quot;xpath&quot;,&quot;value&quot;:&quot;//h1[text()=&apos;TOP NEWS STORIES&apos;]&quot;}
[WebDriverCommandLogger] - command: findElements[ param-1: {value=//h1[text()=&apos;TOP NEWS STORIES&apos;], using=xpath}] Result: Unable to find elements on closed window (WARNING: The server did not provide any stacktrace information)
Command duration or timeout: 18 milliseconds
Build info: version: &apos;2.53.0&apos;, revision: &apos;35ae25b1534ae328c771e0856c93e187490ca824&apos;, time: &apos;2016-03-15 10:43:46&apos;
System info: host: &apos;icpl12186&apos;, ip: &apos;192.168.56.1&apos;, os.name: &apos;Windows 8.1&apos;, os.arch: &apos;amd64&apos;, os.version: &apos;6.3&apos;, java.version: &apos;1.8.0_111&apos;
Driver info: com.qmetry.qaf.automation.ui.webdriver.QAFExtendedWebDriver
Capabilities [{browserAttachTimeout=0, enablePersistentHover=true, ie.forceCreateProcessApi=false, pageLoadStrategy=normal, ie.usePerProcessProxy=false, ignoreZoomSetting=false, handlesAlerts=true, version=11, platform=WINDOWS, nativeEvents=true, ie.ensureCleanSession=false, elementScrollBehavior=0, ie.browserCommandLineSwitches=, requireWindowFocus=false, browserName=internet explorer, initialBrowserUrl=http://localhost:33764/, takesScreenshot=true, javascriptEnabled=true, ignoreProtectedModeSettings=false, enableElementCacheCleanup=true, cssSelectorsEnabled=true, unexpectedAlertBehaviour=dismiss}]
Session ID: d9711cf3-bbdf-4052-97a5-bbfaa5639286
*** Element info: {Using=xpath, value=//h1[text()=&apos;TOP NEWS STORIES&apos;]}
[WebDriverCommandLogger] - Executing findElements parameters: {&quot;using&quot;:&quot;xpath&quot;,&quot;value&quot;:&quot;//h1[text()=&apos;TOP NEWS STORIES&apos;]&quot;}
[WebDriverCommandLogger] - command: findElements[ param-1: {value=//h1[text()=&apos;TOP NEWS STORIES&apos;], using=xpath}] Result: Unable to find elements on closed window (WARNING: The server did not provide any stacktrace information)
Command duration or timeout: 18 milliseconds
Build info: version: &apos;2.53.0&apos;, revision: &apos;35ae25b1534ae328c771e0856c93e187490ca824&apos;, time: &apos;2016-03-15 10:43:46&apos;
System info: host: &apos;icpl12186&apos;, ip: &apos;192.168.56.1&apos;, os.name: &apos;Windows 8.1&apos;, os.arch: &apos;amd64&apos;, os.version: &apos;6.3&apos;, java.version: &apos;1.8.0_111&apos;
Driver info: com.qmetry.qaf.automation.ui.webdriver.QAFExtendedWebDriver
Capabilities [{browserAttachTimeout=0, enablePersistentHover=true, ie.forceCreateProcessApi=false, pageLoadStrategy=normal, ie.usePerProcessProxy=false, ignoreZoomSetting=false, handlesAlerts=true, version=11, platform=WINDOWS, nativeEvents=true, ie.ensureCleanSession=false, elementScrollBehavior=0, ie.browserCommandLineSwitches=, requireWindowFocus=false, browserName=internet explorer, initialBrowserUrl=http://localhost:33764/, takesScreenshot=true, javascriptEnabled=true, ignoreProtectedModeSettings=false, enableElementCacheCleanup=true, cssSelectorsEnabled=true, unexpectedAlertBehaviour=dismiss}]
Session ID: d9711cf3-bbdf-4052-97a5-bbfaa5639286
*** Element info: {Using=xpath, value=//h1[text()=&apos;TOP NEWS STORIES&apos;]}
[WebDriverCommandLogger] - Executing findElements parameters: {&quot;using&quot;:&quot;xpath&quot;,&quot;value&quot;:&quot;//h1[text()=&apos;TOP NEWS STORIES&apos;]&quot;}
[WebDriverCommandLogger] - command: findElements[ param-1: {value=//h1[text()=&apos;TOP NEWS STORIES&apos;], using=xpath}] Result: Unable to find elements on closed window (WARNING: The server did not provide any stacktrace information)
Command duration or timeout: 17 milliseconds
Build info: version: &apos;2.53.0&apos;, revision: &apos;35ae25b1534ae328c771e0856c93e187490ca824&apos;, time: &apos;2016-03-15 10:43:46&apos;
System info: host: &apos;icpl12186&apos;, ip: &apos;192.168.56.1&apos;, os.name: &apos;Windows 8.1&apos;, os.arch: &apos;amd64&apos;, os.version: &apos;6.3&apos;, java.version: &apos;1.8.0_111&apos;
Driver info: com.qmetry.qaf.automation.ui.webdriver.QAFExtendedWebDriver
Capabilities [{browserAttachTimeout=0, enablePersistentHover=true, ie.forceCreateProcessApi=false, pageLoadStrategy=normal, ie.usePerProcessProxy=false, ignoreZoomSetting=false, handlesAlerts=true, version=11, platform=WINDOWS, nativeEvents=true, ie.ensureCleanSession=false, elementScrollBehavior=0, ie.browserCommandLineSwitches=, requireWindowFocus=false, browserName=internet explorer, initialBrowserUrl=http://localhost:33764/, takesScreenshot=true, javascriptEnabled=true, ignoreProtectedModeSettings=false, enableElementCacheCleanup=true, cssSelectorsEnabled=true, unexpectedAlertBehaviour=dismiss}]
Session ID: d9711cf3-bbdf-4052-97a5-bbfaa5639286
*** Element info: {Using=xpath, value=//h1[text()=&apos;TOP NEWS STORIES&apos;]}
[WebDriverCommandLogger] - Executing findElements parameters: {&quot;using&quot;:&quot;xpath&quot;,&quot;value&quot;:&quot;//h1[text()=&apos;TOP NEWS STORIES&apos;]&quot;}
[WebDriverCommandLogger] - command: findElements[ param-1: {value=//h1[text()=&apos;TOP NEWS STORIES&apos;], using=xpath}] Result: Unable to find elements on closed window (WARNING: The server did not provide any stacktrace information)
Command duration or timeout: 17 milliseconds
Build info: version: &apos;2.53.0&apos;, revision: &apos;35ae25b1534ae328c771e0856c93e187490ca824&apos;, time: &apos;2016-03-15 10:43:46&apos;
System info: host: &apos;icpl12186&apos;, ip: &apos;192.168.56.1&apos;, os.name: &apos;Windows 8.1&apos;, os.arch: &apos;amd64&apos;, os.version: &apos;6.3&apos;, java.version: &apos;1.8.0_111&apos;
Driver info: com.qmetry.qaf.automation.ui.webdriver.QAFExtendedWebDriver
Capabilities [{browserAttachTimeout=0, enablePersistentHover=true, ie.forceCreateProcessApi=false, pageLoadStrategy=normal, ie.usePerProcessProxy=false, ignoreZoomSetting=false, handlesAlerts=true, version=11, platform=WINDOWS, nativeEvents=true, ie.ensureCleanSession=false, elementScrollBehavior=0, ie.browserCommandLineSwitches=, requireWindowFocus=false, browserName=internet explorer, initialBrowserUrl=http://localhost:33764/, takesScreenshot=true, javascriptEnabled=true, ignoreProtectedModeSettings=false, enableElementCacheCleanup=true, cssSelectorsEnabled=true, unexpectedAlertBehaviour=dismiss}]
Session ID: d9711cf3-bbdf-4052-97a5-bbfaa5639286
*** Element info: {Using=xpath, value=//h1[text()=&apos;TOP NEWS STORIES&apos;]}
[WebDriverCommandLogger] - Executing findElements parameters: {&quot;using&quot;:&quot;xpath&quot;,&quot;value&quot;:&quot;//h1[text()=&apos;TOP NEWS STORIES&apos;]&quot;}
[WebDriverCommandLogger] - command: findElements[ param-1: {value=//h1[text()=&apos;TOP NEWS STORIES&apos;], using=xpath}] Result: Unable to find elements on closed window (WARNING: The server did not provide any stacktrace information)
Command duration or timeout: 18 milliseconds
Build info: version: &apos;2.53.0&apos;, revision: &apos;35ae25b1534ae328c771e0856c93e187490ca824&apos;, time: &apos;2016-03-15 10:43:46&apos;
System info: host: &apos;icpl12186&apos;, ip: &apos;192.168.56.1&apos;, os.name: &apos;Windows 8.1&apos;, os.arch: &apos;amd64&apos;, os.version: &apos;6.3&apos;, java.version: &apos;1.8.0_111&apos;
Driver info: com.qmetry.qaf.automation.ui.webdriver.QAFExtendedWebDriver
Capabilities [{browserAttachTimeout=0, enablePersistentHover=true, ie.forceCreateProcessApi=false, pageLoadStrategy=normal, ie.usePerProcessProxy=false, ignoreZoomSetting=false, handlesAlerts=true, version=11, platform=WINDOWS, nativeEvents=true, ie.ensureCleanSession=false, elementScrollBehavior=0, ie.browserCommandLineSwitches=, requireWindowFocus=false, browserName=internet explorer, initialBrowserUrl=http://localhost:33764/, takesScreenshot=true, javascriptEnabled=true, ignoreProtectedModeSettings=false, enableElementCacheCleanup=true, cssSelectorsEnabled=true, unexpectedAlertBehaviour=dismiss}]
Session ID: d9711cf3-bbdf-4052-97a5-bbfaa5639286
*** Element info: {Using=xpath, value=//h1[text()=&apos;TOP NEWS STORIES&apos;]}
[WebDriverCommandLogger] - Executing findElements parameters: {&quot;using&quot;:&quot;xpath&quot;,&quot;value&quot;:&quot;//h1[text()=&apos;TOP NEWS STORIES&apos;]&quot;}
[WebDriverCommandLogger] - command: findElements[ param-1: {value=//h1[text()=&apos;TOP NEWS STORIES&apos;], using=xpath}] Result: Unable to find elements on closed window (WARNING: The server did not provide any stacktrace information)
Command duration or timeout: 17 milliseconds
Build info: version: &apos;2.53.0&apos;, revision: &apos;35ae25b1534ae328c771e0856c93e187490ca824&apos;, time: &apos;2016-03-15 10:43:46&apos;
System info: host: &apos;icpl12186&apos;, ip: &apos;192.168.56.1&apos;, os.name: &apos;Windows 8.1&apos;, os.arch: &apos;amd64&apos;, os.version: &apos;6.3&apos;, java.version: &apos;1.8.0_111&apos;
Driver info: com.qmetry.qaf.automation.ui.webdriver.QAFExtendedWebDriver
Capabilities [{browserAttachTimeout=0, enablePersistentHover=true, ie.forceCreateProcessApi=false, pageLoadStrategy=normal, ie.usePerProcessProxy=false, ignoreZoomSetting=false, handlesAlerts=true, version=11, platform=WINDOWS, nativeEvents=true, ie.ensureCleanSession=false, elementScrollBehavior=0, ie.browserCommandLineSwitches=, requireWindowFocus=false, browserName=internet explorer, initialBrowserUrl=http://localhost:33764/, takesScreenshot=true, javascriptEnabled=true, ignoreProtectedModeSettings=false, enableElementCacheCleanup=true, cssSelectorsEnabled=true, unexpectedAlertBehaviour=dismiss}]
Session ID: d9711cf3-bbdf-4052-97a5-bbfaa5639286
*** Element info: {Using=xpath, value=//h1[text()=&apos;TOP NEWS STORIES&apos;]}
[WebDriverCommandLogger] - Executing findElements parameters: {&quot;using&quot;:&quot;xpath&quot;,&quot;value&quot;:&quot;//h1[text()=&apos;TOP NEWS STORIES&apos;]&quot;}
[WebDriverCommandLogger] - command: findElements[ param-1: {value=//h1[text()=&apos;TOP NEWS STORIES&apos;], using=xpath}] Result: Unable to find elements on closed window (WARNING: The server did not provide any stacktrace information)
Command duration or timeout: 1 milliseconds
Build info: version: &apos;2.53.0&apos;, revision: &apos;35ae25b1534ae328c771e0856c93e187490ca824&apos;, time: &apos;2016-03-15 10:43:46&apos;
System info: host: &apos;icpl12186&apos;, ip: &apos;192.168.56.1&apos;, os.name: &apos;Windows 8.1&apos;, os.arch: &apos;amd64&apos;, os.version: &apos;6.3&apos;, java.version: &apos;1.8.0_111&apos;
Driver info: com.qmetry.qaf.automation.ui.webdriver.QAFExtendedWebDriver
Capabilities [{browserAttachTimeout=0, enablePersistentHover=true, ie.forceCreateProcessApi=false, pageLoadStrategy=normal, ie.usePerProcessProxy=false, ignoreZoomSetting=false, handlesAlerts=true, version=11, platform=WINDOWS, nativeEvents=true, ie.ensureCleanSession=false, elementScrollBehavior=0, ie.browserCommandLineSwitches=, requireWindowFocus=false, browserName=internet explorer, initialBrowserUrl=http://localhost:33764/, takesScreenshot=true, javascriptEnabled=true, ignoreProtectedModeSettings=false, enableElementCacheCleanup=true, cssSelectorsEnabled=true, unexpectedAlertBehaviour=dismiss}]
Session ID: d9711cf3-bbdf-4052-97a5-bbfaa5639286
*** Element info: {Using=xpath, value=//h1[text()=&apos;TOP NEWS STORIES&apos;]}
[WebDriverCommandLogger] - Executing screenshot parameters: {}
[WebDriverCommandLogger] - command: screenshot[ param-1: {}] Result: Unable to get browser (WARNING: The server did not provide any stacktrace information)
Command duration or timeout: 32 milliseconds
Build info: version: &apos;2.53.0&apos;, revision: &apos;35ae25b1534ae328c771e0856c93e187490ca824&apos;, time: &apos;2016-03-15 10:43:46&apos;
System info: host: &apos;icpl12186&apos;, ip: &apos;192.168.56.1&apos;, os.name: &apos;Windows 8.1&apos;, os.arch: &apos;amd64&apos;, os.version: &apos;6.3&apos;, java.version: &apos;1.8.0_111&apos;
Driver info: com.qmetry.qaf.automation.ui.webdriver.QAFExtendedWebDriver
Capabilities [{browserAttachTimeout=0, enablePersistentHover=true, ie.forceCreateProcessApi=false, pageLoadStrategy=normal, ie.usePerProcessProxy=false, ignoreZoomSetting=false, handlesAlerts=true, version=11, platform=WINDOWS, nativeEvents=true, ie.ensureCleanSession=false, elementScrollBehavior=0, ie.browserCommandLineSwitches=, requireWindowFocus=false, browserName=internet explorer, initialBrowserUrl=http://localhost:33764/, takesScreenshot=true, javascriptEnabled=true, ignoreProtectedModeSettings=false, enableElementCacheCleanup=true, cssSelectorsEnabled=true, unexpectedAlertBehaviour=dismiss}]
Session ID: d9711cf3-bbdf-4052-97a5-bbfaa5639286
[WebDriverCommandLogger] - Executing findElements parameters: {&quot;using&quot;:&quot;xpath&quot;,&quot;value&quot;:&quot;//div[@class=&apos;entrmnt-wdgt-outer&apos;]&quot;}
[WebDriverCommandLogger] - command: findElements[ param-1: {value=//div[@class=&apos;entrmnt-wdgt-outer&apos;], using=xpath}] Result: Unable to find elements on closed window (WARNING: The server did not provide any stacktrace information)
Command duration or timeout: 15 milliseconds
Build info: version: &apos;2.53.0&apos;, revision: &apos;35ae25b1534ae328c771e0856c93e187490ca824&apos;, time: &apos;2016-03-15 10:43:46&apos;
System info: host: &apos;icpl12186&apos;, ip: &apos;192.168.56.1&apos;, os.name: &apos;Windows 8.1&apos;, os.arch: &apos;amd64&apos;, os.version: &apos;6.3&apos;, java.version: &apos;1.8.0_111&apos;
Driver info: com.qmetry.qaf.automation.ui.webdriver.QAFExtendedWebDriver
Capabilities [{browserAttachTimeout=0, enablePersistentHover=true, ie.forceCreateProcessApi=false, pageLoadStrategy=normal, ie.usePerProcessProxy=false, ignoreZoomSetting=false, handlesAlerts=true, version=11, platform=WINDOWS, nativeEvents=true, ie.ensureCleanSession=false, elementScrollBehavior=0, ie.browserCommandLineSwitches=, requireWindowFocus=false, browserName=internet explorer, initialBrowserUrl=http://localhost:33764/, takesScreenshot=true, javascriptEnabled=true, ignoreProtectedModeSettings=false, enableElementCacheCleanup=true, cssSelectorsEnabled=true, unexpectedAlertBehaviour=dismiss}]
Session ID: d9711cf3-bbdf-4052-97a5-bbfaa5639286
*** Element info: {Using=xpath, value=//div[@class=&apos;entrmnt-wdgt-outer&apos;]}
[WebDriverCommandLogger] - Executing findElements parameters: {&quot;using&quot;:&quot;xpath&quot;,&quot;value&quot;:&quot;//div[@class=&apos;entrmnt-wdgt-outer&apos;]&quot;}
[WebDriverCommandLogger] - command: findElements[ param-1: {value=//div[@class=&apos;entrmnt-wdgt-outer&apos;], using=xpath}] Result: Unable to find elements on closed window (WARNING: The server did not provide any stacktrace information)
Command duration or timeout: 16 milliseconds
Build info: version: &apos;2.53.0&apos;, revision: &apos;35ae25b1534ae328c771e0856c93e187490ca824&apos;, time: &apos;2016-03-15 10:43:46&apos;
System info: host: &apos;icpl12186&apos;, ip: &apos;192.168.56.1&apos;, os.name: &apos;Windows 8.1&apos;, os.arch: &apos;amd64&apos;, os.version: &apos;6.3&apos;, java.version: &apos;1.8.0_111&apos;
Driver info: com.qmetry.qaf.automation.ui.webdriver.QAFExtendedWebDriver
Capabilities [{browserAttachTimeout=0, enablePersistentHover=true, ie.forceCreateProcessApi=false, pageLoadStrategy=normal, ie.usePerProcessProxy=false, ignoreZoomSetting=false, handlesAlerts=true, version=11, platform=WINDOWS, nativeEvents=true, ie.ensureCleanSession=false, elementScrollBehavior=0, ie.browserCommandLineSwitches=, requireWindowFocus=false, browserName=internet explorer, initialBrowserUrl=http://localhost:33764/, takesScreenshot=true, javascriptEnabled=true, ignoreProtectedModeSettings=false, enableElementCacheCleanup=true, cssSelectorsEnabled=true, unexpectedAlertBehaviour=dismiss}]
Session ID: d9711cf3-bbdf-4052-97a5-bbfaa5639286
*** Element info: {Using=xpath, value=//div[@class=&apos;entrmnt-wdgt-outer&apos;]}
[WebDriverCommandLogger] - Executing findElements parameters: {&quot;using&quot;:&quot;xpath&quot;,&quot;value&quot;:&quot;//div[@class=&apos;entrmnt-wdgt-outer&apos;]&quot;}
[WebDriverCommandLogger] - command: findElements[ param-1: {value=//div[@class=&apos;entrmnt-wdgt-outer&apos;], using=xpath}] Result: Unable to find elements on closed window (WARNING: The server did not provide any stacktrace information)
Command duration or timeout: 17 milliseconds
Build info: version: &apos;2.53.0&apos;, revision: &apos;35ae25b1534ae328c771e0856c93e187490ca824&apos;, time: &apos;2016-03-15 10:43:46&apos;
System info: host: &apos;icpl12186&apos;, ip: &apos;192.168.56.1&apos;, os.name: &apos;Windows 8.1&apos;, os.arch: &apos;amd64&apos;, os.version: &apos;6.3&apos;, java.version: &apos;1.8.0_111&apos;
Driver info: com.qmetry.qaf.automation.ui.webdriver.QAFExtendedWebDriver
Capabilities [{browserAttachTimeout=0, enablePersistentHover=true, ie.forceCreateProcessApi=false, pageLoadStrategy=normal, ie.usePerProcessProxy=false, ignoreZoomSetting=false, handlesAlerts=true, version=11, platform=WINDOWS, nativeEvents=true, ie.ensureCleanSession=false, elementScrollBehavior=0, ie.browserCommandLineSwitches=, requireWindowFocus=false, browserName=internet explorer, initialBrowserUrl=http://localhost:33764/, takesScreenshot=true, javascriptEnabled=true, ignoreProtectedModeSettings=false, enableElementCacheCleanup=true, cssSelectorsEnabled=true, unexpectedAlertBehaviour=dismiss}]
Session ID: d9711cf3-bbdf-4052-97a5-bbfaa5639286
*** Element info: {Using=xpath, value=//div[@class=&apos;entrmnt-wdgt-outer&apos;]}
[WebDriverCommandLogger] - Executing findElements parameters: {&quot;using&quot;:&quot;xpath&quot;,&quot;value&quot;:&quot;//div[@class=&apos;entrmnt-wdgt-outer&apos;]&quot;}
[WebDriverCommandLogger] - command: findElements[ param-1: {value=//div[@class=&apos;entrmnt-wdgt-outer&apos;], using=xpath}] Result: Unable to find elements on closed window (WARNING: The server did not provide any stacktrace information)
Command duration or timeout: 16 milliseconds
Build info: version: &apos;2.53.0&apos;, revision: &apos;35ae25b1534ae328c771e0856c93e187490ca824&apos;, time: &apos;2016-03-15 10:43:46&apos;
System info: host: &apos;icpl12186&apos;, ip: &apos;192.168.56.1&apos;, os.name: &apos;Windows 8.1&apos;, os.arch: &apos;amd64&apos;, os.version: &apos;6.3&apos;, java.version: &apos;1.8.0_111&apos;
Driver info: com.qmetry.qaf.automation.ui.webdriver.QAFExtendedWebDriver
Capabilities [{browserAttachTimeout=0, enablePersistentHover=true, ie.forceCreateProcessApi=false, pageLoadStrategy=normal, ie.usePerProcessProxy=false, ignoreZoomSetting=false, handlesAlerts=true, version=11, platform=WINDOWS, nativeEvents=true, ie.ensureCleanSession=false, elementScrollBehavior=0, ie.browserCommandLineSwitches=, requireWindowFocus=false, browserName=internet explorer, initialBrowserUrl=http://localhost:33764/, takesScreenshot=true, javascriptEnabled=true, ignoreProtectedModeSettings=false, enableElementCacheCleanup=true, cssSelectorsEnabled=true, unexpectedAlertBehaviour=dismiss}]
Session ID: d9711cf3-bbdf-4052-97a5-bbfaa5639286
*** Element info: {Using=xpath, value=//div[@class=&apos;entrmnt-wdgt-outer&apos;]}
[WebDriverCommandLogger] - Executing findElements parameters: {&quot;using&quot;:&quot;xpath&quot;,&quot;value&quot;:&quot;//div[@class=&apos;entrmnt-wdgt-outer&apos;]&quot;}
[WebDriverCommandLogger] - command: findElements[ param-1: {value=//div[@class=&apos;entrmnt-wdgt-outer&apos;], using=xpath}] Result: Unable to find elements on closed window (WARNING: The server did not provide any stacktrace information)
Command duration or timeout: 17 milliseconds
Build info: version: &apos;2.53.0&apos;, revision: &apos;35ae25b1534ae328c771e0856c93e187490ca824&apos;, time: &apos;2016-03-15 10:43:46&apos;
System info: host: &apos;icpl12186&apos;, ip: &apos;192.168.56.1&apos;, os.name: &apos;Windows 8.1&apos;, os.arch: &apos;amd64&apos;, os.version: &apos;6.3&apos;, java.version: &apos;1.8.0_111&apos;
Driver info: com.qmetry.qaf.automation.ui.webdriver.QAFExtendedWebDriver
Capabilities [{browserAttachTimeout=0, enablePersistentHover=true, ie.forceCreateProcessApi=false, pageLoadStrategy=normal, ie.usePerProcessProxy=false, ignoreZoomSetting=false, handlesAlerts=true, version=11, platform=WINDOWS, nativeEvents=true, ie.ensureCleanSession=false, elementScrollBehavior=0, ie.browserCommandLineSwitches=, requireWindowFocus=false, browserName=internet explorer, initialBrowserUrl=http://localhost:33764/, takesScreenshot=true, javascriptEnabled=true, ignoreProtectedModeSettings=false, enableElementCacheCleanup=true, cssSelectorsEnabled=true, unexpectedAlertBehaviour=dismiss}]
Session ID: d9711cf3-bbdf-4052-97a5-bbfaa5639286
*** Element info: {Using=xpath, value=//div[@class=&apos;entrmnt-wdgt-outer&apos;]}
[WebDriverCommandLogger] - Executing findElements parameters: {&quot;using&quot;:&quot;xpath&quot;,&quot;value&quot;:&quot;//div[@class=&apos;entrmnt-wdgt-outer&apos;]&quot;}
[WebDriverCommandLogger] - command: findElements[ param-1: {value=//div[@class=&apos;entrmnt-wdgt-outer&apos;], using=xpath}] Result: Unable to find elements on closed window (WARNING: The server did not provide any stacktrace information)
Command duration or timeout: 2 milliseconds
Build info: version: &apos;2.53.0&apos;, revision: &apos;35ae25b1534ae328c771e0856c93e187490ca824&apos;, time: &apos;2016-03-15 10:43:46&apos;
System info: host: &apos;icpl12186&apos;, ip: &apos;192.168.56.1&apos;, os.name: &apos;Windows 8.1&apos;, os.arch: &apos;amd64&apos;, os.version: &apos;6.3&apos;, java.version: &apos;1.8.0_111&apos;
Driver info: com.qmetry.qaf.automation.ui.webdriver.QAFExtendedWebDriver
Capabilities [{browserAttachTimeout=0, enablePersistentHover=true, ie.forceCreateProcessApi=false, pageLoadStrategy=normal, ie.usePerProcessProxy=false, ignoreZoomSetting=false, handlesAlerts=true, version=11, platform=WINDOWS, nativeEvents=true, ie.ensureCleanSession=false, elementScrollBehavior=0, ie.browserCommandLineSwitches=, requireWindowFocus=false, browserName=internet explorer, initialBrowserUrl=http://localhost:33764/, takesScreenshot=true, javascriptEnabled=true, ignoreProtectedModeSettings=false, enableElementCacheCleanup=true, cssSelectorsEnabled=true, unexpectedAlertBehaviour=dismiss}]
Session ID: d9711cf3-bbdf-4052-97a5-bbfaa5639286
*** Element info: {Using=xpath, value=//div[@class=&apos;entrmnt-wdgt-outer&apos;]}
[WebDriverCommandLogger] - Executing findElements parameters: {&quot;using&quot;:&quot;xpath&quot;,&quot;value&quot;:&quot;//div[@class=&apos;entrmnt-wdgt-outer&apos;]&quot;}
[WebDriverCommandLogger] - command: findElements[ param-1: {value=//div[@class=&apos;entrmnt-wdgt-outer&apos;], using=xpath}] Result: Unable to find elements on closed window (WARNING: The server did not provide any stacktrace information)
Command duration or timeout: 1 milliseconds
Build info: version: &apos;2.53.0&apos;, revision: &apos;35ae25b1534ae328c771e0856c93e187490ca824&apos;, time: &apos;2016-03-15 10:43:46&apos;
System info: host: &apos;icpl12186&apos;, ip: &apos;192.168.56.1&apos;, os.name: &apos;Windows 8.1&apos;, os.arch: &apos;amd64&apos;, os.version: &apos;6.3&apos;, java.version: &apos;1.8.0_111&apos;
Driver info: com.qmetry.qaf.automation.ui.webdriver.QAFExtendedWebDriver
Capabilities [{browserAttachTimeout=0, enablePersistentHover=true, ie.forceCreateProcessApi=false, pageLoadStrategy=normal, ie.usePerProcessProxy=false, ignoreZoomSetting=false, handlesAlerts=true, version=11, platform=WINDOWS, nativeEvents=true, ie.ensureCleanSession=false, elementScrollBehavior=0, ie.browserCommandLineSwitches=, requireWindowFocus=false, browserName=internet explorer, initialBrowserUrl=http://localhost:33764/, takesScreenshot=true, javascriptEnabled=true, ignoreProtectedModeSettings=false, enableElementCacheCleanup=true, cssSelectorsEnabled=true, unexpectedAlertBehaviour=dismiss}]
Session ID: d9711cf3-bbdf-4052-97a5-bbfaa5639286
*** Element info: {Using=xpath, value=//div[@class=&apos;entrmnt-wdgt-outer&apos;]}
[WebDriverCommandLogger] - Executing findElements parameters: {&quot;using&quot;:&quot;xpath&quot;,&quot;value&quot;:&quot;//div[@class=&apos;entrmnt-wdgt-outer&apos;]&quot;}
[WebDriverCommandLogger] - command: findElements[ param-1: {value=//div[@class=&apos;entrmnt-wdgt-outer&apos;], using=xpath}] Result: Unable to find elements on closed window (WARNING: The server did not provide any stacktrace information)
Command duration or timeout: 158 milliseconds
Build info: version: &apos;2.53.0&apos;, revision: &apos;35ae25b1534ae328c771e0856c93e187490ca824&apos;, time: &apos;2016-03-15 10:43:46&apos;
System info: host: &apos;icpl12186&apos;, ip: &apos;192.168.56.1&apos;, os.name: &apos;Windows 8.1&apos;, os.arch: &apos;amd64&apos;, os.version: &apos;6.3&apos;, java.version: &apos;1.8.0_111&apos;
Driver info: com.qmetry.qaf.automation.ui.webdriver.QAFExtendedWebDriver
Capabilities [{browserAttachTimeout=0, enablePersistentHover=true, ie.forceCreateProcessApi=false, pageLoadStrategy=normal, ie.usePerProcessProxy=false, ignoreZoomSetting=false, handlesAlerts=true, version=11, platform=WINDOWS, nativeEvents=true, ie.ensureCleanSession=false, elementScrollBehavior=0, ie.browserCommandLineSwitches=, requireWindowFocus=false, browserName=internet explorer, initialBrowserUrl=http://localhost:33764/, takesScreenshot=true, javascriptEnabled=true, ignoreProtectedModeSettings=false, enableElementCacheCleanup=true, cssSelectorsEnabled=true, unexpectedAlertBehaviour=dismiss}]
Session ID: d9711cf3-bbdf-4052-97a5-bbfaa5639286
*** Element info: {Using=xpath, value=//div[@class=&apos;entrmnt-wdgt-outer&apos;]}
[WebDriverCommandLogger] - Executing findElements parameters: {&quot;using&quot;:&quot;xpath&quot;,&quot;value&quot;:&quot;//div[@class=&apos;entrmnt-wdgt-outer&apos;]&quot;}
[WebDriverCommandLogger] - command: findElements[ param-1: {value=//div[@class=&apos;entrmnt-wdgt-outer&apos;], using=xpath}] Result: Unable to find elements on closed window (WARNING: The server did not provide any stacktrace information)
Command duration or timeout: 17 milliseconds
Build info: version: &apos;2.53.0&apos;, revision: &apos;35ae25b1534ae328c771e0856c93e187490ca824&apos;, time: &apos;2016-03-15 10:43:46&apos;
System info: host: &apos;icpl12186&apos;, ip: &apos;192.168.56.1&apos;, os.name: &apos;Windows 8.1&apos;, os.arch: &apos;amd64&apos;, os.version: &apos;6.3&apos;, java.version: &apos;1.8.0_111&apos;
Driver info: com.qmetry.qaf.automation.ui.webdriver.QAFExtendedWebDriver
Capabilities [{browserAttachTimeout=0, enablePersistentHover=true, ie.forceCreateProcessApi=false, pageLoadStrategy=normal, ie.usePerProcessProxy=false, ignoreZoomSetting=false, handlesAlerts=true, version=11, platform=WINDOWS, nativeEvents=true, ie.ensureCleanSession=false, elementScrollBehavior=0, ie.browserCommandLineSwitches=, requireWindowFocus=false, browserName=internet explorer, initialBrowserUrl=http://localhost:33764/, takesScreenshot=true, javascriptEnabled=true, ignoreProtectedModeSettings=false, enableElementCacheCleanup=true, cssSelectorsEnabled=true, unexpectedAlertBehaviour=dismiss}]
Session ID: d9711cf3-bbdf-4052-97a5-bbfaa5639286
*** Element info: {Using=xpath, value=//div[@class=&apos;entrmnt-wdgt-outer&apos;]}
[WebDriverCommandLogger] - Executing findElements parameters: {&quot;using&quot;:&quot;xpath&quot;,&quot;value&quot;:&quot;//div[@class=&apos;entrmnt-wdgt-outer&apos;]&quot;}
[WebDriverCommandLogger] - command: findElements[ param-1: {value=//div[@class=&apos;entrmnt-wdgt-outer&apos;], using=xpath}] Result: Unable to find elements on closed window (WARNING: The server did not provide any stacktrace information)
Command duration or timeout: 18 milliseconds
Build info: version: &apos;2.53.0&apos;, revision: &apos;35ae25b1534ae328c771e0856c93e187490ca824&apos;, time: &apos;2016-03-15 10:43:46&apos;
System info: host: &apos;icpl12186&apos;, ip: &apos;192.168.56.1&apos;, os.name: &apos;Windows 8.1&apos;, os.arch: &apos;amd64&apos;, os.version: &apos;6.3&apos;, java.version: &apos;1.8.0_111&apos;
Driver info: com.qmetry.qaf.automation.ui.webdriver.QAFExtendedWebDriver
Capabilities [{browserAttachTimeout=0, enablePersistentHover=true, ie.forceCreateProcessApi=false, pageLoadStrategy=normal, ie.usePerProcessProxy=false, ignoreZoomSetting=false, handlesAlerts=true, version=11, platform=WINDOWS, nativeEvents=true, ie.ensureCleanSession=false, elementScrollBehavior=0, ie.browserCommandLineSwitches=, requireWindowFocus=false, browserName=internet explorer, initialBrowserUrl=http://localhost:33764/, takesScreenshot=true, javascriptEnabled=true, ignoreProtectedModeSettings=false, enableElementCacheCleanup=true, cssSelectorsEnabled=true, unexpectedAlertBehaviour=dismiss}]
Session ID: d9711cf3-bbdf-4052-97a5-bbfaa5639286
*** Element info: {Using=xpath, value=//div[@class=&apos;entrmnt-wdgt-outer&apos;]}
[WebDriverCommandLogger] - Executing findElements parameters: {&quot;using&quot;:&quot;xpath&quot;,&quot;value&quot;:&quot;//div[@class=&apos;entrmnt-wdgt-outer&apos;]&quot;}
[WebDriverCommandLogger] - command: findElements[ param-1: {value=//div[@class=&apos;entrmnt-wdgt-outer&apos;], using=xpath}] Result: Unable to find elements on closed window (WARNING: The server did not provide any stacktrace information)
Command duration or timeout: 31 milliseconds
Build info: version: &apos;2.53.0&apos;, revision: &apos;35ae25b1534ae328c771e0856c93e187490ca824&apos;, time: &apos;2016-03-15 10:43:46&apos;
System info: host: &apos;icpl12186&apos;, ip: &apos;192.168.56.1&apos;, os.name: &apos;Windows 8.1&apos;, os.arch: &apos;amd64&apos;, os.version: &apos;6.3&apos;, java.version: &apos;1.8.0_111&apos;
Driver info: com.qmetry.qaf.automation.ui.webdriver.QAFExtendedWebDriver
Capabilities [{browserAttachTimeout=0, enablePersistentHover=true, ie.forceCreateProcessApi=false, pageLoadStrategy=normal, ie.usePerProcessProxy=false, ignoreZoomSetting=false, handlesAlerts=true, version=11, platform=WINDOWS, nativeEvents=true, ie.ensureCleanSession=false, elementScrollBehavior=0, ie.browserCommandLineSwitches=, requireWindowFocus=false, browserName=internet explorer, initialBrowserUrl=http://localhost:33764/, takesScreenshot=true, javascriptEnabled=true, ignoreProtectedModeSettings=false, enableElementCacheCleanup=true, cssSelectorsEnabled=true, unexpectedAlertBehaviour=dismiss}]
Session ID: d9711cf3-bbdf-4052-97a5-bbfaa5639286
*** Element info: {Using=xpath, value=//div[@class=&apos;entrmnt-wdgt-outer&apos;]}
[WebDriverCommandLogger] - Executing screenshot parameters: {}
[WebDriverCommandLogger] - command: screenshot[ param-1: {}] Result: Unable to get browser (WARNING: The server did not provide any stacktrace information)
Command duration or timeout: 31 milliseconds
Build info: version: &apos;2.53.0&apos;, revision: &apos;35ae25b1534ae328c771e0856c93e187490ca824&apos;, time: &apos;2016-03-15 10:43:46&apos;
System info: host: &apos;icpl12186&apos;, ip: &apos;192.168.56.1&apos;, os.name: &apos;Windows 8.1&apos;, os.arch: &apos;amd64&apos;, os.version: &apos;6.3&apos;, java.version: &apos;1.8.0_111&apos;
Driver info: com.qmetry.qaf.automation.ui.webdriver.QAFExtendedWebDriver
Capabilities [{browserAttachTimeout=0, enablePersistentHover=true, ie.forceCreateProcessApi=false, pageLoadStrategy=normal, ie.usePerProcessProxy=false, ignoreZoomSetting=false, handlesAlerts=true, version=11, platform=WINDOWS, nativeEvents=true, ie.ensureCleanSession=false, elementScrollBehavior=0, ie.browserCommandLineSwitches=, requireWindowFocus=false, browserName=internet explorer, initialBrowserUrl=http://localhost:33764/, takesScreenshot=true, javascriptEnabled=true, ignoreProtectedModeSettings=false, enableElementCacheCleanup=true, cssSelectorsEnabled=true, unexpectedAlertBehaviour=dismiss}]
Session ID: d9711cf3-bbdf-4052-97a5-bbfaa5639286
[WebDriverCommandLogger] - Executing findElements parameters: {&quot;using&quot;:&quot;xpath&quot;,&quot;value&quot;:&quot;//div[@class=&apos;entrmnt-wdgt-outer&apos;]//div[@class=&apos;stories&apos;]/ul/li&quot;}
[WebDriverCommandLogger] - command: findElements[ param-1: {value=//div[@class=&apos;entrmnt-wdgt-outer&apos;]//div[@class=&apos;stories&apos;]/ul/li, using=xpath}] Result: Unable to find elements on closed window (WARNING: The server did not provide any stacktrace information)
Command duration or timeout: 31 milliseconds
Build info: version: &apos;2.53.0&apos;, revision: &apos;35ae25b1534ae328c771e0856c93e187490ca824&apos;, time: &apos;2016-03-15 10:43:46&apos;
System info: host: &apos;icpl12186&apos;, ip: &apos;192.168.56.1&apos;, os.name: &apos;Windows 8.1&apos;, os.arch: &apos;amd64&apos;, os.version: &apos;6.3&apos;, java.version: &apos;1.8.0_111&apos;
Driver info: com.qmetry.qaf.automation.ui.webdriver.QAFExtendedWebDriver
Capabilities [{browserAttachTimeout=0, enablePersistentHover=true, ie.forceCreateProcessApi=false, pageLoadStrategy=normal, ie.usePerProcessProxy=false, ignoreZoomSetting=false, handlesAlerts=true, version=11, platform=WINDOWS, nativeEvents=true, ie.ensureCleanSession=false, elementScrollBehavior=0, ie.browserCommandLineSwitches=, requireWindowFocus=false, browserName=internet explorer, initialBrowserUrl=http://localhost:33764/, takesScreenshot=true, javascriptEnabled=true, ignoreProtectedModeSettings=false, enableElementCacheCleanup=true, cssSelectorsEnabled=true, unexpectedAlertBehaviour=dismiss}]
Session ID: d9711cf3-bbdf-4052-97a5-bbfaa5639286
*** Element info: {Using=xpath, value=//div[@class=&apos;entrmnt-wdgt-outer&apos;]//div[@class=&apos;stories&apos;]/ul/li}
[WebDriverCommandLogger] - Executing screenshot parameters: {}
[WebDriverCommandLogger] - command: screenshot[ param-1: {}] Result: Unable to get browser (WARNING: The server did not provide any stacktrace information)
Command duration or timeout: 24 milliseconds
Build info: version: &apos;2.53.0&apos;, revision: &apos;35ae25b1534ae328c771e0856c93e187490ca824&apos;, time: &apos;2016-03-15 10:43:46&apos;
System info: host: &apos;icpl12186&apos;, ip: &apos;192.168.56.1&apos;, os.name: &apos;Windows 8.1&apos;, os.arch: &apos;amd64&apos;, os.version: &apos;6.3&apos;, java.version: &apos;1.8.0_111&apos;
Driver info: com.qmetry.qaf.automation.ui.webdriver.QAFExtendedWebDriver
Capabilities [{browserAttachTimeout=0, enablePersistentHover=true, ie.forceCreateProcessApi=false, pageLoadStrategy=normal, ie.usePerProcessProxy=false, ignoreZoomSetting=false, handlesAlerts=true, version=11, platform=WINDOWS, nativeEvents=true, ie.ensureCleanSession=false, elementScrollBehavior=0, ie.browserCommandLineSwitches=, requireWindowFocus=false, browserName=internet explorer, initialBrowserUrl=http://localhost:33764/, takesScreenshot=true, javascriptEnabled=true, ignoreProtectedModeSettings=false, enableElementCacheCleanup=true, cssSelectorsEnabled=true, unexpectedAlertBehaviour=dismiss}]
Session ID: d9711cf3-bbdf-4052-97a5-bbfaa5639286
</system-out>
    <system-err>log4j:WARN No such property [follow] in org.apache.log4j.FileAppender.
Started InternetExplorerDriver server (32-bit)
2.47.0.0
Listening on port 33764
org.openqa.selenium.NoSuchWindowException: Unable to get browser (WARNING: The server did not provide any stacktrace information)
Command duration or timeout: 32 milliseconds
Build info: version: &apos;2.53.0&apos;, revision: &apos;35ae25b1534ae328c771e0856c93e187490ca824&apos;, time: &apos;2016-03-15 10:43:46&apos;
System info: host: &apos;icpl12186&apos;, ip: &apos;192.168.56.1&apos;, os.name: &apos;Windows 8.1&apos;, os.arch: &apos;amd64&apos;, os.version: &apos;6.3&apos;, java.version: &apos;1.8.0_111&apos;
Driver info: com.qmetry.qaf.automation.ui.webdriver.QAFExtendedWebDriver
Capabilities [{browserAttachTimeout=0, enablePersistentHover=true, ie.forceCreateProcessApi=false, pageLoadStrategy=normal, ie.usePerProcessProxy=false, ignoreZoomSetting=false, handlesAlerts=true, version=11, platform=WINDOWS, nativeEvents=true, ie.ensureCleanSession=false, elementScrollBehavior=0, ie.browserCommandLineSwitches=, requireWindowFocus=false, browserName=internet explorer, initialBrowserUrl=http://localhost:33764/, takesScreenshot=true, javascriptEnabled=true, ignoreProtectedModeSettings=false, enableElementCacheCleanup=true, cssSelectorsEnabled=true, unexpectedAlertBehaviour=dismiss}]
Session ID: d9711cf3-bbdf-4052-97a5-bbfaa5639286
	at sun.reflect.GeneratedConstructorAccessor9.newInstance(Unknown Source)
	at sun.reflect.DelegatingConstructorAccessorImpl.newInstance(DelegatingConstructorAccessorImpl.java:45)
	at java.lang.reflect.Constructor.newInstance(Constructor.java:423)
	at org.openqa.selenium.remote.ErrorHandler.createThrowable(ErrorHandler.java:206)
	at org.openqa.selenium.remote.ErrorHandler.throwIfResponseFailed(ErrorHandler.java:158)
	at org.openqa.selenium.remote.RemoteWebDriver.execute(RemoteWebDriver.java:678)
	at com.qmetry.qaf.automation.ui.webdriver.QAFExtendedWebDriver.execute(QAFExtendedWebDriver.java:234)
	at org.openqa.selenium.remote.RemoteWebDriver.execute(RemoteWebDriver.java:701)
	at com.qmetry.qaf.automation.ui.webdriver.QAFExtendedWebDriver.execute(QAFExtendedWebDriver.java:222)
	at com.qmetry.qaf.automation.ui.webdriver.QAFExtendedWebDriver.getScreenshotAs(QAFExtendedWebDriver.java:269)
	at com.qmetry.qaf.automation.ui.webdriver.QAFExtendedWebDriver.takeScreenShot(QAFExtendedWebDriver.java:460)
	at com.qmetry.qaf.automation.core.QAFTestBase.takeScreenShot(QAFTestBase.java:278)
	at com.qmetry.qaf.automation.core.QAFTestBase.addAssertionLog(QAFTestBase.java:320)
	at com.qmetry.qaf.automation.ui.WebDriverCommandLogger.addMessage(WebDriverCommandLogger.java:192)
	at com.qmetry.qaf.automation.ui.webdriver.QAFExtendedWebElement.report(QAFExtendedWebElement.java:1140)
	at com.qmetry.qaf.automation.ui.webdriver.QAFExtendedWebElement.ensurePresent(QAFExtendedWebElement.java:622)
	at com.qmetry.qaf.automation.ui.webdriver.QAFExtendedWebElement.verifyPresent(QAFExtendedWebElement.java:630)
	at com.timesofindia.pages.HomePage.verifyPageOpen(HomePage.java:105)
	at com.timesofindia.defs.HomePageDefs.verifyEntertainmentSection_aroundBody4(HomePageDefs.java:28)
	at com.timesofindia.defs.HomePageDefs$AjcClosure5.run(HomePageDefs.java:1)
	at org.aspectj.runtime.reflect.JoinPointImpl.proceed(JoinPointImpl.java:149)
	at com.qmetry.qaf.automation.step.JavaStepReporter$MockJavaStep.doExecute(JavaStepReporter.java:138)
	at com.qmetry.qaf.automation.step.BaseTestStep.execute(BaseTestStep.java:149)
	at com.qmetry.qaf.automation.step.JavaStepReporter.javaTestStep(JavaStepReporter.java:88)
	at com.timesofindia.defs.HomePageDefs.verifyEntertainmentSection(HomePageDefs.java:26)
	at com.timesofindia.tests.ToiTest.toiPageVerificationEntertainment(ToiTest.java:38)
	at sun.reflect.NativeMethodAccessorImpl.invoke0(Native Method)
	at sun.reflect.NativeMethodAccessorImpl.invoke(NativeMethodAccessorImpl.java:62)
	at sun.reflect.DelegatingMethodAccessorImpl.invoke(DelegatingMethodAccessorImpl.java:43)
	at java.lang.reflect.Method.invoke(Method.java:498)
	at org.testng.internal.MethodInvocationHelper.invokeMethod(MethodInvocationHelper.java:86)
	at org.testng.internal.Invoker.invokeMethod(Invoker.java:643)
	at org.testng.internal.Invoker.invokeTestMethod(Invoker.java:820)
	at org.testng.internal.Invoker.invokeTestMethods(Invoker.java:1128)
	at org.testng.internal.TestMethodWorker.invokeTestMethods(TestMethodWorker.java:129)
	at org.testng.internal.TestMethodWorker.run(TestMethodWorker.java:112)
	at org.testng.TestRunner.privateRun(TestRunner.java:805)
	at org.testng.TestRunner.run(TestRunner.java:655)
	at org.testng.SuiteRunner.runTest(SuiteRunner.java:366)
	at org.testng.SuiteRunner.runSequentially(SuiteRunner.java:361)
	at org.testng.SuiteRunner.privateRun(SuiteRunner.java:319)
	at org.testng.SuiteRunner.run(SuiteRunner.java:268)
	at org.testng.SuiteRunnerWorker.runSuite(SuiteRunnerWorker.java:52)
	at org.testng.SuiteRunnerWorker.run(SuiteRunnerWorker.java:86)
	at org.testng.TestNG.runSuitesSequentially(TestNG.java:1244)
	at org.testng.TestNG.runSuitesLocally(TestNG.java:1169)
	at org.testng.TestNG.run(TestNG.java:1064)
	at org.apache.maven.surefire.testng.TestNGExecutor.run(TestNGExecutor.java:122)
	at org.apache.maven.surefire.testng.TestNGXmlTestSuite.execute(TestNGXmlTestSuite.java:92)
	at org.apache.maven.surefire.testng.TestNGProvider.invoke(TestNGProvider.java:101)
	at sun.reflect.NativeMethodAccessorImpl.invoke0(Native Method)
	at sun.reflect.NativeMethodAccessorImpl.invoke(NativeMethodAccessorImpl.java:62)
	at sun.reflect.DelegatingMethodAccessorImpl.invoke(DelegatingMethodAccessorImpl.java:43)
	at java.lang.reflect.Method.invoke(Method.java:498)
	at org.apache.maven.surefire.util.ReflectionUtils.invokeMethodWithArray(ReflectionUtils.java:164)
	at org.apache.maven.surefire.booter.ProviderFactory$ProviderProxy.invoke(ProviderFactory.java:110)
	at org.apache.maven.surefire.booter.SurefireStarter.invokeProvider(SurefireStarter.java:172)
	at org.apache.maven.surefire.booter.SurefireStarter.runSuitesInProcessWhenForked(SurefireStarter.java:104)
	at org.apache.maven.surefire.booter.ForkedBooter.main(ForkedBooter.java:70)
org.openqa.selenium.NoSuchWindowException: Unable to get browser (WARNING: The server did not provide any stacktrace information)
Command duration or timeout: 31 milliseconds
Build info: version: &apos;2.53.0&apos;, revision: &apos;35ae25b1534ae328c771e0856c93e187490ca824&apos;, time: &apos;2016-03-15 10:43:46&apos;
System info: host: &apos;icpl12186&apos;, ip: &apos;192.168.56.1&apos;, os.name: &apos;Windows 8.1&apos;, os.arch: &apos;amd64&apos;, os.version: &apos;6.3&apos;, java.version: &apos;1.8.0_111&apos;
Driver info: com.qmetry.qaf.automation.ui.webdriver.QAFExtendedWebDriver
Capabilities [{browserAttachTimeout=0, enablePersistentHover=true, ie.forceCreateProcessApi=false, pageLoadStrategy=normal, ie.usePerProcessProxy=false, ignoreZoomSetting=false, handlesAlerts=true, version=11, platform=WINDOWS, nativeEvents=true, ie.ensureCleanSession=false, elementScrollBehavior=0, ie.browserCommandLineSwitches=, requireWindowFocus=false, browserName=internet explorer, initialBrowserUrl=http://localhost:33764/, takesScreenshot=true, javascriptEnabled=true, ignoreProtectedModeSettings=false, enableElementCacheCleanup=true, cssSelectorsEnabled=true, unexpectedAlertBehaviour=dismiss}]
Session ID: d9711cf3-bbdf-4052-97a5-bbfaa5639286
	at sun.reflect.GeneratedConstructorAccessor9.newInstance(Unknown Source)
	at sun.reflect.DelegatingConstructorAccessorImpl.newInstance(DelegatingConstructorAccessorImpl.java:45)
	at java.lang.reflect.Constructor.newInstance(Constructor.java:423)
	at org.openqa.selenium.remote.ErrorHandler.createThrowable(ErrorHandler.java:206)
	at org.openqa.selenium.remote.ErrorHandler.throwIfResponseFailed(ErrorHandler.java:158)
	at org.openqa.selenium.remote.RemoteWebDriver.execute(RemoteWebDriver.java:678)
	at com.qmetry.qaf.automation.ui.webdriver.QAFExtendedWebDriver.execute(QAFExtendedWebDriver.java:234)
	at org.openqa.selenium.remote.RemoteWebDriver.execute(RemoteWebDriver.java:701)
	at com.qmetry.qaf.automation.ui.webdriver.QAFExtendedWebDriver.execute(QAFExtendedWebDriver.java:222)
	at com.qmetry.qaf.automation.ui.webdriver.QAFExtendedWebDriver.getScreenshotAs(QAFExtendedWebDriver.java:269)
	at com.qmetry.qaf.automation.ui.webdriver.QAFExtendedWebDriver.takeScreenShot(QAFExtendedWebDriver.java:460)
	at com.qmetry.qaf.automation.core.QAFTestBase.takeScreenShot(QAFTestBase.java:278)
	at com.qmetry.qaf.automation.core.QAFTestBase.addAssertionLog(QAFTestBase.java:320)
	at com.qmetry.qaf.automation.ui.WebDriverCommandLogger.addMessage(WebDriverCommandLogger.java:192)
	at com.qmetry.qaf.automation.ui.webdriver.QAFExtendedWebElement.report(QAFExtendedWebElement.java:1140)
	at com.qmetry.qaf.automation.ui.webdriver.QAFExtendedWebElement.ensurePresent(QAFExtendedWebElement.java:622)
	at com.qmetry.qaf.automation.ui.webdriver.QAFExtendedWebElement.verifyPresent(QAFExtendedWebElement.java:630)
	at com.timesofindia.pages.HomePage.verifyEntertainmentSectionOnPage(HomePage.java:113)
	at com.timesofindia.defs.HomePageDefs.verifyEntertainmentSection_aroundBody4(HomePageDefs.java:29)
	at com.timesofindia.defs.HomePageDefs$AjcClosure5.run(HomePageDefs.java:1)
	at org.aspectj.runtime.reflect.JoinPointImpl.proceed(JoinPointImpl.java:149)
	at com.qmetry.qaf.automation.step.JavaStepReporter$MockJavaStep.doExecute(JavaStepReporter.java:138)
	at com.qmetry.qaf.automation.step.BaseTestStep.execute(BaseTestStep.java:149)
	at com.qmetry.qaf.automation.step.JavaStepReporter.javaTestStep(JavaStepReporter.java:88)
	at com.timesofindia.defs.HomePageDefs.verifyEntertainmentSection(HomePageDefs.java:26)
	at com.timesofindia.tests.ToiTest.toiPageVerificationEntertainment(ToiTest.java:38)
	at sun.reflect.NativeMethodAccessorImpl.invoke0(Native Method)
	at sun.reflect.NativeMethodAccessorImpl.invoke(NativeMethodAccessorImpl.java:62)
	at sun.reflect.DelegatingMethodAccessorImpl.invoke(DelegatingMethodAccessorImpl.java:43)
	at java.lang.reflect.Method.invoke(Method.java:498)
	at org.testng.internal.MethodInvocationHelper.invokeMethod(MethodInvocationHelper.java:86)
	at org.testng.internal.Invoker.invokeMethod(Invoker.java:643)
	at org.testng.internal.Invoker.invokeTestMethod(Invoker.java:820)
	at org.testng.internal.Invoker.invokeTestMethods(Invoker.java:1128)
	at org.testng.internal.TestMethodWorker.invokeTestMethods(TestMethodWorker.java:129)
	at org.testng.internal.TestMethodWorker.run(TestMethodWorker.java:112)
	at org.testng.TestRunner.privateRun(TestRunner.java:805)
	at org.testng.TestRunner.run(TestRunner.java:655)
	at org.testng.SuiteRunner.runTest(SuiteRunner.java:366)
	at org.testng.SuiteRunner.runSequentially(SuiteRunner.java:361)
	at org.testng.SuiteRunner.privateRun(SuiteRunner.java:319)
	at org.testng.SuiteRunner.run(SuiteRunner.java:268)
	at org.testng.SuiteRunnerWorker.runSuite(SuiteRunnerWorker.java:52)
	at org.testng.SuiteRunnerWorker.run(SuiteRunnerWorker.java:86)
	at org.testng.TestNG.runSuitesSequentially(TestNG.java:1244)
	at org.testng.TestNG.runSuitesLocally(TestNG.java:1169)
	at org.testng.TestNG.run(TestNG.java:1064)
	at org.apache.maven.surefire.testng.TestNGExecutor.run(TestNGExecutor.java:122)
	at org.apache.maven.surefire.testng.TestNGXmlTestSuite.execute(TestNGXmlTestSuite.java:92)
	at org.apache.maven.surefire.testng.TestNGProvider.invoke(TestNGProvider.java:101)
	at sun.reflect.NativeMethodAccessorImpl.invoke0(Native Method)
	at sun.reflect.NativeMethodAccessorImpl.invoke(NativeMethodAccessorImpl.java:62)
	at sun.reflect.DelegatingMethodAccessorImpl.invoke(DelegatingMethodAccessorImpl.java:43)
	at java.lang.reflect.Method.invoke(Method.java:498)
	at org.apache.maven.surefire.util.ReflectionUtils.invokeMethodWithArray(ReflectionUtils.java:164)
	at org.apache.maven.surefire.booter.ProviderFactory$ProviderProxy.invoke(ProviderFactory.java:110)
	at org.apache.maven.surefire.booter.SurefireStarter.invokeProvider(SurefireStarter.java:172)
	at org.apache.maven.surefire.booter.SurefireStarter.runSuitesInProcessWhenForked(SurefireStarter.java:104)
	at org.apache.maven.surefire.booter.ForkedBooter.main(ForkedBooter.java:70)
org.openqa.selenium.NoSuchWindowException: Unable to get browser (WARNING: The server did not provide any stacktrace information)
Command duration or timeout: 24 milliseconds
Build info: version: &apos;2.53.0&apos;, revision: &apos;35ae25b1534ae328c771e0856c93e187490ca824&apos;, time: &apos;2016-03-15 10:43:46&apos;
System info: host: &apos;icpl12186&apos;, ip: &apos;192.168.56.1&apos;, os.name: &apos;Windows 8.1&apos;, os.arch: &apos;amd64&apos;, os.version: &apos;6.3&apos;, java.version: &apos;1.8.0_111&apos;
Driver info: com.qmetry.qaf.automation.ui.webdriver.QAFExtendedWebDriver
Capabilities [{browserAttachTimeout=0, enablePersistentHover=true, ie.forceCreateProcessApi=false, pageLoadStrategy=normal, ie.usePerProcessProxy=false, ignoreZoomSetting=false, handlesAlerts=true, version=11, platform=WINDOWS, nativeEvents=true, ie.ensureCleanSession=false, elementScrollBehavior=0, ie.browserCommandLineSwitches=, requireWindowFocus=false, browserName=internet explorer, initialBrowserUrl=http://localhost:33764/, takesScreenshot=true, javascriptEnabled=true, ignoreProtectedModeSettings=false, enableElementCacheCleanup=true, cssSelectorsEnabled=true, unexpectedAlertBehaviour=dismiss}]
Session ID: d9711cf3-bbdf-4052-97a5-bbfaa5639286
	at sun.reflect.GeneratedConstructorAccessor9.newInstance(Unknown Source)
	at sun.reflect.DelegatingConstructorAccessorImpl.newInstance(DelegatingConstructorAccessorImpl.java:45)
	at java.lang.reflect.Constructor.newInstance(Constructor.java:423)
	at org.openqa.selenium.remote.ErrorHandler.createThrowable(ErrorHandler.java:206)
	at org.openqa.selenium.remote.ErrorHandler.throwIfResponseFailed(ErrorHandler.java:158)
	at org.openqa.selenium.remote.RemoteWebDriver.execute(RemoteWebDriver.java:678)
	at com.qmetry.qaf.automation.ui.webdriver.QAFExtendedWebDriver.execute(QAFExtendedWebDriver.java:234)
	at org.openqa.selenium.remote.RemoteWebDriver.execute(RemoteWebDriver.java:701)
	at com.qmetry.qaf.automation.ui.webdriver.QAFExtendedWebDriver.execute(QAFExtendedWebDriver.java:222)
	at com.qmetry.qaf.automation.ui.webdriver.QAFExtendedWebDriver.getScreenshotAs(QAFExtendedWebDriver.java:269)
	at com.qmetry.qaf.automation.ui.webdriver.QAFExtendedWebDriver.takeScreenShot(QAFExtendedWebDriver.java:460)
	at com.qmetry.qaf.automation.core.QAFTestBase.takeScreenShot(QAFTestBase.java:278)
	at com.qmetry.qaf.automation.testng.pro.QAFTestNGListener.processResult(QAFTestNGListener.java:280)
	at com.qmetry.qaf.automation.testng.pro.QAFTestNGListener.afterInvocation(QAFTestNGListener.java:211)
	at com.qmetry.qaf.automation.testng.pro.QAFTestNGListener2.afterInvocation(QAFTestNGListener2.java:158)
	at org.testng.internal.invokers.InvokedMethodListenerInvoker$InvokeAfterInvocationWithContextStrategy.callMethod(InvokedMethodListenerInvoker.java:108)
	at org.testng.internal.invokers.InvokedMethodListenerInvoker$InvokeAfterInvocationWithContextStrategy.callMethod(InvokedMethodListenerInvoker.java:104)
	at org.testng.internal.invokers.InvokedMethodListenerInvoker.invokeListener(InvokedMethodListenerInvoker.java:62)
	at org.testng.internal.Invoker.runInvokedMethodListeners(Invoker.java:556)
	at org.testng.internal.Invoker.invokeMethod(Invoker.java:699)
	at org.testng.internal.Invoker.invokeTestMethod(Invoker.java:820)
	at org.testng.internal.Invoker.invokeTestMethods(Invoker.java:1128)
	at org.testng.internal.TestMethodWorker.invokeTestMethods(TestMethodWorker.java:129)
	at org.testng.internal.TestMethodWorker.run(TestMethodWorker.java:112)
	at org.testng.TestRunner.privateRun(TestRunner.java:805)
	at org.testng.TestRunner.run(TestRunner.java:655)
	at org.testng.SuiteRunner.runTest(SuiteRunner.java:366)
	at org.testng.SuiteRunner.runSequentially(SuiteRunner.java:361)
	at org.testng.SuiteRunner.privateRun(SuiteRunner.java:319)
	at org.testng.SuiteRunner.run(SuiteRunner.java:268)
	at org.testng.SuiteRunnerWorker.runSuite(SuiteRunnerWorker.java:52)
	at org.testng.SuiteRunnerWorker.run(SuiteRunnerWorker.java:86)
	at org.testng.TestNG.runSuitesSequentially(TestNG.java:1244)
	at org.testng.TestNG.runSuitesLocally(TestNG.java:1169)
	at org.testng.TestNG.run(TestNG.java:1064)
	at org.apache.maven.surefire.testng.TestNGExecutor.run(TestNGExecutor.java:122)
	at org.apache.maven.surefire.testng.TestNGXmlTestSuite.execute(TestNGXmlTestSuite.java:92)
	at org.apache.maven.surefire.testng.TestNGProvider.invoke(TestNGProvider.java:101)
	at sun.reflect.NativeMethodAccessorImpl.invoke0(Native Method)
	at sun.reflect.NativeMethodAccessorImpl.invoke(NativeMethodAccessorImpl.java:62)
	at sun.reflect.DelegatingMethodAccessorImpl.invoke(DelegatingMethodAccessorImpl.java:43)
	at java.lang.reflect.Method.invoke(Method.java:498)
	at org.apache.maven.surefire.util.ReflectionUtils.invokeMethodWithArray(ReflectionUtils.java:164)
	at org.apache.maven.surefire.booter.ProviderFactory$ProviderProxy.invoke(ProviderFactory.java:110)
	at org.apache.maven.surefire.booter.SurefireStarter.invokeProvider(SurefireStarter.java:172)
	at org.apache.maven.surefire.booter.SurefireStarter.runSuitesInProcessWhenForked(SurefireStarter.java:104)
	at org.apache.maven.surefire.booter.ForkedBooter.main(ForkedBooter.java:70)
</system-err>
  </testcase>
</testsuite>