<?xml version="1.0" encoding="UTF-8"?>
<!-- Generated by org.testng.reporters.JUnitReportReporter -->
<testsuite hostname="icpl12186" name="com.timesofindia.tests.ToiTest" tests="2" failures="0" timestamp="21 Jun 2017 06:48:51 GMT" time="31.506" errors="0">
  <testcase name="toiPageVerificationEntertainment" time="19.724" classname="com.timesofindia.tests.ToiTest"/>
  <testcase name="toiPageVerification" time="11.782" classname="com.timesofindia.tests.ToiTest"/>
</testsuite> <!-- com.timesofindia.tests.ToiTest -->
