<?xml version="1.0" encoding="UTF-8"?>
<!-- Generated by org.testng.reporters.JUnitReportReporter -->
<testsuite hostname="icpl12186" name="com.timesofindia.tests.ToiTest" tests="2" failures="0" timestamp="21 Jun 2017 09:02:32 GMT" time="547.035" errors="0">
  <testcase name="toiPageVerification" time="426.834" classname="com.timesofindia.tests.ToiTest"/>
  <testcase name="toiPageVerificationEntertainment" time="120.201" classname="com.timesofindia.tests.ToiTest"/>
</testsuite> <!-- com.timesofindia.tests.ToiTest -->
