<?xml version="1.0" encoding="UTF-8"?>
<!-- Generated by org.testng.reporters.JUnitReportReporter -->
<testsuite hostname="icpl12186" name="com.pages.runner.RunnerClass" tests="1" failures="0" timestamp="8 Jun 2017 11:10:08 GMT" time="20.771" errors="0">
  <testcase name="toiPageVerification" time="20.771" classname="com.pages.runner.RunnerClass"/>
</testsuite> <!-- com.pages.runner.RunnerClass -->
