<?xml version="1.0" encoding="UTF-8"?>
<!-- Generated by org.testng.reporters.JUnitReportReporter -->
<testsuite hostname="icpl12186" name="com.timesofindia.tests.ToiTest" tests="1" failures="0" timestamp="20 Jun 2017 06:37:14 GMT" time="14.831" errors="0">
  <testcase name="toiPageVerificationEntertainment" time="14.831" classname="com.timesofindia.tests.ToiTest"/>
</testsuite> <!-- com.timesofindia.tests.ToiTest -->
