<?xml version="1.0" encoding="UTF-8"?>
<!-- Generated by org.testng.reporters.JUnitReportReporter -->
<testsuite hostname="icpl12186" name="com.pages.runner.RunnerClass" tests="1" failures="0" timestamp="8 Jun 2017 12:11:04 GMT" time="39.060" errors="0">
  <testcase name="toiPageVerification" time="39.060" classname="com.pages.runner.RunnerClass"/>
</testsuite> <!-- com.pages.runner.RunnerClass -->
