<?xml version="1.0" encoding="UTF-8"?>
<!-- Generated by org.testng.reporters.JUnitReportReporter -->
<testsuite hostname="icpl12186" name="com.timesofindia.tests.ToiTest" tests="1" failures="0" timestamp="9 Jun 2017 06:33:15 GMT" time="123.465" errors="1">
  <testcase name="toiPageVerification" time="123.465" classname="com.timesofindia.tests.ToiTest"/>
</testsuite> <!-- com.timesofindia.tests.ToiTest -->
