<?xml version="1.0" encoding="UTF-8"?>
<!-- Generated by org.testng.reporters.JUnitReportReporter -->
<testsuite hostname="icpl12186" name="com.timesofindia.tests.ToiTest" tests="1" failures="0" timestamp="16 Jun 2017 09:08:09 GMT" time="23.564" errors="0">
  <testcase name="toiPageVerificationEntertainment" time="23.564" classname="com.timesofindia.tests.ToiTest"/>
</testsuite> <!-- com.timesofindia.tests.ToiTest -->
